[0.083s] Invoking command in '/home/thxssio/Codes/RobotROS/build/imu': CMAKE_PREFIX_PATH=${CMAKE_PREFIX_PATH}:/opt/ros/humble /usr/bin/cmake /home/thxssio/Codes/RobotROS/src/imu -DCMAKE_INSTALL_PREFIX=/home/thxssio/Codes/RobotROS/install/imu
[0.334s] -- The C compiler identification is GNU 11.3.0
[0.585s] -- The CXX compiler identification is GNU 11.3.0
[0.613s] -- Detecting C compiler ABI info
[0.911s] -- Detecting C compiler ABI info - done
[0.936s] -- Check for working C compiler: /usr/bin/cc - skipped
[0.937s] -- Detecting C compile features
[0.938s] -- Detecting C compile features - done
[0.950s] -- Detecting CXX compiler ABI info
[1.284s] -- Detecting CXX compiler ABI info - done
[1.310s] -- Check for working CXX compiler: /usr/bin/c++ - skipped
[1.312s] -- Detecting CXX compile features
[1.315s] -- Detecting CXX compile features - done
[1.339s] -- Found ament_cmake: 1.3.4 (/opt/ros/humble/share/ament_cmake/cmake)
[2.241s] -- Found Python3: /usr/bin/python3.10 (found version "3.10.6") found components: Interpreter 
[2.800s] -- Found rclcpp: 16.0.4 (/opt/ros/humble/share/rclcpp/cmake)
[3.152s] -- Found rosidl_generator_c: 3.1.4 (/opt/ros/humble/share/rosidl_generator_c/cmake)
[3.196s] -- Found rosidl_adapter: 3.1.4 (/opt/ros/humble/share/rosidl_adapter/cmake)
[3.254s] -- Found rosidl_generator_cpp: 3.1.4 (/opt/ros/humble/share/rosidl_generator_cpp/cmake)
[3.332s] -- Using all available rosidl_typesupport_c: rosidl_typesupport_fastrtps_c;rosidl_typesupport_introspection_c
[3.445s] -- Using all available rosidl_typesupport_cpp: rosidl_typesupport_fastrtps_cpp;rosidl_typesupport_introspection_cpp
[3.846s] -- Found rmw_implementation_cmake: 6.1.1 (/opt/ros/humble/share/rmw_implementation_cmake/cmake)
[3.870s] -- Found rmw_fastrtps_cpp: 6.2.2 (/opt/ros/humble/share/rmw_fastrtps_cpp/cmake)
[4.470s] -- Found OpenSSL: /usr/lib/aarch64-linux-gnu/libcrypto.so (found version "3.0.2")  
[4.690s] -- Found FastRTPS: /opt/ros/humble/include  
[5.072s] -- Using RMW implementation 'rmw_fastrtps_cpp' as default
[5.153s] -- Looking for pthread.h
[5.500s] -- Looking for pthread.h - found
[5.503s] -- Performing Test CMAKE_HAVE_LIBC_PTHREAD
[5.809s] -- Performing Test CMAKE_HAVE_LIBC_PTHREAD - Success
[5.814s] -- Found Threads: TRUE  
[6.473s] -- Found sensor_msgs: 4.2.3 (/opt/ros/humble/share/sensor_msgs/cmake)
[7.232s] -- Configuring done
[7.286s] -- Generating done
[7.292s] -- Build files have been written to: /home/thxssio/Codes/RobotROS/build/imu
[7.325s] Invoked command in '/home/thxssio/Codes/RobotROS/build/imu' returned '0': CMAKE_PREFIX_PATH=${CMAKE_PREFIX_PATH}:/opt/ros/humble /usr/bin/cmake /home/thxssio/Codes/RobotROS/src/imu -DCMAKE_INSTALL_PREFIX=/home/thxssio/Codes/RobotROS/install/imu
[7.334s] Invoking command in '/home/thxssio/Codes/RobotROS/build/imu': CMAKE_PREFIX_PATH=${CMAKE_PREFIX_PATH}:/opt/ros/humble /usr/bin/cmake --build /home/thxssio/Codes/RobotROS/build/imu -- -j4 -l4
[7.530s] [ 33%] [32mBuilding CXX object CMakeFiles/imu.dir/src/mpu6050driver.cpp.o[0m
[7.532s] [ 66%] [32mBuilding CXX object CMakeFiles/imu.dir/src/mpu6050sensor.cpp.o[0m
[24.725s] [100%] [32m[1mLinking CXX executable imu[0m
[25.667s] [100%] Built target imu
[25.703s] Invoked command in '/home/thxssio/Codes/RobotROS/build/imu' returned '0': CMAKE_PREFIX_PATH=${CMAKE_PREFIX_PATH}:/opt/ros/humble /usr/bin/cmake --build /home/thxssio/Codes/RobotROS/build/imu -- -j4 -l4
[25.883s] Invoking command in '/home/thxssio/Codes/RobotROS/build/imu': CMAKE_PREFIX_PATH=${CMAKE_PREFIX_PATH}:/opt/ros/humble /usr/bin/cmake --install /home/thxssio/Codes/RobotROS/build/imu
[25.911s] -- Install configuration: ""
[25.911s] -- Installing: /home/thxssio/Codes/RobotROS/install/imu/lib/imu/imu
[25.921s] -- Set runtime path of "/home/thxssio/Codes/RobotROS/install/imu/lib/imu/imu" to ""
[25.922s] -- Installing: /home/thxssio/Codes/RobotROS/install/imu/share/imu//launch
[25.922s] -- Installing: /home/thxssio/Codes/RobotROS/install/imu/share/imu//launch/imu_launch.py
[25.923s] -- Installing: /home/thxssio/Codes/RobotROS/install/imu/share/imu//params
[25.923s] -- Installing: /home/thxssio/Codes/RobotROS/install/imu/share/imu//params/mpu6050.yaml
[25.925s] -- Installing: /home/thxssio/Codes/RobotROS/install/imu/share/ament_index/resource_index/package_run_dependencies/imu
[25.926s] -- Installing: /home/thxssio/Codes/RobotROS/install/imu/share/ament_index/resource_index/parent_prefix_path/imu
[25.928s] -- Installing: /home/thxssio/Codes/RobotROS/install/imu/share/imu/environment/ament_prefix_path.sh
[25.929s] -- Installing: /home/thxssio/Codes/RobotROS/install/imu/share/imu/environment/ament_prefix_path.dsv
[25.930s] -- Installing: /home/thxssio/Codes/RobotROS/install/imu/share/imu/environment/path.sh
[25.931s] -- Installing: /home/thxssio/Codes/RobotROS/install/imu/share/imu/environment/path.dsv
[25.932s] -- Installing: /home/thxssio/Codes/RobotROS/install/imu/share/imu/local_setup.bash
[25.933s] -- Installing: /home/thxssio/Codes/RobotROS/install/imu/share/imu/local_setup.sh
[25.934s] -- Installing: /home/thxssio/Codes/RobotROS/install/imu/share/imu/local_setup.zsh
[25.935s] -- Installing: /home/thxssio/Codes/RobotROS/install/imu/share/imu/local_setup.dsv
[25.936s] -- Installing: /home/thxssio/Codes/RobotROS/install/imu/share/imu/package.dsv
[25.937s] -- Installing: /home/thxssio/Codes/RobotROS/install/imu/share/ament_index/resource_index/packages/imu
[25.938s] -- Installing: /home/thxssio/Codes/RobotROS/install/imu/share/imu/cmake/imuConfig.cmake
[25.939s] -- Installing: /home/thxssio/Codes/RobotROS/install/imu/share/imu/cmake/imuConfig-version.cmake
[25.940s] -- Installing: /home/thxssio/Codes/RobotROS/install/imu/share/imu/package.xml
[25.953s] Invoked command in '/home/thxssio/Codes/RobotROS/build/imu' returned '0': CMAKE_PREFIX_PATH=${CMAKE_PREFIX_PATH}:/opt/ros/humble /usr/bin/cmake --install /home/thxssio/Codes/RobotROS/build/imu
