[0.059s] Invoking command in '/home/thxssio/Codes/RobotROS/build/imu': CMAKE_PREFIX_PATH=/opt/ros/humble /usr/bin/cmake --build /home/thxssio/Codes/RobotROS/build/imu -- -j4 -l4
[0.279s] [100%] Built target imu
[0.317s] Invoked command in '/home/thxssio/Codes/RobotROS/build/imu' returned '0': CMAKE_PREFIX_PATH=/opt/ros/humble /usr/bin/cmake --build /home/thxssio/Codes/RobotROS/build/imu -- -j4 -l4
[0.490s] Invoking command in '/home/thxssio/Codes/RobotROS/build/imu': CMAKE_PREFIX_PATH=/opt/ros/humble /usr/bin/cmake --install /home/thxssio/Codes/RobotROS/build/imu
[0.516s] -- Install configuration: ""
[0.517s] -- Up-to-date: /home/thxssio/Codes/RobotROS/install/imu/lib/imu/imu
[0.518s] -- Up-to-date: /home/thxssio/Codes/RobotROS/install/imu/share/imu//launch
[0.518s] -- Up-to-date: /home/thxssio/Codes/RobotROS/install/imu/share/imu//launch/mpu6050driver_launch.py
[0.519s] -- Up-to-date: /home/thxssio/Codes/RobotROS/install/imu/share/imu//params
[0.519s] -- Up-to-date: /home/thxssio/Codes/RobotROS/install/imu/share/imu//params/mpu6050.yaml
[0.520s] -- Up-to-date: /home/thxssio/Codes/RobotROS/install/imu/share/ament_index/resource_index/package_run_dependencies/imu
[0.520s] -- Up-to-date: /home/thxssio/Codes/RobotROS/install/imu/share/ament_index/resource_index/parent_prefix_path/imu
[0.521s] -- Up-to-date: /home/thxssio/Codes/RobotROS/install/imu/share/imu/environment/ament_prefix_path.sh
[0.521s] -- Up-to-date: /home/thxssio/Codes/RobotROS/install/imu/share/imu/environment/ament_prefix_path.dsv
[0.521s] -- Up-to-date: /home/thxssio/Codes/RobotROS/install/imu/share/imu/environment/path.sh
[0.522s] -- Up-to-date: /home/thxssio/Codes/RobotROS/install/imu/share/imu/environment/path.dsv
[0.522s] -- Up-to-date: /home/thxssio/Codes/RobotROS/install/imu/share/imu/local_setup.bash
[0.522s] -- Up-to-date: /home/thxssio/Codes/RobotROS/install/imu/share/imu/local_setup.sh
[0.523s] -- Up-to-date: /home/thxssio/Codes/RobotROS/install/imu/share/imu/local_setup.zsh
[0.523s] -- Up-to-date: /home/thxssio/Codes/RobotROS/install/imu/share/imu/local_setup.dsv
[0.524s] -- Installing: /home/thxssio/Codes/RobotROS/install/imu/share/imu/package.dsv
[0.524s] -- Up-to-date: /home/thxssio/Codes/RobotROS/install/imu/share/ament_index/resource_index/packages/imu
[0.525s] -- Up-to-date: /home/thxssio/Codes/RobotROS/install/imu/share/imu/cmake/imuConfig.cmake
[0.525s] -- Up-to-date: /home/thxssio/Codes/RobotROS/install/imu/share/imu/cmake/imuConfig-version.cmake
[0.526s] -- Up-to-date: /home/thxssio/Codes/RobotROS/install/imu/share/imu/package.xml
[0.532s] Invoked command in '/home/thxssio/Codes/RobotROS/build/imu' returned '0': CMAKE_PREFIX_PATH=/opt/ros/humble /usr/bin/cmake --install /home/thxssio/Codes/RobotROS/build/imu
