[4.026s] Invoking command in '/home/thxssio/Codes/RobotROS/src/imu_python': PYTHONPATH=/home/thxssio/Codes/RobotROS/build/imu_python/prefix_override:/home/thxssio/Codes/RobotROS/install/imu_python/lib/python3.10/site-packages:${PYTHONPATH} /usr/bin/python3 setup.py egg_info --egg-base ../../build/imu_python build --build-base /home/thxssio/Codes/RobotROS/build/imu_python/build install --record /home/thxssio/Codes/RobotROS/build/imu_python/install.log --single-version-externally-managed
[5.186s] running egg_info
[5.189s] creating ../../build/imu_python/imu_python.egg-info
[5.190s] writing ../../build/imu_python/imu_python.egg-info/PKG-INFO
[5.191s] writing dependency_links to ../../build/imu_python/imu_python.egg-info/dependency_links.txt
[5.192s] writing entry points to ../../build/imu_python/imu_python.egg-info/entry_points.txt
[5.193s] writing requirements to ../../build/imu_python/imu_python.egg-info/requires.txt
[5.193s] writing top-level names to ../../build/imu_python/imu_python.egg-info/top_level.txt
[5.195s] writing manifest file '../../build/imu_python/imu_python.egg-info/SOURCES.txt'
[5.203s] reading manifest file '../../build/imu_python/imu_python.egg-info/SOURCES.txt'
[5.206s] writing manifest file '../../build/imu_python/imu_python.egg-info/SOURCES.txt'
[5.207s] running build
[5.208s] running build_py
[5.208s] creating /home/thxssio/Codes/RobotROS/build/imu_python/build
[5.209s] creating /home/thxssio/Codes/RobotROS/build/imu_python/build/lib
[5.210s] creating /home/thxssio/Codes/RobotROS/build/imu_python/build/lib/imu_python
[5.210s] copying imu_python/__init__.py -> /home/thxssio/Codes/RobotROS/build/imu_python/build/lib/imu_python
[5.213s] copying imu_python/registers.py -> /home/thxssio/Codes/RobotROS/build/imu_python/build/lib/imu_python
[5.214s] copying imu_python/imu_node.py -> /home/thxssio/Codes/RobotROS/build/imu_python/build/lib/imu_python
[5.214s] running install
[5.217s] /usr/lib/python3/dist-packages/setuptools/command/install.py:34: SetuptoolsDeprecationWarning: setup.py install is deprecated. Use build and pip and other standards-based tools.
[5.217s]   warnings.warn(
[5.218s] running install_lib
[5.220s] creating /home/thxssio/Codes/RobotROS/install/imu_python/lib/python3.10/site-packages/imu_python
[5.221s] copying /home/thxssio/Codes/RobotROS/build/imu_python/build/lib/imu_python/__init__.py -> /home/thxssio/Codes/RobotROS/install/imu_python/lib/python3.10/site-packages/imu_python
[5.221s] copying /home/thxssio/Codes/RobotROS/build/imu_python/build/lib/imu_python/registers.py -> /home/thxssio/Codes/RobotROS/install/imu_python/lib/python3.10/site-packages/imu_python
[5.222s] copying /home/thxssio/Codes/RobotROS/build/imu_python/build/lib/imu_python/imu_node.py -> /home/thxssio/Codes/RobotROS/install/imu_python/lib/python3.10/site-packages/imu_python
[5.225s] byte-compiling /home/thxssio/Codes/RobotROS/install/imu_python/lib/python3.10/site-packages/imu_python/__init__.py to __init__.cpython-310.pyc
[5.226s] byte-compiling /home/thxssio/Codes/RobotROS/install/imu_python/lib/python3.10/site-packages/imu_python/registers.py to registers.cpython-310.pyc
[5.227s] byte-compiling /home/thxssio/Codes/RobotROS/install/imu_python/lib/python3.10/site-packages/imu_python/imu_node.py to imu_node.cpython-310.pyc
[5.230s] running install_data
[5.233s] creating /home/thxssio/Codes/RobotROS/install/imu_python/share
[5.234s] creating /home/thxssio/Codes/RobotROS/install/imu_python/share/ament_index
[5.234s] creating /home/thxssio/Codes/RobotROS/install/imu_python/share/ament_index/resource_index
[5.235s] creating /home/thxssio/Codes/RobotROS/install/imu_python/share/ament_index/resource_index/packages
[5.236s] copying resource/imu_python -> /home/thxssio/Codes/RobotROS/install/imu_python/share/ament_index/resource_index/packages
[5.236s] creating /home/thxssio/Codes/RobotROS/install/imu_python/share/imu_python
[5.237s] copying package.xml -> /home/thxssio/Codes/RobotROS/install/imu_python/share/imu_python
[5.238s] running install_egg_info
[5.244s] Copying ../../build/imu_python/imu_python.egg-info to /home/thxssio/Codes/RobotROS/install/imu_python/lib/python3.10/site-packages/imu_python-0.0.0-py3.10.egg-info
[5.251s] running install_scripts
[5.338s] Installing imu_node script to /home/thxssio/Codes/RobotROS/install/imu_python/lib/imu_python
[5.340s] writing list of installed files to '/home/thxssio/Codes/RobotROS/build/imu_python/install.log'
[5.472s] Invoked command in '/home/thxssio/Codes/RobotROS/src/imu_python' returned '0': PYTHONPATH=/home/thxssio/Codes/RobotROS/build/imu_python/prefix_override:/home/thxssio/Codes/RobotROS/install/imu_python/lib/python3.10/site-packages:${PYTHONPATH} /usr/bin/python3 setup.py egg_info --egg-base ../../build/imu_python build --build-base /home/thxssio/Codes/RobotROS/build/imu_python/build install --record /home/thxssio/Codes/RobotROS/build/imu_python/install.log --single-version-externally-managed
