[1.408s] DEBUG:colcon:Command line arguments: ['/usr/bin/colcon', 'build']
[1.408s] DEBUG:colcon:Parsed command line arguments: Namespace(log_base=None, log_level=None, verb_name='build', build_base='build', install_base='install', merge_install=False, symlink_install=False, test_result_base=None, continue_on_error=False, executor='parallel', parallel_workers=4, event_handlers=None, ignore_user_meta=False, metas=['./colcon.meta'], base_paths=['.'], packages_ignore=None, packages_ignore_regex=None, paths=None, packages_up_to=None, packages_up_to_regex=None, packages_above=None, packages_above_and_dependencies=None, packages_above_depth=None, packages_select_by_dep=None, packages_skip_by_dep=None, packages_skip_up_to=None, packages_select_build_failed=False, packages_skip_build_finished=False, packages_select_test_failures=False, packages_skip_test_passed=False, packages_select=None, packages_skip=None, packages_select_regex=None, packages_skip_regex=None, packages_start=None, packages_end=None, allow_overriding=[], cmake_args=None, cmake_target=None, cmake_target_skip_unavailable=False, cmake_clean_cache=False, cmake_clean_first=False, cmake_force_configure=False, ament_cmake_args=None, catkin_cmake_args=None, catkin_skip_building_tests=False, verb_parser=<colcon_defaults.argument_parser.defaults.DefaultArgumentsDecorator object at 0xffffa0b90fd0>, verb_extension=<colcon_core.verb.build.BuildVerb object at 0xffffa138b010>, main=<bound method BuildVerb.main of <colcon_core.verb.build.BuildVerb object at 0xffffa138b010>>)
[1.538s] Level 1:colcon.colcon_core.package_discovery:discover_packages(colcon_meta) check parameters
[1.538s] Level 1:colcon.colcon_core.package_discovery:discover_packages(recursive) check parameters
[1.539s] Level 1:colcon.colcon_core.package_discovery:discover_packages(ignore) check parameters
[1.539s] Level 1:colcon.colcon_core.package_discovery:discover_packages(path) check parameters
[1.539s] Level 1:colcon.colcon_core.package_discovery:discover_packages(colcon_meta) discover
[1.539s] Level 1:colcon.colcon_core.package_discovery:discover_packages(recursive) discover
[1.539s] INFO:colcon.colcon_core.package_discovery:Crawling recursively for packages in '/home/thxssio/Codes/RobotROS'
[1.540s] Level 1:colcon.colcon_core.package_identification:_identify(.) by extensions ['ignore', 'ignore_ament_install']
[1.540s] Level 1:colcon.colcon_core.package_identification:_identify(.) by extension 'ignore'
[1.540s] Level 1:colcon.colcon_core.package_identification:_identify(.) by extension 'ignore_ament_install'
[1.541s] Level 1:colcon.colcon_core.package_identification:_identify(.) by extensions ['colcon_pkg']
[1.541s] Level 1:colcon.colcon_core.package_identification:_identify(.) by extension 'colcon_pkg'
[1.541s] Level 1:colcon.colcon_core.package_identification:_identify(.) by extensions ['colcon_meta']
[1.541s] Level 1:colcon.colcon_core.package_identification:_identify(.) by extension 'colcon_meta'
[1.541s] Level 1:colcon.colcon_core.package_identification:_identify(.) by extensions ['ros']
[1.541s] Level 1:colcon.colcon_core.package_identification:_identify(.) by extension 'ros'
[1.587s] Level 1:colcon.colcon_core.package_identification:_identify(.) by extensions ['cmake', 'python']
[1.588s] Level 1:colcon.colcon_core.package_identification:_identify(.) by extension 'cmake'
[1.588s] Level 1:colcon.colcon_core.package_identification:_identify(.) by extension 'python'
[1.588s] Level 1:colcon.colcon_core.package_identification:_identify(.) by extensions ['python_setup_py']
[1.588s] Level 1:colcon.colcon_core.package_identification:_identify(.) by extension 'python_setup_py'
[1.589s] Level 1:colcon.colcon_core.package_identification:_identify(build) by extensions ['ignore', 'ignore_ament_install']
[1.589s] Level 1:colcon.colcon_core.package_identification:_identify(build) by extension 'ignore'
[1.589s] Level 1:colcon.colcon_core.package_identification:_identify(build) ignored
[1.590s] Level 1:colcon.colcon_core.package_identification:_identify(cpp) by extensions ['ignore', 'ignore_ament_install']
[1.590s] Level 1:colcon.colcon_core.package_identification:_identify(cpp) by extension 'ignore'
[1.590s] Level 1:colcon.colcon_core.package_identification:_identify(cpp) by extension 'ignore_ament_install'
[1.591s] Level 1:colcon.colcon_core.package_identification:_identify(cpp) by extensions ['colcon_pkg']
[1.591s] Level 1:colcon.colcon_core.package_identification:_identify(cpp) by extension 'colcon_pkg'
[1.591s] Level 1:colcon.colcon_core.package_identification:_identify(cpp) by extensions ['colcon_meta']
[1.591s] Level 1:colcon.colcon_core.package_identification:_identify(cpp) by extension 'colcon_meta'
[1.591s] Level 1:colcon.colcon_core.package_identification:_identify(cpp) by extensions ['ros']
[1.591s] Level 1:colcon.colcon_core.package_identification:_identify(cpp) by extension 'ros'
[1.592s] Level 1:colcon.colcon_core.package_identification:_identify(cpp) by extensions ['cmake', 'python']
[1.592s] Level 1:colcon.colcon_core.package_identification:_identify(cpp) by extension 'cmake'
[1.592s] Level 1:colcon.colcon_core.package_identification:_identify(cpp) by extension 'python'
[1.592s] Level 1:colcon.colcon_core.package_identification:_identify(cpp) by extensions ['python_setup_py']
[1.592s] Level 1:colcon.colcon_core.package_identification:_identify(cpp) by extension 'python_setup_py'
[1.593s] Level 1:colcon.colcon_core.package_identification:_identify(cpp/MPU_6050) by extensions ['ignore', 'ignore_ament_install']
[1.593s] Level 1:colcon.colcon_core.package_identification:_identify(cpp/MPU_6050) by extension 'ignore'
[1.593s] Level 1:colcon.colcon_core.package_identification:_identify(cpp/MPU_6050) by extension 'ignore_ament_install'
[1.593s] Level 1:colcon.colcon_core.package_identification:_identify(cpp/MPU_6050) by extensions ['colcon_pkg']
[1.593s] Level 1:colcon.colcon_core.package_identification:_identify(cpp/MPU_6050) by extension 'colcon_pkg'
[1.593s] Level 1:colcon.colcon_core.package_identification:_identify(cpp/MPU_6050) by extensions ['colcon_meta']
[1.594s] Level 1:colcon.colcon_core.package_identification:_identify(cpp/MPU_6050) by extension 'colcon_meta'
[1.594s] Level 1:colcon.colcon_core.package_identification:_identify(cpp/MPU_6050) by extensions ['ros']
[1.594s] Level 1:colcon.colcon_core.package_identification:_identify(cpp/MPU_6050) by extension 'ros'
[1.594s] Level 1:colcon.colcon_core.package_identification:_identify(cpp/MPU_6050) by extensions ['cmake', 'python']
[1.594s] Level 1:colcon.colcon_core.package_identification:_identify(cpp/MPU_6050) by extension 'cmake'
[1.594s] Level 1:colcon.colcon_core.package_identification:_identify(cpp/MPU_6050) by extension 'python'
[1.595s] Level 1:colcon.colcon_core.package_identification:_identify(cpp/MPU_6050) by extensions ['python_setup_py']
[1.595s] Level 1:colcon.colcon_core.package_identification:_identify(cpp/MPU_6050) by extension 'python_setup_py'
[1.595s] Level 1:colcon.colcon_core.package_identification:_identify(cpp/WiringPi) by extensions ['ignore', 'ignore_ament_install']
[1.595s] Level 1:colcon.colcon_core.package_identification:_identify(cpp/WiringPi) by extension 'ignore'
[1.596s] Level 1:colcon.colcon_core.package_identification:_identify(cpp/WiringPi) by extension 'ignore_ament_install'
[1.596s] Level 1:colcon.colcon_core.package_identification:_identify(cpp/WiringPi) by extensions ['colcon_pkg']
[1.596s] Level 1:colcon.colcon_core.package_identification:_identify(cpp/WiringPi) by extension 'colcon_pkg'
[1.596s] Level 1:colcon.colcon_core.package_identification:_identify(cpp/WiringPi) by extensions ['colcon_meta']
[1.596s] Level 1:colcon.colcon_core.package_identification:_identify(cpp/WiringPi) by extension 'colcon_meta'
[1.596s] Level 1:colcon.colcon_core.package_identification:_identify(cpp/WiringPi) by extensions ['ros']
[1.596s] Level 1:colcon.colcon_core.package_identification:_identify(cpp/WiringPi) by extension 'ros'
[1.597s] Level 1:colcon.colcon_core.package_identification:_identify(cpp/WiringPi) by extensions ['cmake', 'python']
[1.597s] Level 1:colcon.colcon_core.package_identification:_identify(cpp/WiringPi) by extension 'cmake'
[1.597s] Level 1:colcon.colcon_core.package_identification:_identify(cpp/WiringPi) by extension 'python'
[1.597s] Level 1:colcon.colcon_core.package_identification:_identify(cpp/WiringPi) by extensions ['python_setup_py']
[1.597s] Level 1:colcon.colcon_core.package_identification:_identify(cpp/WiringPi) by extension 'python_setup_py'
[1.598s] Level 1:colcon.colcon_core.package_identification:_identify(install) by extensions ['ignore', 'ignore_ament_install']
[1.598s] Level 1:colcon.colcon_core.package_identification:_identify(install) by extension 'ignore'
[1.598s] Level 1:colcon.colcon_core.package_identification:_identify(install) ignored
[1.599s] Level 1:colcon.colcon_core.package_identification:_identify(log) by extensions ['ignore', 'ignore_ament_install']
[1.599s] Level 1:colcon.colcon_core.package_identification:_identify(log) by extension 'ignore'
[1.599s] Level 1:colcon.colcon_core.package_identification:_identify(log) ignored
[1.599s] Level 1:colcon.colcon_core.package_identification:_identify(python) by extensions ['ignore', 'ignore_ament_install']
[1.599s] Level 1:colcon.colcon_core.package_identification:_identify(python) by extension 'ignore'
[1.600s] Level 1:colcon.colcon_core.package_identification:_identify(python) by extension 'ignore_ament_install'
[1.600s] Level 1:colcon.colcon_core.package_identification:_identify(python) by extensions ['colcon_pkg']
[1.600s] Level 1:colcon.colcon_core.package_identification:_identify(python) by extension 'colcon_pkg'
[1.600s] Level 1:colcon.colcon_core.package_identification:_identify(python) by extensions ['colcon_meta']
[1.600s] Level 1:colcon.colcon_core.package_identification:_identify(python) by extension 'colcon_meta'
[1.600s] Level 1:colcon.colcon_core.package_identification:_identify(python) by extensions ['ros']
[1.600s] Level 1:colcon.colcon_core.package_identification:_identify(python) by extension 'ros'
[1.601s] Level 1:colcon.colcon_core.package_identification:_identify(python) by extensions ['cmake', 'python']
[1.601s] Level 1:colcon.colcon_core.package_identification:_identify(python) by extension 'cmake'
[1.601s] Level 1:colcon.colcon_core.package_identification:_identify(python) by extension 'python'
[1.601s] Level 1:colcon.colcon_core.package_identification:_identify(python) by extensions ['python_setup_py']
[1.601s] Level 1:colcon.colcon_core.package_identification:_identify(python) by extension 'python_setup_py'
[1.602s] Level 1:colcon.colcon_core.package_identification:_identify(python/MPU3DAnality) by extensions ['ignore', 'ignore_ament_install']
[1.602s] Level 1:colcon.colcon_core.package_identification:_identify(python/MPU3DAnality) by extension 'ignore'
[1.602s] Level 1:colcon.colcon_core.package_identification:_identify(python/MPU3DAnality) by extension 'ignore_ament_install'
[1.602s] Level 1:colcon.colcon_core.package_identification:_identify(python/MPU3DAnality) by extensions ['colcon_pkg']
[1.603s] Level 1:colcon.colcon_core.package_identification:_identify(python/MPU3DAnality) by extension 'colcon_pkg'
[1.603s] Level 1:colcon.colcon_core.package_identification:_identify(python/MPU3DAnality) by extensions ['colcon_meta']
[1.603s] Level 1:colcon.colcon_core.package_identification:_identify(python/MPU3DAnality) by extension 'colcon_meta'
[1.603s] Level 1:colcon.colcon_core.package_identification:_identify(python/MPU3DAnality) by extensions ['ros']
[1.603s] Level 1:colcon.colcon_core.package_identification:_identify(python/MPU3DAnality) by extension 'ros'
[1.603s] Level 1:colcon.colcon_core.package_identification:_identify(python/MPU3DAnality) by extensions ['cmake', 'python']
[1.604s] Level 1:colcon.colcon_core.package_identification:_identify(python/MPU3DAnality) by extension 'cmake'
[1.604s] Level 1:colcon.colcon_core.package_identification:_identify(python/MPU3DAnality) by extension 'python'
[1.604s] Level 1:colcon.colcon_core.package_identification:_identify(python/MPU3DAnality) by extensions ['python_setup_py']
[1.604s] Level 1:colcon.colcon_core.package_identification:_identify(python/MPU3DAnality) by extension 'python_setup_py'
[1.604s] Level 1:colcon.colcon_core.package_identification:_identify(python/MPU3DAnality/__pycache__) by extensions ['ignore', 'ignore_ament_install']
[1.605s] Level 1:colcon.colcon_core.package_identification:_identify(python/MPU3DAnality/__pycache__) by extension 'ignore'
[1.605s] Level 1:colcon.colcon_core.package_identification:_identify(python/MPU3DAnality/__pycache__) by extension 'ignore_ament_install'
[1.605s] Level 1:colcon.colcon_core.package_identification:_identify(python/MPU3DAnality/__pycache__) by extensions ['colcon_pkg']
[1.605s] Level 1:colcon.colcon_core.package_identification:_identify(python/MPU3DAnality/__pycache__) by extension 'colcon_pkg'
[1.605s] Level 1:colcon.colcon_core.package_identification:_identify(python/MPU3DAnality/__pycache__) by extensions ['colcon_meta']
[1.605s] Level 1:colcon.colcon_core.package_identification:_identify(python/MPU3DAnality/__pycache__) by extension 'colcon_meta'
[1.606s] Level 1:colcon.colcon_core.package_identification:_identify(python/MPU3DAnality/__pycache__) by extensions ['ros']
[1.606s] Level 1:colcon.colcon_core.package_identification:_identify(python/MPU3DAnality/__pycache__) by extension 'ros'
[1.606s] Level 1:colcon.colcon_core.package_identification:_identify(python/MPU3DAnality/__pycache__) by extensions ['cmake', 'python']
[1.606s] Level 1:colcon.colcon_core.package_identification:_identify(python/MPU3DAnality/__pycache__) by extension 'cmake'
[1.606s] Level 1:colcon.colcon_core.package_identification:_identify(python/MPU3DAnality/__pycache__) by extension 'python'
[1.607s] Level 1:colcon.colcon_core.package_identification:_identify(python/MPU3DAnality/__pycache__) by extensions ['python_setup_py']
[1.607s] Level 1:colcon.colcon_core.package_identification:_identify(python/MPU3DAnality/__pycache__) by extension 'python_setup_py'
[1.607s] Level 1:colcon.colcon_core.package_identification:_identify(python/MPU_6050) by extensions ['ignore', 'ignore_ament_install']
[1.607s] Level 1:colcon.colcon_core.package_identification:_identify(python/MPU_6050) by extension 'ignore'
[1.607s] Level 1:colcon.colcon_core.package_identification:_identify(python/MPU_6050) by extension 'ignore_ament_install'
[1.608s] Level 1:colcon.colcon_core.package_identification:_identify(python/MPU_6050) by extensions ['colcon_pkg']
[1.608s] Level 1:colcon.colcon_core.package_identification:_identify(python/MPU_6050) by extension 'colcon_pkg'
[1.608s] Level 1:colcon.colcon_core.package_identification:_identify(python/MPU_6050) by extensions ['colcon_meta']
[1.608s] Level 1:colcon.colcon_core.package_identification:_identify(python/MPU_6050) by extension 'colcon_meta'
[1.608s] Level 1:colcon.colcon_core.package_identification:_identify(python/MPU_6050) by extensions ['ros']
[1.608s] Level 1:colcon.colcon_core.package_identification:_identify(python/MPU_6050) by extension 'ros'
[1.609s] Level 1:colcon.colcon_core.package_identification:_identify(python/MPU_6050) by extensions ['cmake', 'python']
[1.609s] Level 1:colcon.colcon_core.package_identification:_identify(python/MPU_6050) by extension 'cmake'
[1.609s] Level 1:colcon.colcon_core.package_identification:_identify(python/MPU_6050) by extension 'python'
[1.609s] Level 1:colcon.colcon_core.package_identification:_identify(python/MPU_6050) by extensions ['python_setup_py']
[1.609s] Level 1:colcon.colcon_core.package_identification:_identify(python/MPU_6050) by extension 'python_setup_py'
[1.610s] Level 1:colcon.colcon_core.package_identification:_identify(python/MPU_6050/__pycache__) by extensions ['ignore', 'ignore_ament_install']
[1.610s] Level 1:colcon.colcon_core.package_identification:_identify(python/MPU_6050/__pycache__) by extension 'ignore'
[1.610s] Level 1:colcon.colcon_core.package_identification:_identify(python/MPU_6050/__pycache__) by extension 'ignore_ament_install'
[1.610s] Level 1:colcon.colcon_core.package_identification:_identify(python/MPU_6050/__pycache__) by extensions ['colcon_pkg']
[1.610s] Level 1:colcon.colcon_core.package_identification:_identify(python/MPU_6050/__pycache__) by extension 'colcon_pkg'
[1.611s] Level 1:colcon.colcon_core.package_identification:_identify(python/MPU_6050/__pycache__) by extensions ['colcon_meta']
[1.611s] Level 1:colcon.colcon_core.package_identification:_identify(python/MPU_6050/__pycache__) by extension 'colcon_meta'
[1.611s] Level 1:colcon.colcon_core.package_identification:_identify(python/MPU_6050/__pycache__) by extensions ['ros']
[1.611s] Level 1:colcon.colcon_core.package_identification:_identify(python/MPU_6050/__pycache__) by extension 'ros'
[1.611s] Level 1:colcon.colcon_core.package_identification:_identify(python/MPU_6050/__pycache__) by extensions ['cmake', 'python']
[1.611s] Level 1:colcon.colcon_core.package_identification:_identify(python/MPU_6050/__pycache__) by extension 'cmake'
[1.612s] Level 1:colcon.colcon_core.package_identification:_identify(python/MPU_6050/__pycache__) by extension 'python'
[1.612s] Level 1:colcon.colcon_core.package_identification:_identify(python/MPU_6050/__pycache__) by extensions ['python_setup_py']
[1.612s] Level 1:colcon.colcon_core.package_identification:_identify(python/MPU_6050/__pycache__) by extension 'python_setup_py'
[1.612s] Level 1:colcon.colcon_core.package_identification:_identify(src) by extensions ['ignore', 'ignore_ament_install']
[1.612s] Level 1:colcon.colcon_core.package_identification:_identify(src) by extension 'ignore'
[1.613s] Level 1:colcon.colcon_core.package_identification:_identify(src) by extension 'ignore_ament_install'
[1.613s] Level 1:colcon.colcon_core.package_identification:_identify(src) by extensions ['colcon_pkg']
[1.613s] Level 1:colcon.colcon_core.package_identification:_identify(src) by extension 'colcon_pkg'
[1.613s] Level 1:colcon.colcon_core.package_identification:_identify(src) by extensions ['colcon_meta']
[1.613s] Level 1:colcon.colcon_core.package_identification:_identify(src) by extension 'colcon_meta'
[1.613s] Level 1:colcon.colcon_core.package_identification:_identify(src) by extensions ['ros']
[1.614s] Level 1:colcon.colcon_core.package_identification:_identify(src) by extension 'ros'
[1.614s] Level 1:colcon.colcon_core.package_identification:_identify(src) by extensions ['cmake', 'python']
[1.614s] Level 1:colcon.colcon_core.package_identification:_identify(src) by extension 'cmake'
[1.614s] Level 1:colcon.colcon_core.package_identification:_identify(src) by extension 'python'
[1.614s] Level 1:colcon.colcon_core.package_identification:_identify(src) by extensions ['python_setup_py']
[1.614s] Level 1:colcon.colcon_core.package_identification:_identify(src) by extension 'python_setup_py'
[1.615s] Level 1:colcon.colcon_core.package_identification:_identify(src/imu) by extensions ['ignore', 'ignore_ament_install']
[1.615s] Level 1:colcon.colcon_core.package_identification:_identify(src/imu) by extension 'ignore'
[1.615s] Level 1:colcon.colcon_core.package_identification:_identify(src/imu) by extension 'ignore_ament_install'
[1.615s] Level 1:colcon.colcon_core.package_identification:_identify(src/imu) by extensions ['colcon_pkg']
[1.616s] Level 1:colcon.colcon_core.package_identification:_identify(src/imu) by extension 'colcon_pkg'
[1.616s] Level 1:colcon.colcon_core.package_identification:_identify(src/imu) by extensions ['colcon_meta']
[1.616s] Level 1:colcon.colcon_core.package_identification:_identify(src/imu) by extension 'colcon_meta'
[1.616s] Level 1:colcon.colcon_core.package_identification:_identify(src/imu) by extensions ['ros']
[1.616s] Level 1:colcon.colcon_core.package_identification:_identify(src/imu) by extension 'ros'
[1.624s] DEBUG:colcon.colcon_core.package_identification:Package 'src/imu' with type 'ros.ament_cmake' and name 'imu'
[1.625s] Level 1:colcon.colcon_core.package_identification:_identify(src/imu_python) by extensions ['ignore', 'ignore_ament_install']
[1.625s] Level 1:colcon.colcon_core.package_identification:_identify(src/imu_python) by extension 'ignore'
[1.626s] Level 1:colcon.colcon_core.package_identification:_identify(src/imu_python) by extension 'ignore_ament_install'
[1.626s] Level 1:colcon.colcon_core.package_identification:_identify(src/imu_python) by extensions ['colcon_pkg']
[1.626s] Level 1:colcon.colcon_core.package_identification:_identify(src/imu_python) by extension 'colcon_pkg'
[1.626s] Level 1:colcon.colcon_core.package_identification:_identify(src/imu_python) by extensions ['colcon_meta']
[1.626s] Level 1:colcon.colcon_core.package_identification:_identify(src/imu_python) by extension 'colcon_meta'
[1.626s] Level 1:colcon.colcon_core.package_identification:_identify(src/imu_python) by extensions ['ros']
[1.627s] Level 1:colcon.colcon_core.package_identification:_identify(src/imu_python) by extension 'ros'
[1.628s] DEBUG:colcon.colcon_core.package_identification:Failed to parse potential ROS package manifest in'src/imu_python': Error(s) in package 'src/imu_python/package.xml':
The manifest contains invalid XML:
mismatched tag: line 10, column 30
[1.628s] Level 1:colcon.colcon_core.package_identification:_identify(src/imu_python) by extensions ['cmake', 'python']
[1.629s] Level 1:colcon.colcon_core.package_identification:_identify(src/imu_python) by extension 'cmake'
[1.629s] Level 1:colcon.colcon_core.package_identification:_identify(src/imu_python) by extension 'python'
[1.629s] DEBUG:colcon.colcon_core.package_identification:Python package in 'src/imu_python' passes arguments to the setup() function which requires a different identification extension than 'python'
[1.629s] Level 1:colcon.colcon_core.package_identification:_identify(src/imu_python) by extensions ['python_setup_py']
[1.629s] Level 1:colcon.colcon_core.package_identification:_identify(src/imu_python) by extension 'python_setup_py'
[2.794s] DEBUG:colcon.colcon_core.package_identification:Package 'src/imu_python' with type 'python' and name 'imu_python'
[2.794s] Level 1:colcon.colcon_core.package_discovery:discover_packages(recursive) using defaults
[2.794s] Level 1:colcon.colcon_core.package_discovery:discover_packages(ignore) discover
[2.794s] Level 1:colcon.colcon_core.package_discovery:discover_packages(ignore) using defaults
[2.794s] Level 1:colcon.colcon_core.package_discovery:discover_packages(path) discover
[2.794s] Level 1:colcon.colcon_core.package_discovery:discover_packages(path) using defaults
[2.885s] Level 1:colcon.colcon_core.package_discovery:discover_packages(prefix_path) check parameters
[2.885s] Level 1:colcon.colcon_core.package_discovery:discover_packages(prefix_path) discover
[2.891s] WARNING:colcon.colcon_ros.prefix_path.ament:The path '/home/thxssio/Codes/RobotROS/install/imu_python' in the environment variable AMENT_PREFIX_PATH doesn't exist
[2.891s] WARNING:colcon.colcon_ros.prefix_path.ament:The path '/home/thxssio/Codes/RobotROS/install/imu' in the environment variable AMENT_PREFIX_PATH doesn't exist
[2.892s] WARNING:colcon.colcon_ros.prefix_path.catkin:The path '/home/thxssio/Codes/RobotROS/install/imu_python' in the environment variable CMAKE_PREFIX_PATH doesn't exist
[2.892s] WARNING:colcon.colcon_ros.prefix_path.catkin:The path '/home/thxssio/Codes/RobotROS/install/imu' in the environment variable CMAKE_PREFIX_PATH doesn't exist
[2.897s] DEBUG:colcon.colcon_installed_package_information.package_discovery:Found 0 installed packages in /home/thxssio/Codes/RobotROS/install
[2.908s] DEBUG:colcon.colcon_installed_package_information.package_discovery:Found 284 installed packages in /opt/ros/humble
[2.915s] Level 1:colcon.colcon_core.package_discovery:discover_packages(prefix_path) using defaults
[3.180s] Level 5:colcon.colcon_core.verb:set package 'imu' build argument 'cmake_args' from command line to 'None'
[3.181s] Level 5:colcon.colcon_core.verb:set package 'imu' build argument 'cmake_target' from command line to 'None'
[3.181s] Level 5:colcon.colcon_core.verb:set package 'imu' build argument 'cmake_target_skip_unavailable' from command line to 'False'
[3.181s] Level 5:colcon.colcon_core.verb:set package 'imu' build argument 'cmake_clean_cache' from command line to 'False'
[3.181s] Level 5:colcon.colcon_core.verb:set package 'imu' build argument 'cmake_clean_first' from command line to 'False'
[3.181s] Level 5:colcon.colcon_core.verb:set package 'imu' build argument 'cmake_force_configure' from command line to 'False'
[3.181s] Level 5:colcon.colcon_core.verb:set package 'imu' build argument 'ament_cmake_args' from command line to 'None'
[3.181s] Level 5:colcon.colcon_core.verb:set package 'imu' build argument 'catkin_cmake_args' from command line to 'None'
[3.181s] Level 5:colcon.colcon_core.verb:set package 'imu' build argument 'catkin_skip_building_tests' from command line to 'False'
[3.182s] DEBUG:colcon.colcon_core.verb:Building package 'imu' with the following arguments: {'ament_cmake_args': None, 'build_base': '/home/thxssio/Codes/RobotROS/build/imu', 'catkin_cmake_args': None, 'catkin_skip_building_tests': False, 'cmake_args': None, 'cmake_clean_cache': False, 'cmake_clean_first': False, 'cmake_force_configure': False, 'cmake_target': None, 'cmake_target_skip_unavailable': False, 'install_base': '/home/thxssio/Codes/RobotROS/install/imu', 'merge_install': False, 'path': '/home/thxssio/Codes/RobotROS/src/imu', 'symlink_install': False, 'test_result_base': None}
[3.186s] Level 5:colcon.colcon_core.verb:set package 'imu_python' build argument 'cmake_args' from command line to 'None'
[3.186s] Level 5:colcon.colcon_core.verb:set package 'imu_python' build argument 'cmake_target' from command line to 'None'
[3.186s] Level 5:colcon.colcon_core.verb:set package 'imu_python' build argument 'cmake_target_skip_unavailable' from command line to 'False'
[3.186s] Level 5:colcon.colcon_core.verb:set package 'imu_python' build argument 'cmake_clean_cache' from command line to 'False'
[3.186s] Level 5:colcon.colcon_core.verb:set package 'imu_python' build argument 'cmake_clean_first' from command line to 'False'
[3.186s] Level 5:colcon.colcon_core.verb:set package 'imu_python' build argument 'cmake_force_configure' from command line to 'False'
[3.186s] Level 5:colcon.colcon_core.verb:set package 'imu_python' build argument 'ament_cmake_args' from command line to 'None'
[3.186s] Level 5:colcon.colcon_core.verb:set package 'imu_python' build argument 'catkin_cmake_args' from command line to 'None'
[3.187s] Level 5:colcon.colcon_core.verb:set package 'imu_python' build argument 'catkin_skip_building_tests' from command line to 'False'
[3.187s] DEBUG:colcon.colcon_core.verb:Building package 'imu_python' with the following arguments: {'ament_cmake_args': None, 'build_base': '/home/thxssio/Codes/RobotROS/build/imu_python', 'catkin_cmake_args': None, 'catkin_skip_building_tests': False, 'cmake_args': None, 'cmake_clean_cache': False, 'cmake_clean_first': False, 'cmake_force_configure': False, 'cmake_target': None, 'cmake_target_skip_unavailable': False, 'install_base': '/home/thxssio/Codes/RobotROS/install/imu_python', 'merge_install': False, 'path': '/home/thxssio/Codes/RobotROS/src/imu_python', 'symlink_install': False, 'test_result_base': None}
[3.189s] INFO:colcon.colcon_core.executor:Executing jobs using 'parallel' executor
[3.201s] DEBUG:colcon.colcon_parallel_executor.executor.parallel:run_until_complete
[3.202s] INFO:colcon.colcon_ros.task.ament_cmake.build:Building ROS package in '/home/thxssio/Codes/RobotROS/src/imu' with build type 'ament_cmake'
[3.202s] INFO:colcon.colcon_cmake.task.cmake.build:Building CMake package in '/home/thxssio/Codes/RobotROS/src/imu'
[3.221s] INFO:colcon.colcon_core.plugin_system:Skipping extension 'colcon_core.shell.bat': Not used on non-Windows systems
[3.222s] INFO:colcon.colcon_core.shell:Skip shell extension 'powershell' for command environment: Not usable outside of PowerShell
[3.222s] DEBUG:colcon.colcon_core.shell:Skip shell extension 'dsv' for command environment
[3.244s] INFO:colcon.colcon_core.task.python.build:Building Python package in '/home/thxssio/Codes/RobotROS/src/imu_python'
[3.250s] INFO:colcon.colcon_core.shell:Skip shell extension 'powershell' for command environment: Not usable outside of PowerShell
[3.251s] DEBUG:colcon.colcon_core.shell:Skip shell extension 'dsv' for command environment
[3.289s] DEBUG:colcon.colcon_core.event_handler.log_command:Invoking command in '/home/thxssio/Codes/RobotROS/build/imu': CMAKE_PREFIX_PATH=${CMAKE_PREFIX_PATH}:/opt/ros/humble /usr/bin/cmake /home/thxssio/Codes/RobotROS/src/imu -DCMAKE_INSTALL_PREFIX=/home/thxssio/Codes/RobotROS/install/imu
[7.276s] DEBUG:colcon.colcon_core.event_handler.log_command:Invoking command in '/home/thxssio/Codes/RobotROS/src/imu_python': PYTHONPATH=/home/thxssio/Codes/RobotROS/build/imu_python/prefix_override:/home/thxssio/Codes/RobotROS/install/imu_python/lib/python3.10/site-packages:${PYTHONPATH} /usr/bin/python3 setup.py egg_info --egg-base ../../build/imu_python build --build-base /home/thxssio/Codes/RobotROS/build/imu_python/build install --record /home/thxssio/Codes/RobotROS/build/imu_python/install.log --single-version-externally-managed
[8.722s] DEBUG:colcon.colcon_core.event_handler.log_command:Invoked command in '/home/thxssio/Codes/RobotROS/src/imu_python' returned '0': PYTHONPATH=/home/thxssio/Codes/RobotROS/build/imu_python/prefix_override:/home/thxssio/Codes/RobotROS/install/imu_python/lib/python3.10/site-packages:${PYTHONPATH} /usr/bin/python3 setup.py egg_info --egg-base ../../build/imu_python build --build-base /home/thxssio/Codes/RobotROS/build/imu_python/build install --record /home/thxssio/Codes/RobotROS/build/imu_python/install.log --single-version-externally-managed
[8.742s] Level 1:colcon.colcon_core.environment:checking '/home/thxssio/Codes/RobotROS/install/imu_python' for CMake module files
[8.744s] Level 1:colcon.colcon_core.environment:checking '/home/thxssio/Codes/RobotROS/install/imu_python' for CMake config files
[8.747s] Level 1:colcon.colcon_core.environment:checking '/home/thxssio/Codes/RobotROS/install/imu_python/lib'
[8.748s] Level 1:colcon.colcon_core.environment:checking '/home/thxssio/Codes/RobotROS/install/imu_python/bin'
[8.749s] Level 1:colcon.colcon_core.environment:checking '/home/thxssio/Codes/RobotROS/install/imu_python/lib/pkgconfig/imu_python.pc'
[8.750s] Level 1:colcon.colcon_core.environment:checking '/home/thxssio/Codes/RobotROS/install/imu_python/lib/python3.10/site-packages'
[8.750s] Level 1:colcon.colcon_core.shell:create_environment_hook('imu_python', 'pythonpath')
[8.755s] INFO:colcon.colcon_core.shell:Creating environment hook '/home/thxssio/Codes/RobotROS/install/imu_python/share/imu_python/hook/pythonpath.ps1'
[8.758s] INFO:colcon.colcon_core.shell:Creating environment descriptor '/home/thxssio/Codes/RobotROS/install/imu_python/share/imu_python/hook/pythonpath.dsv'
[8.760s] INFO:colcon.colcon_core.shell:Creating environment hook '/home/thxssio/Codes/RobotROS/install/imu_python/share/imu_python/hook/pythonpath.sh'
[8.764s] Level 1:colcon.colcon_core.environment:checking '/home/thxssio/Codes/RobotROS/install/imu_python/bin'
[8.764s] Level 1:colcon.colcon_core.environment:create_environment_scripts_only(imu_python)
[8.771s] INFO:colcon.colcon_core.shell:Creating package script '/home/thxssio/Codes/RobotROS/install/imu_python/share/imu_python/package.ps1'
[8.774s] INFO:colcon.colcon_core.shell:Creating package descriptor '/home/thxssio/Codes/RobotROS/install/imu_python/share/imu_python/package.dsv'
[8.777s] INFO:colcon.colcon_core.shell:Creating package script '/home/thxssio/Codes/RobotROS/install/imu_python/share/imu_python/package.sh'
[8.780s] INFO:colcon.colcon_core.shell:Creating package script '/home/thxssio/Codes/RobotROS/install/imu_python/share/imu_python/package.bash'
[8.783s] INFO:colcon.colcon_core.shell:Creating package script '/home/thxssio/Codes/RobotROS/install/imu_python/share/imu_python/package.zsh'
[8.786s] Level 1:colcon.colcon_core.environment:create_file_with_runtime_dependencies(/home/thxssio/Codes/RobotROS/install/imu_python/share/colcon-core/packages/imu_python)
[10.531s] DEBUG:colcon.colcon_core.event_handler.log_command:Invoked command in '/home/thxssio/Codes/RobotROS/build/imu' returned '0': CMAKE_PREFIX_PATH=${CMAKE_PREFIX_PATH}:/opt/ros/humble /usr/bin/cmake /home/thxssio/Codes/RobotROS/src/imu -DCMAKE_INSTALL_PREFIX=/home/thxssio/Codes/RobotROS/install/imu
[10.540s] DEBUG:colcon.colcon_core.event_handler.log_command:Invoking command in '/home/thxssio/Codes/RobotROS/build/imu': CMAKE_PREFIX_PATH=${CMAKE_PREFIX_PATH}:/opt/ros/humble /usr/bin/cmake --build /home/thxssio/Codes/RobotROS/build/imu -- -j4 -l4
[28.909s] DEBUG:colcon.colcon_core.event_handler.log_command:Invoked command in '/home/thxssio/Codes/RobotROS/build/imu' returned '0': CMAKE_PREFIX_PATH=${CMAKE_PREFIX_PATH}:/opt/ros/humble /usr/bin/cmake --build /home/thxssio/Codes/RobotROS/build/imu -- -j4 -l4
[29.089s] DEBUG:colcon.colcon_core.event_handler.log_command:Invoking command in '/home/thxssio/Codes/RobotROS/build/imu': CMAKE_PREFIX_PATH=${CMAKE_PREFIX_PATH}:/opt/ros/humble /usr/bin/cmake --install /home/thxssio/Codes/RobotROS/build/imu
[29.150s] Level 1:colcon.colcon_core.environment:create_environment_scripts_only(imu)
[29.158s] Level 1:colcon.colcon_core.environment:checking '/home/thxssio/Codes/RobotROS/install/imu' for CMake module files
[29.160s] DEBUG:colcon.colcon_core.event_handler.log_command:Invoked command in '/home/thxssio/Codes/RobotROS/build/imu' returned '0': CMAKE_PREFIX_PATH=${CMAKE_PREFIX_PATH}:/opt/ros/humble /usr/bin/cmake --install /home/thxssio/Codes/RobotROS/build/imu
[29.162s] Level 1:colcon.colcon_core.environment:checking '/home/thxssio/Codes/RobotROS/install/imu' for CMake config files
[29.164s] Level 1:colcon.colcon_core.shell:create_environment_hook('imu', 'cmake_prefix_path')
[29.170s] INFO:colcon.colcon_core.shell:Creating environment hook '/home/thxssio/Codes/RobotROS/install/imu/share/imu/hook/cmake_prefix_path.ps1'
[29.172s] INFO:colcon.colcon_core.shell:Creating environment descriptor '/home/thxssio/Codes/RobotROS/install/imu/share/imu/hook/cmake_prefix_path.dsv'
[29.173s] INFO:colcon.colcon_core.shell:Creating environment hook '/home/thxssio/Codes/RobotROS/install/imu/share/imu/hook/cmake_prefix_path.sh'
[29.175s] Level 1:colcon.colcon_core.environment:checking '/home/thxssio/Codes/RobotROS/install/imu/lib'
[29.175s] Level 1:colcon.colcon_core.environment:checking '/home/thxssio/Codes/RobotROS/install/imu/bin'
[29.176s] Level 1:colcon.colcon_core.environment:checking '/home/thxssio/Codes/RobotROS/install/imu/lib/pkgconfig/imu.pc'
[29.177s] Level 1:colcon.colcon_core.environment:checking '/home/thxssio/Codes/RobotROS/install/imu/lib/python3.10/site-packages'
[29.177s] Level 1:colcon.colcon_core.environment:checking '/home/thxssio/Codes/RobotROS/install/imu/bin'
[29.183s] INFO:colcon.colcon_core.shell:Creating package script '/home/thxssio/Codes/RobotROS/install/imu/share/imu/package.ps1'
[29.185s] INFO:colcon.colcon_core.shell:Creating package descriptor '/home/thxssio/Codes/RobotROS/install/imu/share/imu/package.dsv'
[29.187s] INFO:colcon.colcon_core.shell:Creating package script '/home/thxssio/Codes/RobotROS/install/imu/share/imu/package.sh'
[29.189s] INFO:colcon.colcon_core.shell:Creating package script '/home/thxssio/Codes/RobotROS/install/imu/share/imu/package.bash'
[29.190s] INFO:colcon.colcon_core.shell:Creating package script '/home/thxssio/Codes/RobotROS/install/imu/share/imu/package.zsh'
[29.192s] Level 1:colcon.colcon_core.environment:create_file_with_runtime_dependencies(/home/thxssio/Codes/RobotROS/install/imu/share/colcon-core/packages/imu)
[29.344s] Level 1:colcon.colcon_core.environment:create_environment_scripts_only(imu)
[29.352s] Level 1:colcon.colcon_core.environment:checking '/home/thxssio/Codes/RobotROS/install/imu' for CMake module files
[29.355s] Level 1:colcon.colcon_core.environment:checking '/home/thxssio/Codes/RobotROS/install/imu' for CMake config files
[29.356s] Level 1:colcon.colcon_core.shell:create_environment_hook('imu', 'cmake_prefix_path')
[29.361s] INFO:colcon.colcon_core.shell:Creating environment hook '/home/thxssio/Codes/RobotROS/install/imu/share/imu/hook/cmake_prefix_path.ps1'
[29.363s] INFO:colcon.colcon_core.shell:Creating environment descriptor '/home/thxssio/Codes/RobotROS/install/imu/share/imu/hook/cmake_prefix_path.dsv'
[29.364s] INFO:colcon.colcon_core.shell:Creating environment hook '/home/thxssio/Codes/RobotROS/install/imu/share/imu/hook/cmake_prefix_path.sh'
[29.367s] Level 1:colcon.colcon_core.environment:checking '/home/thxssio/Codes/RobotROS/install/imu/lib'
[29.367s] Level 1:colcon.colcon_core.environment:checking '/home/thxssio/Codes/RobotROS/install/imu/bin'
[29.368s] Level 1:colcon.colcon_core.environment:checking '/home/thxssio/Codes/RobotROS/install/imu/lib/pkgconfig/imu.pc'
[29.369s] Level 1:colcon.colcon_core.environment:checking '/home/thxssio/Codes/RobotROS/install/imu/lib/python3.10/site-packages'
[29.369s] Level 1:colcon.colcon_core.environment:checking '/home/thxssio/Codes/RobotROS/install/imu/bin'
[29.374s] INFO:colcon.colcon_core.shell:Creating package script '/home/thxssio/Codes/RobotROS/install/imu/share/imu/package.ps1'
[29.377s] INFO:colcon.colcon_core.shell:Creating package descriptor '/home/thxssio/Codes/RobotROS/install/imu/share/imu/package.dsv'
[29.379s] INFO:colcon.colcon_core.shell:Creating package script '/home/thxssio/Codes/RobotROS/install/imu/share/imu/package.sh'
[29.381s] INFO:colcon.colcon_core.shell:Creating package script '/home/thxssio/Codes/RobotROS/install/imu/share/imu/package.bash'
[29.383s] INFO:colcon.colcon_core.shell:Creating package script '/home/thxssio/Codes/RobotROS/install/imu/share/imu/package.zsh'
[29.384s] Level 1:colcon.colcon_core.environment:create_file_with_runtime_dependencies(/home/thxssio/Codes/RobotROS/install/imu/share/colcon-core/packages/imu)
[29.385s] DEBUG:colcon.colcon_parallel_executor.executor.parallel:closing loop
[29.387s] DEBUG:colcon.colcon_parallel_executor.executor.parallel:loop closed
[29.387s] DEBUG:colcon.colcon_parallel_executor.executor.parallel:run_until_complete finished with '0'
[29.387s] DEBUG:colcon.colcon_core.event_reactor:joining thread
[29.409s] INFO:colcon.colcon_core.plugin_system:Skipping extension 'colcon_notification.desktop_notification.notify_send': Could not find 'notify-send'
[29.409s] INFO:colcon.colcon_core.plugin_system:Skipping extension 'colcon_notification.desktop_notification.terminal_notifier': Not used on non-Darwin systems
[29.409s] INFO:colcon.colcon_core.plugin_system:Skipping extension 'colcon_notification.desktop_notification.win32': Not used on non-Windows systems
[29.409s] INFO:colcon.colcon_notification.desktop_notification:Sending desktop notification using 'notify2'
[29.412s] DEBUG:colcon.colcon_notification.desktop_notification.notify2:Failed to initialize notify2: org.freedesktop.DBus.Error.ServiceUnknown: The name org.freedesktop.Notifications was not provided by any .service files
[29.413s] DEBUG:colcon.colcon_core.event_reactor:joined thread
[29.418s] INFO:colcon.colcon_core.shell:Creating prefix script '/home/thxssio/Codes/RobotROS/install/local_setup.ps1'
[29.422s] INFO:colcon.colcon_core.shell:Creating prefix util module '/home/thxssio/Codes/RobotROS/install/_local_setup_util_ps1.py'
[29.427s] INFO:colcon.colcon_core.shell:Creating prefix chain script '/home/thxssio/Codes/RobotROS/install/setup.ps1'
[29.435s] INFO:colcon.colcon_core.shell:Creating prefix script '/home/thxssio/Codes/RobotROS/install/local_setup.sh'
[29.437s] INFO:colcon.colcon_core.shell:Creating prefix util module '/home/thxssio/Codes/RobotROS/install/_local_setup_util_sh.py'
[29.439s] INFO:colcon.colcon_core.shell:Creating prefix chain script '/home/thxssio/Codes/RobotROS/install/setup.sh'
[29.445s] INFO:colcon.colcon_core.shell:Creating prefix script '/home/thxssio/Codes/RobotROS/install/local_setup.bash'
[29.447s] INFO:colcon.colcon_core.shell:Creating prefix chain script '/home/thxssio/Codes/RobotROS/install/setup.bash'
[29.452s] INFO:colcon.colcon_core.shell:Creating prefix script '/home/thxssio/Codes/RobotROS/install/local_setup.zsh'
[29.454s] INFO:colcon.colcon_core.shell:Creating prefix chain script '/home/thxssio/Codes/RobotROS/install/setup.zsh'
