[35m[1mConsolidate compiler generated dependencies of target imu[0m
[100%] Built target imu
-- Install configuration: ""
-- Up-to-date: /home/thxssio/Codes/RobotROS/install/imu/lib/imu/imu
-- Up-to-date: /home/thxssio/Codes/RobotROS/install/imu/share/imu//launch
-- Up-to-date: /home/thxssio/Codes/RobotROS/install/imu/share/imu//launch/mpu6050driver_launch.py
-- Up-to-date: /home/thxssio/Codes/RobotROS/install/imu/share/imu//params
-- Up-to-date: /home/thxssio/Codes/RobotROS/install/imu/share/imu//params/mpu6050.yaml
-- Up-to-date: /home/thxssio/Codes/RobotROS/install/imu/share/ament_index/resource_index/package_run_dependencies/imu
-- Up-to-date: /home/thxssio/Codes/RobotROS/install/imu/share/ament_index/resource_index/parent_prefix_path/imu
-- Up-to-date: /home/thxssio/Codes/RobotROS/install/imu/share/imu/environment/ament_prefix_path.sh
-- Up-to-date: /home/thxssio/Codes/RobotROS/install/imu/share/imu/environment/ament_prefix_path.dsv
-- Up-to-date: /home/thxssio/Codes/RobotROS/install/imu/share/imu/environment/path.sh
-- Up-to-date: /home/thxssio/Codes/RobotROS/install/imu/share/imu/environment/path.dsv
-- Up-to-date: /home/thxssio/Codes/RobotROS/install/imu/share/imu/local_setup.bash
-- Up-to-date: /home/thxssio/Codes/RobotROS/install/imu/share/imu/local_setup.sh
-- Up-to-date: /home/thxssio/Codes/RobotROS/install/imu/share/imu/local_setup.zsh
-- Up-to-date: /home/thxssio/Codes/RobotROS/install/imu/share/imu/local_setup.dsv
-- Installing: /home/thxssio/Codes/RobotROS/install/imu/share/imu/package.dsv
-- Up-to-date: /home/thxssio/Codes/RobotROS/install/imu/share/ament_index/resource_index/packages/imu
-- Up-to-date: /home/thxssio/Codes/RobotROS/install/imu/share/imu/cmake/imuConfig.cmake
-- Up-to-date: /home/thxssio/Codes/RobotROS/install/imu/share/imu/cmake/imuConfig-version.cmake
-- Up-to-date: /home/thxssio/Codes/RobotROS/install/imu/share/imu/package.xml
