[0.063s] Invoking command in '/home/thxssio/Codes/RobotROS/build/imu': CMAKE_PREFIX_PATH=/opt/ros/humble /usr/bin/cmake --build /home/thxssio/Codes/RobotROS/build/imu -- -j4 -l4
[0.220s] [35m[1mConsolidate compiler generated dependencies of target imu[0m
[0.305s] [100%] Built target imu
[0.341s] Invoked command in '/home/thxssio/Codes/RobotROS/build/imu' returned '0': CMAKE_PREFIX_PATH=/opt/ros/humble /usr/bin/cmake --build /home/thxssio/Codes/RobotROS/build/imu -- -j4 -l4
[0.527s] Invoking command in '/home/thxssio/Codes/RobotROS/build/imu': CMAKE_PREFIX_PATH=/opt/ros/humble /usr/bin/cmake --install /home/thxssio/Codes/RobotROS/build/imu
[0.555s] -- Install configuration: ""
[0.556s] -- Up-to-date: /home/thxssio/Codes/RobotROS/install/imu/lib/imu/imu
[0.557s] -- Up-to-date: /home/thxssio/Codes/RobotROS/install/imu/share/imu//launch
[0.557s] -- Up-to-date: /home/thxssio/Codes/RobotROS/install/imu/share/imu//launch/mpu6050driver_launch.py
[0.558s] -- Up-to-date: /home/thxssio/Codes/RobotROS/install/imu/share/imu//params
[0.558s] -- Up-to-date: /home/thxssio/Codes/RobotROS/install/imu/share/imu//params/mpu6050.yaml
[0.558s] -- Up-to-date: /home/thxssio/Codes/RobotROS/install/imu/share/ament_index/resource_index/package_run_dependencies/imu
[0.559s] -- Up-to-date: /home/thxssio/Codes/RobotROS/install/imu/share/ament_index/resource_index/parent_prefix_path/imu
[0.559s] -- Up-to-date: /home/thxssio/Codes/RobotROS/install/imu/share/imu/environment/ament_prefix_path.sh
[0.560s] -- Up-to-date: /home/thxssio/Codes/RobotROS/install/imu/share/imu/environment/ament_prefix_path.dsv
[0.560s] -- Up-to-date: /home/thxssio/Codes/RobotROS/install/imu/share/imu/environment/path.sh
[0.560s] -- Up-to-date: /home/thxssio/Codes/RobotROS/install/imu/share/imu/environment/path.dsv
[0.561s] -- Up-to-date: /home/thxssio/Codes/RobotROS/install/imu/share/imu/local_setup.bash
[0.561s] -- Up-to-date: /home/thxssio/Codes/RobotROS/install/imu/share/imu/local_setup.sh
[0.561s] -- Up-to-date: /home/thxssio/Codes/RobotROS/install/imu/share/imu/local_setup.zsh
[0.562s] -- Up-to-date: /home/thxssio/Codes/RobotROS/install/imu/share/imu/local_setup.dsv
[0.562s] -- Installing: /home/thxssio/Codes/RobotROS/install/imu/share/imu/package.dsv
[0.563s] -- Up-to-date: /home/thxssio/Codes/RobotROS/install/imu/share/ament_index/resource_index/packages/imu
[0.563s] -- Up-to-date: /home/thxssio/Codes/RobotROS/install/imu/share/imu/cmake/imuConfig.cmake
[0.563s] -- Up-to-date: /home/thxssio/Codes/RobotROS/install/imu/share/imu/cmake/imuConfig-version.cmake
[0.564s] -- Up-to-date: /home/thxssio/Codes/RobotROS/install/imu/share/imu/package.xml
[0.571s] Invoked command in '/home/thxssio/Codes/RobotROS/build/imu' returned '0': CMAKE_PREFIX_PATH=/opt/ros/humble /usr/bin/cmake --install /home/thxssio/Codes/RobotROS/build/imu
