[0.054s] Invoking command in '/home/thxssio/Codes/RobotROS/build/turtlesim': CMAKE_PREFIX_PATH=/opt/ros/humble /usr/bin/cmake /home/thxssio/Codes/RobotROS/src/ros_tutorials/turtlesim -DCMAKE_INSTALL_PREFIX=/home/thxssio/Codes/RobotROS/install/turtlesim
[1.081s] -- The C compiler identification is GNU 11.3.0
[1.791s] -- The CXX compiler identification is GNU 11.3.0
[1.837s] -- Detecting C compiler ABI info
[2.204s] -- Detecting C compiler ABI info - done
[2.229s] -- Check for working C compiler: /usr/bin/cc - skipped
[2.233s] -- Detecting C compile features
[2.235s] -- Detecting C compile features - done
[2.251s] -- Detecting CXX compiler ABI info
[2.602s] -- Detecting CXX compiler ABI info - done
[2.630s] -- Check for working CXX compiler: /usr/bin/c++ - skipped
[2.631s] -- Detecting CXX compile features
[2.633s] -- Detecting CXX compile features - done
[2.657s] -- Found ament_cmake: 1.3.4 (/opt/ros/humble/share/ament_cmake/cmake)
[3.493s] -- Found Python3: /usr/bin/python3.10 (found version "3.10.6") found components: Interpreter 
[4.034s] -- Found ament_index_cpp: 1.4.0 (/opt/ros/humble/share/ament_index_cpp/cmake)
[4.053s] -- Found geometry_msgs: 4.2.3 (/opt/ros/humble/share/geometry_msgs/cmake)
[4.344s] -- Found rosidl_generator_c: 3.1.4 (/opt/ros/humble/share/rosidl_generator_c/cmake)
[4.386s] -- Found rosidl_adapter: 3.1.4 (/opt/ros/humble/share/rosidl_adapter/cmake)
[4.441s] -- Found rosidl_generator_cpp: 3.1.4 (/opt/ros/humble/share/rosidl_generator_cpp/cmake)
[4.516s] -- Using all available rosidl_typesupport_c: rosidl_typesupport_fastrtps_c;rosidl_typesupport_introspection_c
[4.626s] -- Using all available rosidl_typesupport_cpp: rosidl_typesupport_fastrtps_cpp;rosidl_typesupport_introspection_cpp
[5.188s] -- Found rclcpp: 16.0.4 (/opt/ros/humble/share/rclcpp/cmake)
[5.496s] -- Found rmw_implementation_cmake: 6.1.1 (/opt/ros/humble/share/rmw_implementation_cmake/cmake)
[5.517s] -- Found rmw_fastrtps_cpp: 6.2.2 (/opt/ros/humble/share/rmw_fastrtps_cpp/cmake)
[6.089s] -- Found OpenSSL: /usr/lib/aarch64-linux-gnu/libcrypto.so (found version "3.0.2")  
[6.306s] -- Found FastRTPS: /opt/ros/humble/include  
[6.680s] -- Using RMW implementation 'rmw_fastrtps_cpp' as default
[6.760s] -- Looking for pthread.h
[7.114s] -- Looking for pthread.h - found
[7.114s] -- Performing Test CMAKE_HAVE_LIBC_PTHREAD
[7.444s] -- Performing Test CMAKE_HAVE_LIBC_PTHREAD - Success
[7.448s] -- Found Threads: TRUE  
[7.979s] -- Found rclcpp_action: 16.0.4 (/opt/ros/humble/share/rclcpp_action/cmake)
[8.374s] -- Found rosidl_default_generators: 1.2.0 (/opt/ros/humble/share/rosidl_default_generators/cmake)
[8.434s] -- Found std_srvs: 4.2.3 (/opt/ros/humble/share/std_srvs/cmake)
[9.824s] -- Found ament_cmake_ros: 0.10.0 (/opt/ros/humble/share/ament_cmake_ros/cmake)
[11.251s] -- Using all available rosidl_typesupport_c: rosidl_typesupport_fastrtps_c;rosidl_typesupport_introspection_c
[11.790s] -- Using all available rosidl_typesupport_cpp: rosidl_typesupport_fastrtps_cpp;rosidl_typesupport_introspection_cpp
[11.897s] -- Found PythonInterp: /usr/bin/python3 (found suitable version "3.10.6", minimum required is "3.6") 
[11.916s] -- Found python_cmake_module: 0.10.0 (/opt/ros/humble/share/python_cmake_module/cmake)
[12.041s] -- Found PythonLibs: /usr/lib/aarch64-linux-gnu/libpython3.10.so (found suitable version "3.10.6", minimum required is "3.5") 
[12.042s] -- Using PYTHON_EXECUTABLE: /usr/bin/python3
[12.042s] -- Using PYTHON_INCLUDE_DIRS: /usr/include/python3.10
[12.043s] -- Using PYTHON_LIBRARIES: /usr/lib/aarch64-linux-gnu/libpython3.10.so
[12.140s] -- Found PythonExtra: .so  
[12.371s] -- Configuring done
[12.696s] -- Generating done
[12.712s] -- Build files have been written to: /home/thxssio/Codes/RobotROS/build/turtlesim
[12.779s] Invoked command in '/home/thxssio/Codes/RobotROS/build/turtlesim' returned '0': CMAKE_PREFIX_PATH=/opt/ros/humble /usr/bin/cmake /home/thxssio/Codes/RobotROS/src/ros_tutorials/turtlesim -DCMAKE_INSTALL_PREFIX=/home/thxssio/Codes/RobotROS/install/turtlesim
[12.781s] Invoking command in '/home/thxssio/Codes/RobotROS/build/turtlesim': CMAKE_PREFIX_PATH=/opt/ros/humble /usr/bin/cmake --build /home/thxssio/Codes/RobotROS/build/turtlesim -- -j4 -l4
[12.947s] [  1%] [34m[1mGenerating C code for ROS interfaces[0m
[12.990s] [  2%] [34m[1mGenerating C++ code for ROS interfaces[0m
[13.021s] [  2%] Built target ament_cmake_python_copy_turtlesim
[14.412s] running egg_info
[14.415s] creating turtlesim.egg-info
[14.416s] writing turtlesim.egg-info/PKG-INFO
[14.417s] writing dependency_links to turtlesim.egg-info/dependency_links.txt
[14.418s] writing top-level names to turtlesim.egg-info/top_level.txt
[14.419s] writing manifest file 'turtlesim.egg-info/SOURCES.txt'
[14.428s] reading manifest file 'turtlesim.egg-info/SOURCES.txt'
[14.430s] writing manifest file 'turtlesim.egg-info/SOURCES.txt'
[14.563s] [  2%] Built target ament_cmake_python_build_turtlesim_egg
[17.130s] [  2%] Built target turtlesim__cpp
[17.297s] [  3%] [34m[1mGenerating C++ type support dispatch for ROS interfaces[0m
[17.306s] [  4%] [34m[1mGenerating C++ type support for eProsima Fast-RTPS[0m
[17.424s] [  5%] [34m[1mGenerating C++ introspection for ROS interfaces[0m
[17.492s] [  6%] [32mBuilding C object CMakeFiles/turtlesim__rosidl_generator_c.dir/rosidl_generator_c/turtlesim/action/detail/rotate_absolute__functions.c.o[0m
[18.299s] [  7%] [32mBuilding C object CMakeFiles/turtlesim__rosidl_generator_c.dir/rosidl_generator_c/turtlesim/msg/detail/color__functions.c.o[0m
[18.558s] [  8%] [32mBuilding C object CMakeFiles/turtlesim__rosidl_generator_c.dir/rosidl_generator_c/turtlesim/msg/detail/pose__functions.c.o[0m
[18.819s] [  9%] [32mBuilding C object CMakeFiles/turtlesim__rosidl_generator_c.dir/rosidl_generator_c/turtlesim/srv/detail/kill__functions.c.o[0m
[19.134s] [ 10%] [32mBuilding C object CMakeFiles/turtlesim__rosidl_generator_c.dir/rosidl_generator_c/turtlesim/srv/detail/set_pen__functions.c.o[0m
[19.449s] [ 11%] [32mBuilding C object CMakeFiles/turtlesim__rosidl_generator_c.dir/rosidl_generator_c/turtlesim/srv/detail/spawn__functions.c.o[0m
[19.823s] [ 12%] [32mBuilding C object CMakeFiles/turtlesim__rosidl_generator_c.dir/rosidl_generator_c/turtlesim/srv/detail/teleport_absolute__functions.c.o[0m
[19.975s] [ 13%] [32mBuilding CXX object CMakeFiles/turtlesim__rosidl_typesupport_cpp.dir/rosidl_typesupport_cpp/turtlesim/action/rotate_absolute__type_support.cpp.o[0m
[20.144s] [ 14%] [32mBuilding C object CMakeFiles/turtlesim__rosidl_generator_c.dir/rosidl_generator_c/turtlesim/srv/detail/teleport_relative__functions.c.o[0m
[20.471s] [ 15%] [32m[1mLinking C shared library libturtlesim__rosidl_generator_c.so[0m
[20.683s] [ 15%] Built target turtlesim__rosidl_generator_c
[20.774s] [ 16%] [34m[1mGenerating C type support for eProsima Fast-RTPS[0m
[21.115s] [ 17%] [32mBuilding CXX object CMakeFiles/turtlesim__rosidl_typesupport_introspection_cpp.dir/rosidl_typesupport_introspection_cpp/turtlesim/action/detail/rotate_absolute__type_support.cpp.o[0m
[21.718s] [ 18%] [32mBuilding CXX object CMakeFiles/turtlesim__rosidl_typesupport_fastrtps_cpp.dir/rosidl_typesupport_fastrtps_cpp/turtlesim/action/detail/dds_fastrtps/rotate_absolute__type_support.cpp.o[0m
[23.150s] [ 19%] [32mBuilding CXX object CMakeFiles/turtlesim__rosidl_typesupport_cpp.dir/rosidl_typesupport_cpp/turtlesim/msg/color__type_support.cpp.o[0m
[24.838s] [ 20%] [32mBuilding CXX object CMakeFiles/turtlesim__rosidl_typesupport_introspection_cpp.dir/rosidl_typesupport_introspection_cpp/turtlesim/msg/detail/color__type_support.cpp.o[0m
[24.888s] [ 21%] [32mBuilding CXX object CMakeFiles/turtlesim__rosidl_typesupport_cpp.dir/rosidl_typesupport_cpp/turtlesim/msg/pose__type_support.cpp.o[0m
[25.356s] [ 22%] [32mBuilding CXX object CMakeFiles/turtlesim__rosidl_typesupport_fastrtps_cpp.dir/rosidl_typesupport_fastrtps_cpp/turtlesim/msg/detail/dds_fastrtps/color__type_support.cpp.o[0m
[25.542s] [ 23%] [32mBuilding CXX object CMakeFiles/turtlesim__rosidl_typesupport_fastrtps_c.dir/rosidl_typesupport_fastrtps_c/turtlesim/action/detail/rotate_absolute__type_support_c.cpp.o[0m
[26.465s] [ 24%] [32mBuilding CXX object CMakeFiles/turtlesim__rosidl_typesupport_cpp.dir/rosidl_typesupport_cpp/turtlesim/srv/kill__type_support.cpp.o[0m
[27.041s] [ 25%] [32mBuilding CXX object CMakeFiles/turtlesim__rosidl_typesupport_introspection_cpp.dir/rosidl_typesupport_introspection_cpp/turtlesim/msg/detail/pose__type_support.cpp.o[0m
[27.738s] [ 26%] [32mBuilding CXX object CMakeFiles/turtlesim__rosidl_typesupport_fastrtps_cpp.dir/rosidl_typesupport_fastrtps_cpp/turtlesim/msg/detail/dds_fastrtps/pose__type_support.cpp.o[0m
[27.895s] [ 27%] [32mBuilding CXX object CMakeFiles/turtlesim__rosidl_typesupport_fastrtps_c.dir/rosidl_typesupport_fastrtps_c/turtlesim/msg/detail/color__type_support_c.cpp.o[0m
[28.130s] [ 28%] [32mBuilding CXX object CMakeFiles/turtlesim__rosidl_typesupport_cpp.dir/rosidl_typesupport_cpp/turtlesim/srv/set_pen__type_support.cpp.o[0m
[29.313s] [ 29%] [32mBuilding CXX object CMakeFiles/turtlesim__rosidl_typesupport_introspection_cpp.dir/rosidl_typesupport_introspection_cpp/turtlesim/srv/detail/kill__type_support.cpp.o[0m
[29.819s] [ 30%] [32mBuilding CXX object CMakeFiles/turtlesim__rosidl_typesupport_cpp.dir/rosidl_typesupport_cpp/turtlesim/srv/spawn__type_support.cpp.o[0m
[29.922s] [ 31%] [32mBuilding CXX object CMakeFiles/turtlesim__rosidl_typesupport_fastrtps_c.dir/rosidl_typesupport_fastrtps_c/turtlesim/msg/detail/pose__type_support_c.cpp.o[0m
[30.123s] [ 32%] [32mBuilding CXX object CMakeFiles/turtlesim__rosidl_typesupport_fastrtps_cpp.dir/rosidl_typesupport_fastrtps_cpp/turtlesim/srv/detail/dds_fastrtps/kill__type_support.cpp.o[0m
[31.454s] [ 33%] [32mBuilding CXX object CMakeFiles/turtlesim__rosidl_typesupport_cpp.dir/rosidl_typesupport_cpp/turtlesim/srv/teleport_absolute__type_support.cpp.o[0m
[31.621s] [ 34%] [32mBuilding CXX object CMakeFiles/turtlesim__rosidl_typesupport_introspection_cpp.dir/rosidl_typesupport_introspection_cpp/turtlesim/srv/detail/set_pen__type_support.cpp.o[0m
[31.925s] [ 35%] [32mBuilding CXX object CMakeFiles/turtlesim__rosidl_typesupport_fastrtps_c.dir/rosidl_typesupport_fastrtps_c/turtlesim/srv/detail/kill__type_support_c.cpp.o[0m
[32.614s] [ 36%] [32mBuilding CXX object CMakeFiles/turtlesim__rosidl_typesupport_fastrtps_cpp.dir/rosidl_typesupport_fastrtps_cpp/turtlesim/srv/detail/dds_fastrtps/set_pen__type_support.cpp.o[0m
[33.080s] [ 37%] [32mBuilding CXX object CMakeFiles/turtlesim__rosidl_typesupport_cpp.dir/rosidl_typesupport_cpp/turtlesim/srv/teleport_relative__type_support.cpp.o[0m
[33.890s] [ 38%] [32mBuilding CXX object CMakeFiles/turtlesim__rosidl_typesupport_introspection_cpp.dir/rosidl_typesupport_introspection_cpp/turtlesim/srv/detail/spawn__type_support.cpp.o[0m
[34.088s] [ 39%] [32mBuilding CXX object CMakeFiles/turtlesim__rosidl_typesupport_fastrtps_c.dir/rosidl_typesupport_fastrtps_c/turtlesim/srv/detail/set_pen__type_support_c.cpp.o[0m
[34.747s] [ 40%] [32m[1mLinking CXX shared library libturtlesim__rosidl_typesupport_cpp.so[0m
[34.964s] [ 40%] Built target turtlesim__rosidl_typesupport_cpp
[35.008s] [ 41%] [32mBuilding CXX object CMakeFiles/turtlesim__rosidl_typesupport_fastrtps_c.dir/rosidl_typesupport_fastrtps_c/turtlesim/srv/detail/spawn__type_support_c.cpp.o[0m
[35.099s] [ 42%] [32mBuilding CXX object CMakeFiles/turtlesim__rosidl_typesupport_fastrtps_cpp.dir/rosidl_typesupport_fastrtps_cpp/turtlesim/srv/detail/dds_fastrtps/spawn__type_support.cpp.o[0m
[36.176s] [ 43%] [32mBuilding CXX object CMakeFiles/turtlesim__rosidl_typesupport_introspection_cpp.dir/rosidl_typesupport_introspection_cpp/turtlesim/srv/detail/teleport_absolute__type_support.cpp.o[0m
[36.223s] [ 44%] [32mBuilding CXX object CMakeFiles/turtlesim__rosidl_typesupport_fastrtps_cpp.dir/rosidl_typesupport_fastrtps_cpp/turtlesim/srv/detail/dds_fastrtps/teleport_absolute__type_support.cpp.o[0m
[37.148s] [ 45%] [32mBuilding CXX object CMakeFiles/turtlesim__rosidl_typesupport_fastrtps_c.dir/rosidl_typesupport_fastrtps_c/turtlesim/srv/detail/teleport_absolute__type_support_c.cpp.o[0m
[37.613s] [ 46%] [32mBuilding CXX object CMakeFiles/turtlesim__rosidl_typesupport_introspection_cpp.dir/rosidl_typesupport_introspection_cpp/turtlesim/srv/detail/teleport_relative__type_support.cpp.o[0m
[38.486s] [ 47%] [34m[1mGenerating C introspection for ROS interfaces[0m
[38.792s] [ 48%] [32mBuilding CXX object CMakeFiles/turtlesim__rosidl_typesupport_fastrtps_cpp.dir/rosidl_typesupport_fastrtps_cpp/turtlesim/srv/detail/dds_fastrtps/teleport_relative__type_support.cpp.o[0m
[39.314s] [ 49%] [32mBuilding CXX object CMakeFiles/turtlesim__rosidl_typesupport_fastrtps_c.dir/rosidl_typesupport_fastrtps_c/turtlesim/srv/detail/teleport_relative__type_support_c.cpp.o[0m
[39.948s] [ 50%] [32m[1mLinking CXX shared library libturtlesim__rosidl_typesupport_introspection_cpp.so[0m
[40.327s] [ 50%] Built target turtlesim__rosidl_typesupport_introspection_cpp
[40.375s] [ 51%] [34m[1mGenerating C type support dispatch for ROS interfaces[0m
[41.332s] [ 52%] [32m[1mLinking CXX shared library libturtlesim__rosidl_typesupport_fastrtps_cpp.so[0m
[41.484s] [ 53%] [32m[1mLinking CXX shared library libturtlesim__rosidl_typesupport_fastrtps_c.so[0m
[41.700s] [ 53%] Built target turtlesim__rosidl_typesupport_fastrtps_cpp
[41.752s] [ 54%] [34m[1mGenerating include/turtlesim/moc_turtle_frame.cpp[0m
[41.848s] [ 54%] Built target turtlesim__rosidl_typesupport_fastrtps_c
[41.955s] [ 55%] [32mBuilding CXX object CMakeFiles/turtle_teleop_key.dir/tutorials/teleop_turtle_key.cpp.o[0m
[42.232s] [ 56%] [32mBuilding CXX object CMakeFiles/turtlesim_node.dir/src/turtlesim.cpp.o[0m
[42.727s] [ 57%] [32mBuilding C object CMakeFiles/turtlesim__rosidl_typesupport_introspection_c.dir/rosidl_typesupport_introspection_c/turtlesim/action/detail/rotate_absolute__type_support.c.o[0m
[43.020s] [ 58%] [32mBuilding C object CMakeFiles/turtlesim__rosidl_typesupport_introspection_c.dir/rosidl_typesupport_introspection_c/turtlesim/msg/detail/color__type_support.c.o[0m
[43.128s] [ 59%] [32mBuilding CXX object CMakeFiles/turtlesim__rosidl_typesupport_c.dir/rosidl_typesupport_c/turtlesim/action/rotate_absolute__type_support.cpp.o[0m
[43.209s] [ 60%] [32mBuilding C object CMakeFiles/turtlesim__rosidl_typesupport_introspection_c.dir/rosidl_typesupport_introspection_c/turtlesim/msg/detail/pose__type_support.c.o[0m
[43.396s] [ 61%] [32mBuilding CXX object CMakeFiles/turtlesim__rosidl_typesupport_c.dir/rosidl_typesupport_c/turtlesim/msg/color__type_support.cpp.o[0m
[43.403s] [ 62%] [32mBuilding C object CMakeFiles/turtlesim__rosidl_typesupport_introspection_c.dir/rosidl_typesupport_introspection_c/turtlesim/srv/detail/kill__type_support.c.o[0m
[43.551s] [ 63%] [32mBuilding CXX object CMakeFiles/turtlesim__rosidl_typesupport_c.dir/rosidl_typesupport_c/turtlesim/msg/pose__type_support.cpp.o[0m
[43.617s] [ 64%] [32mBuilding C object CMakeFiles/turtlesim__rosidl_typesupport_introspection_c.dir/rosidl_typesupport_introspection_c/turtlesim/srv/detail/set_pen__type_support.c.o[0m
[43.707s] [ 65%] [32mBuilding CXX object CMakeFiles/turtlesim__rosidl_typesupport_c.dir/rosidl_typesupport_c/turtlesim/srv/kill__type_support.cpp.o[0m
[43.823s] [ 66%] [32mBuilding C object CMakeFiles/turtlesim__rosidl_typesupport_introspection_c.dir/rosidl_typesupport_introspection_c/turtlesim/srv/detail/spawn__type_support.c.o[0m
[43.894s] [ 67%] [32mBuilding CXX object CMakeFiles/turtlesim__rosidl_typesupport_c.dir/rosidl_typesupport_c/turtlesim/srv/set_pen__type_support.cpp.o[0m
[44.030s] [ 68%] [32mBuilding C object CMakeFiles/turtlesim__rosidl_typesupport_introspection_c.dir/rosidl_typesupport_introspection_c/turtlesim/srv/detail/teleport_absolute__type_support.c.o[0m
[44.060s] [ 69%] [32mBuilding CXX object CMakeFiles/turtlesim__rosidl_typesupport_c.dir/rosidl_typesupport_c/turtlesim/srv/spawn__type_support.cpp.o[0m
[44.227s] [ 70%] [32mBuilding CXX object CMakeFiles/turtlesim__rosidl_typesupport_c.dir/rosidl_typesupport_c/turtlesim/srv/teleport_absolute__type_support.cpp.o[0m
[44.232s] [ 71%] [32mBuilding C object CMakeFiles/turtlesim__rosidl_typesupport_introspection_c.dir/rosidl_typesupport_introspection_c/turtlesim/srv/detail/teleport_relative__type_support.c.o[0m
[44.404s] [ 72%] [32mBuilding CXX object CMakeFiles/turtlesim__rosidl_typesupport_c.dir/rosidl_typesupport_c/turtlesim/srv/teleport_relative__type_support.cpp.o[0m
[44.444s] [ 73%] [32m[1mLinking C shared library libturtlesim__rosidl_typesupport_introspection_c.so[0m
[44.586s] [ 74%] [32m[1mLinking CXX shared library libturtlesim__rosidl_typesupport_c.so[0m
[44.610s] [ 74%] Built target turtlesim__rosidl_typesupport_introspection_c
[44.707s] [ 75%] [32mBuilding CXX object CMakeFiles/draw_square.dir/tutorials/draw_square.cpp.o[0m
[44.799s] [ 75%] Built target turtlesim__rosidl_typesupport_c
[44.840s] [ 76%] [32mBuilding CXX object CMakeFiles/turtlesim_node.dir/src/turtle.cpp.o[0m
[68.052s] [ 77%] [32mBuilding CXX object CMakeFiles/mimic.dir/tutorials/mimic.cpp.o[0m
[77.235s] [ 78%] [32m[1mLinking CXX executable turtle_teleop_key[0m
[78.900s] [ 78%] Built target turtle_teleop_key
[79.010s] [ 78%] Built target turtlesim
[79.124s] [ 79%] [34m[1mGenerating Python code for ROS interfaces[0m
[89.649s] [ 79%] Built target turtlesim__py
[89.765s] [ 80%] [32mBuilding C object CMakeFiles/turtlesim__rosidl_generator_py.dir/rosidl_generator_py/turtlesim/action/_rotate_absolute_s.c.o[0m
[90.821s] [ 81%] [32mBuilding C object CMakeFiles/turtlesim__rosidl_generator_py.dir/rosidl_generator_py/turtlesim/msg/_color_s.c.o[0m
[91.483s] [ 82%] [32mBuilding C object CMakeFiles/turtlesim__rosidl_generator_py.dir/rosidl_generator_py/turtlesim/msg/_pose_s.c.o[0m
[92.151s] [ 83%] [32mBuilding C object CMakeFiles/turtlesim__rosidl_generator_py.dir/rosidl_generator_py/turtlesim/srv/_kill_s.c.o[0m
[92.841s] [ 84%] [32mBuilding C object CMakeFiles/turtlesim__rosidl_generator_py.dir/rosidl_generator_py/turtlesim/srv/_set_pen_s.c.o[0m
[93.593s] [ 85%] [32mBuilding C object CMakeFiles/turtlesim__rosidl_generator_py.dir/rosidl_generator_py/turtlesim/srv/_spawn_s.c.o[0m
[94.349s] [ 86%] [32mBuilding C object CMakeFiles/turtlesim__rosidl_generator_py.dir/rosidl_generator_py/turtlesim/srv/_teleport_absolute_s.c.o[0m
[95.963s] [ 87%] [32mBuilding C object CMakeFiles/turtlesim__rosidl_generator_py.dir/rosidl_generator_py/turtlesim/srv/_teleport_relative_s.c.o[0m
[96.612s] [ 88%] [32m[1mLinking C shared library rosidl_generator_py/turtlesim/libturtlesim__rosidl_generator_py.so[0m
[96.885s] [ 88%] Built target turtlesim__rosidl_generator_py
[97.010s] [ 89%] [32mBuilding C object CMakeFiles/turtlesim__rosidl_typesupport_fastrtps_c__pyext.dir/rosidl_generator_py/turtlesim/_turtlesim_s.ep.rosidl_typesupport_fastrtps_c.c.o[0m
[98.069s] [ 90%] [32m[1mLinking C shared library rosidl_generator_py/turtlesim/turtlesim_s__rosidl_typesupport_fastrtps_c.cpython-310-aarch64-linux-gnu.so[0m
[98.398s] [ 90%] Built target turtlesim__rosidl_typesupport_fastrtps_c__pyext
[98.526s] [ 91%] [32mBuilding C object CMakeFiles/turtlesim__rosidl_typesupport_introspection_c__pyext.dir/rosidl_generator_py/turtlesim/_turtlesim_s.ep.rosidl_typesupport_introspection_c.c.o[0m
[99.019s] [ 92%] [32m[1mLinking CXX executable draw_square[0m
[99.735s] [ 93%] [32m[1mLinking C shared library rosidl_generator_py/turtlesim/turtlesim_s__rosidl_typesupport_introspection_c.cpython-310-aarch64-linux-gnu.so[0m
[100.206s] [ 93%] Built target turtlesim__rosidl_typesupport_introspection_c__pyext
[100.380s] [ 94%] [32mBuilding C object CMakeFiles/turtlesim__rosidl_typesupport_c__pyext.dir/rosidl_generator_py/turtlesim/_turtlesim_s.ep.rosidl_typesupport_c.c.o[0m
[101.491s] [ 95%] [32m[1mLinking C shared library rosidl_generator_py/turtlesim/turtlesim_s__rosidl_typesupport_c.cpython-310-aarch64-linux-gnu.so[0m
[101.790s] [ 95%] Built target turtlesim__rosidl_typesupport_c__pyext
[101.835s] [ 96%] [32mBuilding CXX object CMakeFiles/turtlesim_node.dir/src/turtle_frame.cpp.o[0m
[101.990s] [ 96%] Built target draw_square
[102.032s] [ 97%] [32mBuilding CXX object CMakeFiles/turtlesim_node.dir/include/turtlesim/moc_turtle_frame.cpp.o[0m
[119.308s] [ 98%] [32m[1mLinking CXX executable mimic[0m
[121.613s] [ 98%] Built target mimic
[152.102s] [100%] [32m[1mLinking CXX executable turtlesim_node[0m
[160.696s] [100%] Built target turtlesim_node
[160.746s] Invoked command in '/home/thxssio/Codes/RobotROS/build/turtlesim' returned '0': CMAKE_PREFIX_PATH=/opt/ros/humble /usr/bin/cmake --build /home/thxssio/Codes/RobotROS/build/turtlesim -- -j4 -l4
[162.094s] Invoking command in '/home/thxssio/Codes/RobotROS/build/turtlesim': CMAKE_PREFIX_PATH=/opt/ros/humble /usr/bin/cmake --install /home/thxssio/Codes/RobotROS/build/turtlesim
[162.130s] -- Install configuration: ""
[162.134s] -- Installing: /home/thxssio/Codes/RobotROS/install/turtlesim/share/ament_index/resource_index/rosidl_interfaces/turtlesim
[162.138s] -- Installing: /home/thxssio/Codes/RobotROS/install/turtlesim/include/turtlesim/turtlesim
[162.139s] -- Installing: /home/thxssio/Codes/RobotROS/install/turtlesim/include/turtlesim/turtlesim/msg
[162.140s] -- Installing: /home/thxssio/Codes/RobotROS/install/turtlesim/include/turtlesim/turtlesim/msg/detail
[162.141s] -- Installing: /home/thxssio/Codes/RobotROS/install/turtlesim/include/turtlesim/turtlesim/msg/detail/pose__struct.h
[162.142s] -- Installing: /home/thxssio/Codes/RobotROS/install/turtlesim/include/turtlesim/turtlesim/msg/detail/color__functions.h
[162.144s] -- Installing: /home/thxssio/Codes/RobotROS/install/turtlesim/include/turtlesim/turtlesim/msg/detail/color__struct.h
[162.145s] -- Installing: /home/thxssio/Codes/RobotROS/install/turtlesim/include/turtlesim/turtlesim/msg/detail/color__type_support.h
[162.147s] -- Installing: /home/thxssio/Codes/RobotROS/install/turtlesim/include/turtlesim/turtlesim/msg/detail/pose__type_support.h
[162.148s] -- Installing: /home/thxssio/Codes/RobotROS/install/turtlesim/include/turtlesim/turtlesim/msg/detail/pose__functions.h
[162.149s] -- Installing: /home/thxssio/Codes/RobotROS/install/turtlesim/include/turtlesim/turtlesim/msg/detail/pose__functions.c
[162.153s] -- Installing: /home/thxssio/Codes/RobotROS/install/turtlesim/include/turtlesim/turtlesim/msg/detail/color__functions.c
[162.155s] -- Installing: /home/thxssio/Codes/RobotROS/install/turtlesim/include/turtlesim/turtlesim/msg/pose.h
[162.156s] -- Installing: /home/thxssio/Codes/RobotROS/install/turtlesim/include/turtlesim/turtlesim/msg/color.h
[162.158s] -- Installing: /home/thxssio/Codes/RobotROS/install/turtlesim/include/turtlesim/turtlesim/msg/rosidl_generator_c__visibility_control.h
[162.159s] -- Installing: /home/thxssio/Codes/RobotROS/install/turtlesim/include/turtlesim/turtlesim/action
[162.160s] -- Installing: /home/thxssio/Codes/RobotROS/install/turtlesim/include/turtlesim/turtlesim/action/rotate_absolute.h
[162.161s] -- Installing: /home/thxssio/Codes/RobotROS/install/turtlesim/include/turtlesim/turtlesim/action/detail
[162.162s] -- Installing: /home/thxssio/Codes/RobotROS/install/turtlesim/include/turtlesim/turtlesim/action/detail/rotate_absolute__struct.h
[162.163s] -- Installing: /home/thxssio/Codes/RobotROS/install/turtlesim/include/turtlesim/turtlesim/action/detail/rotate_absolute__functions.h
[162.165s] -- Installing: /home/thxssio/Codes/RobotROS/install/turtlesim/include/turtlesim/turtlesim/action/detail/rotate_absolute__functions.c
[162.172s] -- Installing: /home/thxssio/Codes/RobotROS/install/turtlesim/include/turtlesim/turtlesim/action/detail/rotate_absolute__type_support.h
[162.173s] -- Installing: /home/thxssio/Codes/RobotROS/install/turtlesim/include/turtlesim/turtlesim/srv
[162.173s] -- Installing: /home/thxssio/Codes/RobotROS/install/turtlesim/include/turtlesim/turtlesim/srv/kill.h
[162.175s] -- Installing: /home/thxssio/Codes/RobotROS/install/turtlesim/include/turtlesim/turtlesim/srv/teleport_relative.h
[162.177s] -- Installing: /home/thxssio/Codes/RobotROS/install/turtlesim/include/turtlesim/turtlesim/srv/teleport_absolute.h
[162.179s] -- Installing: /home/thxssio/Codes/RobotROS/install/turtlesim/include/turtlesim/turtlesim/srv/spawn.h
[162.180s] -- Installing: /home/thxssio/Codes/RobotROS/install/turtlesim/include/turtlesim/turtlesim/srv/detail
[162.181s] -- Installing: /home/thxssio/Codes/RobotROS/install/turtlesim/include/turtlesim/turtlesim/srv/detail/teleport_absolute__struct.h
[162.182s] -- Installing: /home/thxssio/Codes/RobotROS/install/turtlesim/include/turtlesim/turtlesim/srv/detail/set_pen__functions.c
[162.185s] -- Installing: /home/thxssio/Codes/RobotROS/install/turtlesim/include/turtlesim/turtlesim/srv/detail/set_pen__functions.h
[162.186s] -- Installing: /home/thxssio/Codes/RobotROS/install/turtlesim/include/turtlesim/turtlesim/srv/detail/spawn__type_support.h
[162.187s] -- Installing: /home/thxssio/Codes/RobotROS/install/turtlesim/include/turtlesim/turtlesim/srv/detail/teleport_absolute__functions.c
[162.190s] -- Installing: /home/thxssio/Codes/RobotROS/install/turtlesim/include/turtlesim/turtlesim/srv/detail/teleport_relative__functions.c
[162.192s] -- Installing: /home/thxssio/Codes/RobotROS/install/turtlesim/include/turtlesim/turtlesim/srv/detail/teleport_absolute__type_support.h
[162.193s] -- Installing: /home/thxssio/Codes/RobotROS/install/turtlesim/include/turtlesim/turtlesim/srv/detail/kill__type_support.h
[162.194s] -- Installing: /home/thxssio/Codes/RobotROS/install/turtlesim/include/turtlesim/turtlesim/srv/detail/spawn__functions.c
[162.196s] -- Installing: /home/thxssio/Codes/RobotROS/install/turtlesim/include/turtlesim/turtlesim/srv/detail/teleport_relative__functions.h
[162.197s] -- Installing: /home/thxssio/Codes/RobotROS/install/turtlesim/include/turtlesim/turtlesim/srv/detail/kill__functions.h
[162.199s] -- Installing: /home/thxssio/Codes/RobotROS/install/turtlesim/include/turtlesim/turtlesim/srv/detail/spawn__functions.h
[162.200s] -- Installing: /home/thxssio/Codes/RobotROS/install/turtlesim/include/turtlesim/turtlesim/srv/detail/spawn__struct.h
[162.201s] -- Installing: /home/thxssio/Codes/RobotROS/install/turtlesim/include/turtlesim/turtlesim/srv/detail/teleport_absolute__functions.h
[162.202s] -- Installing: /home/thxssio/Codes/RobotROS/install/turtlesim/include/turtlesim/turtlesim/srv/detail/set_pen__struct.h
[162.203s] -- Installing: /home/thxssio/Codes/RobotROS/install/turtlesim/include/turtlesim/turtlesim/srv/detail/teleport_relative__type_support.h
[162.205s] -- Installing: /home/thxssio/Codes/RobotROS/install/turtlesim/include/turtlesim/turtlesim/srv/detail/set_pen__type_support.h
[162.206s] -- Installing: /home/thxssio/Codes/RobotROS/install/turtlesim/include/turtlesim/turtlesim/srv/detail/kill__functions.c
[162.210s] -- Installing: /home/thxssio/Codes/RobotROS/install/turtlesim/include/turtlesim/turtlesim/srv/detail/teleport_relative__struct.h
[162.211s] -- Installing: /home/thxssio/Codes/RobotROS/install/turtlesim/include/turtlesim/turtlesim/srv/detail/kill__struct.h
[162.212s] -- Installing: /home/thxssio/Codes/RobotROS/install/turtlesim/include/turtlesim/turtlesim/srv/set_pen.h
[162.215s] -- Installing: /home/thxssio/Codes/RobotROS/install/turtlesim/share/turtlesim/environment/library_path.sh
[162.217s] -- Installing: /home/thxssio/Codes/RobotROS/install/turtlesim/share/turtlesim/environment/library_path.dsv
[162.219s] -- Installing: /home/thxssio/Codes/RobotROS/install/turtlesim/lib/libturtlesim__rosidl_generator_c.so
[162.225s] -- Set runtime path of "/home/thxssio/Codes/RobotROS/install/turtlesim/lib/libturtlesim__rosidl_generator_c.so" to ""
[162.225s] -- Up-to-date: /home/thxssio/Codes/RobotROS/install/turtlesim/include/turtlesim/turtlesim
[162.226s] -- Up-to-date: /home/thxssio/Codes/RobotROS/install/turtlesim/include/turtlesim/turtlesim/msg
[162.226s] -- Installing: /home/thxssio/Codes/RobotROS/install/turtlesim/include/turtlesim/turtlesim/msg/rosidl_typesupport_fastrtps_c__visibility_control.h
[162.227s] -- Up-to-date: /home/thxssio/Codes/RobotROS/install/turtlesim/include/turtlesim/turtlesim/msg/detail
[162.227s] -- Installing: /home/thxssio/Codes/RobotROS/install/turtlesim/include/turtlesim/turtlesim/msg/detail/color__rosidl_typesupport_fastrtps_c.h
[162.229s] -- Installing: /home/thxssio/Codes/RobotROS/install/turtlesim/include/turtlesim/turtlesim/msg/detail/pose__rosidl_typesupport_fastrtps_c.h
[162.231s] -- Up-to-date: /home/thxssio/Codes/RobotROS/install/turtlesim/include/turtlesim/turtlesim/action
[162.231s] -- Up-to-date: /home/thxssio/Codes/RobotROS/install/turtlesim/include/turtlesim/turtlesim/action/detail
[162.232s] -- Installing: /home/thxssio/Codes/RobotROS/install/turtlesim/include/turtlesim/turtlesim/action/detail/rotate_absolute__rosidl_typesupport_fastrtps_c.h
[162.234s] -- Up-to-date: /home/thxssio/Codes/RobotROS/install/turtlesim/include/turtlesim/turtlesim/srv
[162.234s] -- Up-to-date: /home/thxssio/Codes/RobotROS/install/turtlesim/include/turtlesim/turtlesim/srv/detail
[162.235s] -- Installing: /home/thxssio/Codes/RobotROS/install/turtlesim/include/turtlesim/turtlesim/srv/detail/kill__rosidl_typesupport_fastrtps_c.h
[162.237s] -- Installing: /home/thxssio/Codes/RobotROS/install/turtlesim/include/turtlesim/turtlesim/srv/detail/teleport_absolute__rosidl_typesupport_fastrtps_c.h
[162.239s] -- Installing: /home/thxssio/Codes/RobotROS/install/turtlesim/include/turtlesim/turtlesim/srv/detail/teleport_relative__rosidl_typesupport_fastrtps_c.h
[162.241s] -- Installing: /home/thxssio/Codes/RobotROS/install/turtlesim/include/turtlesim/turtlesim/srv/detail/set_pen__rosidl_typesupport_fastrtps_c.h
[162.242s] -- Installing: /home/thxssio/Codes/RobotROS/install/turtlesim/include/turtlesim/turtlesim/srv/detail/spawn__rosidl_typesupport_fastrtps_c.h
[162.244s] -- Installing: /home/thxssio/Codes/RobotROS/install/turtlesim/lib/libturtlesim__rosidl_typesupport_fastrtps_c.so
[162.250s] -- Set runtime path of "/home/thxssio/Codes/RobotROS/install/turtlesim/lib/libturtlesim__rosidl_typesupport_fastrtps_c.so" to ""
[162.250s] -- Up-to-date: /home/thxssio/Codes/RobotROS/install/turtlesim/include/turtlesim/turtlesim
[162.251s] -- Up-to-date: /home/thxssio/Codes/RobotROS/install/turtlesim/include/turtlesim/turtlesim/msg
[162.251s] -- Up-to-date: /home/thxssio/Codes/RobotROS/install/turtlesim/include/turtlesim/turtlesim/msg/detail
[162.251s] -- Installing: /home/thxssio/Codes/RobotROS/install/turtlesim/include/turtlesim/turtlesim/msg/detail/color__traits.hpp
[162.253s] -- Installing: /home/thxssio/Codes/RobotROS/install/turtlesim/include/turtlesim/turtlesim/msg/detail/color__builder.hpp
[162.254s] -- Installing: /home/thxssio/Codes/RobotROS/install/turtlesim/include/turtlesim/turtlesim/msg/detail/color__struct.hpp
[162.255s] -- Installing: /home/thxssio/Codes/RobotROS/install/turtlesim/include/turtlesim/turtlesim/msg/detail/pose__builder.hpp
[162.256s] -- Installing: /home/thxssio/Codes/RobotROS/install/turtlesim/include/turtlesim/turtlesim/msg/detail/pose__traits.hpp
[162.257s] -- Installing: /home/thxssio/Codes/RobotROS/install/turtlesim/include/turtlesim/turtlesim/msg/detail/pose__struct.hpp
[162.258s] -- Installing: /home/thxssio/Codes/RobotROS/install/turtlesim/include/turtlesim/turtlesim/msg/pose.hpp
[162.259s] -- Installing: /home/thxssio/Codes/RobotROS/install/turtlesim/include/turtlesim/turtlesim/msg/color.hpp
[162.260s] -- Up-to-date: /home/thxssio/Codes/RobotROS/install/turtlesim/include/turtlesim/turtlesim/action
[162.261s] -- Installing: /home/thxssio/Codes/RobotROS/install/turtlesim/include/turtlesim/turtlesim/action/rotate_absolute.hpp
[162.262s] -- Up-to-date: /home/thxssio/Codes/RobotROS/install/turtlesim/include/turtlesim/turtlesim/action/detail
[162.262s] -- Installing: /home/thxssio/Codes/RobotROS/install/turtlesim/include/turtlesim/turtlesim/action/detail/rotate_absolute__builder.hpp
[162.263s] -- Installing: /home/thxssio/Codes/RobotROS/install/turtlesim/include/turtlesim/turtlesim/action/detail/rotate_absolute__traits.hpp
[162.265s] -- Installing: /home/thxssio/Codes/RobotROS/install/turtlesim/include/turtlesim/turtlesim/action/detail/rotate_absolute__struct.hpp
[162.266s] -- Up-to-date: /home/thxssio/Codes/RobotROS/install/turtlesim/include/turtlesim/turtlesim/srv
[162.266s] -- Installing: /home/thxssio/Codes/RobotROS/install/turtlesim/include/turtlesim/turtlesim/srv/teleport_absolute.hpp
[162.267s] -- Installing: /home/thxssio/Codes/RobotROS/install/turtlesim/include/turtlesim/turtlesim/srv/set_pen.hpp
[162.268s] -- Installing: /home/thxssio/Codes/RobotROS/install/turtlesim/include/turtlesim/turtlesim/srv/spawn.hpp
[162.269s] -- Up-to-date: /home/thxssio/Codes/RobotROS/install/turtlesim/include/turtlesim/turtlesim/srv/detail
[162.269s] -- Installing: /home/thxssio/Codes/RobotROS/install/turtlesim/include/turtlesim/turtlesim/srv/detail/teleport_relative__builder.hpp
[162.271s] -- Installing: /home/thxssio/Codes/RobotROS/install/turtlesim/include/turtlesim/turtlesim/srv/detail/kill__traits.hpp
[162.272s] -- Installing: /home/thxssio/Codes/RobotROS/install/turtlesim/include/turtlesim/turtlesim/srv/detail/teleport_absolute__struct.hpp
[162.273s] -- Installing: /home/thxssio/Codes/RobotROS/install/turtlesim/include/turtlesim/turtlesim/srv/detail/set_pen__struct.hpp
[162.274s] -- Installing: /home/thxssio/Codes/RobotROS/install/turtlesim/include/turtlesim/turtlesim/srv/detail/spawn__builder.hpp
[162.275s] -- Installing: /home/thxssio/Codes/RobotROS/install/turtlesim/include/turtlesim/turtlesim/srv/detail/set_pen__traits.hpp
[162.276s] -- Installing: /home/thxssio/Codes/RobotROS/install/turtlesim/include/turtlesim/turtlesim/srv/detail/set_pen__builder.hpp
[162.277s] -- Installing: /home/thxssio/Codes/RobotROS/install/turtlesim/include/turtlesim/turtlesim/srv/detail/spawn__struct.hpp
[162.278s] -- Installing: /home/thxssio/Codes/RobotROS/install/turtlesim/include/turtlesim/turtlesim/srv/detail/kill__struct.hpp
[162.279s] -- Installing: /home/thxssio/Codes/RobotROS/install/turtlesim/include/turtlesim/turtlesim/srv/detail/teleport_relative__traits.hpp
[162.280s] -- Installing: /home/thxssio/Codes/RobotROS/install/turtlesim/include/turtlesim/turtlesim/srv/detail/spawn__traits.hpp
[162.281s] -- Installing: /home/thxssio/Codes/RobotROS/install/turtlesim/include/turtlesim/turtlesim/srv/detail/teleport_absolute__traits.hpp
[162.282s] -- Installing: /home/thxssio/Codes/RobotROS/install/turtlesim/include/turtlesim/turtlesim/srv/detail/teleport_relative__struct.hpp
[162.283s] -- Installing: /home/thxssio/Codes/RobotROS/install/turtlesim/include/turtlesim/turtlesim/srv/detail/kill__builder.hpp
[162.284s] -- Installing: /home/thxssio/Codes/RobotROS/install/turtlesim/include/turtlesim/turtlesim/srv/detail/teleport_absolute__builder.hpp
[162.285s] -- Installing: /home/thxssio/Codes/RobotROS/install/turtlesim/include/turtlesim/turtlesim/srv/kill.hpp
[162.286s] -- Installing: /home/thxssio/Codes/RobotROS/install/turtlesim/include/turtlesim/turtlesim/srv/teleport_relative.hpp
[162.287s] -- Up-to-date: /home/thxssio/Codes/RobotROS/install/turtlesim/include/turtlesim/turtlesim
[162.287s] -- Up-to-date: /home/thxssio/Codes/RobotROS/install/turtlesim/include/turtlesim/turtlesim/msg
[162.288s] -- Up-to-date: /home/thxssio/Codes/RobotROS/install/turtlesim/include/turtlesim/turtlesim/msg/detail
[162.288s] -- Installing: /home/thxssio/Codes/RobotROS/install/turtlesim/include/turtlesim/turtlesim/msg/detail/dds_fastrtps
[162.289s] -- Installing: /home/thxssio/Codes/RobotROS/install/turtlesim/include/turtlesim/turtlesim/msg/detail/color__rosidl_typesupport_fastrtps_cpp.hpp
[162.293s] -- Installing: /home/thxssio/Codes/RobotROS/install/turtlesim/include/turtlesim/turtlesim/msg/detail/pose__rosidl_typesupport_fastrtps_cpp.hpp
[162.295s] -- Installing: /home/thxssio/Codes/RobotROS/install/turtlesim/include/turtlesim/turtlesim/msg/rosidl_typesupport_fastrtps_cpp__visibility_control.h
[162.296s] -- Up-to-date: /home/thxssio/Codes/RobotROS/install/turtlesim/include/turtlesim/turtlesim/action
[162.296s] -- Up-to-date: /home/thxssio/Codes/RobotROS/install/turtlesim/include/turtlesim/turtlesim/action/detail
[162.297s] -- Installing: /home/thxssio/Codes/RobotROS/install/turtlesim/include/turtlesim/turtlesim/action/detail/dds_fastrtps
[162.298s] -- Installing: /home/thxssio/Codes/RobotROS/install/turtlesim/include/turtlesim/turtlesim/action/detail/rotate_absolute__rosidl_typesupport_fastrtps_cpp.hpp
[162.300s] -- Up-to-date: /home/thxssio/Codes/RobotROS/install/turtlesim/include/turtlesim/turtlesim/srv
[162.301s] -- Up-to-date: /home/thxssio/Codes/RobotROS/install/turtlesim/include/turtlesim/turtlesim/srv/detail
[162.301s] -- Installing: /home/thxssio/Codes/RobotROS/install/turtlesim/include/turtlesim/turtlesim/srv/detail/dds_fastrtps
[162.302s] -- Installing: /home/thxssio/Codes/RobotROS/install/turtlesim/include/turtlesim/turtlesim/srv/detail/kill__rosidl_typesupport_fastrtps_cpp.hpp
[162.304s] -- Installing: /home/thxssio/Codes/RobotROS/install/turtlesim/include/turtlesim/turtlesim/srv/detail/teleport_absolute__rosidl_typesupport_fastrtps_cpp.hpp
[162.307s] -- Installing: /home/thxssio/Codes/RobotROS/install/turtlesim/include/turtlesim/turtlesim/srv/detail/set_pen__rosidl_typesupport_fastrtps_cpp.hpp
[162.309s] -- Installing: /home/thxssio/Codes/RobotROS/install/turtlesim/include/turtlesim/turtlesim/srv/detail/teleport_relative__rosidl_typesupport_fastrtps_cpp.hpp
[162.311s] -- Installing: /home/thxssio/Codes/RobotROS/install/turtlesim/include/turtlesim/turtlesim/srv/detail/spawn__rosidl_typesupport_fastrtps_cpp.hpp
[162.313s] -- Installing: /home/thxssio/Codes/RobotROS/install/turtlesim/lib/libturtlesim__rosidl_typesupport_fastrtps_cpp.so
[162.320s] -- Set runtime path of "/home/thxssio/Codes/RobotROS/install/turtlesim/lib/libturtlesim__rosidl_typesupport_fastrtps_cpp.so" to ""
[162.320s] -- Up-to-date: /home/thxssio/Codes/RobotROS/install/turtlesim/include/turtlesim/turtlesim
[162.321s] -- Up-to-date: /home/thxssio/Codes/RobotROS/install/turtlesim/include/turtlesim/turtlesim/msg
[162.321s] -- Up-to-date: /home/thxssio/Codes/RobotROS/install/turtlesim/include/turtlesim/turtlesim/msg/detail
[162.322s] -- Installing: /home/thxssio/Codes/RobotROS/install/turtlesim/include/turtlesim/turtlesim/msg/detail/pose__rosidl_typesupport_introspection_c.h
[162.323s] -- Installing: /home/thxssio/Codes/RobotROS/install/turtlesim/include/turtlesim/turtlesim/msg/detail/pose__type_support.c
[162.325s] -- Installing: /home/thxssio/Codes/RobotROS/install/turtlesim/include/turtlesim/turtlesim/msg/detail/color__rosidl_typesupport_introspection_c.h
[162.327s] -- Installing: /home/thxssio/Codes/RobotROS/install/turtlesim/include/turtlesim/turtlesim/msg/detail/color__type_support.c
[162.329s] -- Installing: /home/thxssio/Codes/RobotROS/install/turtlesim/include/turtlesim/turtlesim/msg/rosidl_typesupport_introspection_c__visibility_control.h
[162.330s] -- Up-to-date: /home/thxssio/Codes/RobotROS/install/turtlesim/include/turtlesim/turtlesim/action
[162.331s] -- Up-to-date: /home/thxssio/Codes/RobotROS/install/turtlesim/include/turtlesim/turtlesim/action/detail
[162.331s] -- Installing: /home/thxssio/Codes/RobotROS/install/turtlesim/include/turtlesim/turtlesim/action/detail/rotate_absolute__type_support.c
[162.335s] -- Installing: /home/thxssio/Codes/RobotROS/install/turtlesim/include/turtlesim/turtlesim/action/detail/rotate_absolute__rosidl_typesupport_introspection_c.h
[162.337s] -- Up-to-date: /home/thxssio/Codes/RobotROS/install/turtlesim/include/turtlesim/turtlesim/srv
[162.338s] -- Up-to-date: /home/thxssio/Codes/RobotROS/install/turtlesim/include/turtlesim/turtlesim/srv/detail
[162.338s] -- Installing: /home/thxssio/Codes/RobotROS/install/turtlesim/include/turtlesim/turtlesim/srv/detail/kill__rosidl_typesupport_introspection_c.h
[162.340s] -- Installing: /home/thxssio/Codes/RobotROS/install/turtlesim/include/turtlesim/turtlesim/srv/detail/spawn__rosidl_typesupport_introspection_c.h
[162.342s] -- Installing: /home/thxssio/Codes/RobotROS/install/turtlesim/include/turtlesim/turtlesim/srv/detail/set_pen__rosidl_typesupport_introspection_c.h
[162.343s] -- Installing: /home/thxssio/Codes/RobotROS/install/turtlesim/include/turtlesim/turtlesim/srv/detail/set_pen__type_support.c
[162.345s] -- Installing: /home/thxssio/Codes/RobotROS/install/turtlesim/include/turtlesim/turtlesim/srv/detail/teleport_absolute__type_support.c
[162.348s] -- Installing: /home/thxssio/Codes/RobotROS/install/turtlesim/include/turtlesim/turtlesim/srv/detail/teleport_relative__type_support.c
[162.350s] -- Installing: /home/thxssio/Codes/RobotROS/install/turtlesim/include/turtlesim/turtlesim/srv/detail/teleport_relative__rosidl_typesupport_introspection_c.h
[162.352s] -- Installing: /home/thxssio/Codes/RobotROS/install/turtlesim/include/turtlesim/turtlesim/srv/detail/spawn__type_support.c
[162.354s] -- Installing: /home/thxssio/Codes/RobotROS/install/turtlesim/include/turtlesim/turtlesim/srv/detail/teleport_absolute__rosidl_typesupport_introspection_c.h
[162.356s] -- Installing: /home/thxssio/Codes/RobotROS/install/turtlesim/include/turtlesim/turtlesim/srv/detail/kill__type_support.c
[162.358s] -- Installing: /home/thxssio/Codes/RobotROS/install/turtlesim/lib/libturtlesim__rosidl_typesupport_introspection_c.so
[162.363s] -- Set runtime path of "/home/thxssio/Codes/RobotROS/install/turtlesim/lib/libturtlesim__rosidl_typesupport_introspection_c.so" to ""
[162.363s] -- Installing: /home/thxssio/Codes/RobotROS/install/turtlesim/lib/libturtlesim__rosidl_typesupport_c.so
[162.367s] -- Set runtime path of "/home/thxssio/Codes/RobotROS/install/turtlesim/lib/libturtlesim__rosidl_typesupport_c.so" to ""
[162.368s] -- Up-to-date: /home/thxssio/Codes/RobotROS/install/turtlesim/include/turtlesim/turtlesim
[162.368s] -- Up-to-date: /home/thxssio/Codes/RobotROS/install/turtlesim/include/turtlesim/turtlesim/msg
[162.368s] -- Up-to-date: /home/thxssio/Codes/RobotROS/install/turtlesim/include/turtlesim/turtlesim/msg/detail
[162.369s] -- Installing: /home/thxssio/Codes/RobotROS/install/turtlesim/include/turtlesim/turtlesim/msg/detail/color__rosidl_typesupport_introspection_cpp.hpp
[162.371s] -- Installing: /home/thxssio/Codes/RobotROS/install/turtlesim/include/turtlesim/turtlesim/msg/detail/pose__type_support.cpp
[162.373s] -- Installing: /home/thxssio/Codes/RobotROS/install/turtlesim/include/turtlesim/turtlesim/msg/detail/pose__rosidl_typesupport_introspection_cpp.hpp
[162.374s] -- Installing: /home/thxssio/Codes/RobotROS/install/turtlesim/include/turtlesim/turtlesim/msg/detail/color__type_support.cpp
[162.376s] -- Up-to-date: /home/thxssio/Codes/RobotROS/install/turtlesim/include/turtlesim/turtlesim/action
[162.377s] -- Up-to-date: /home/thxssio/Codes/RobotROS/install/turtlesim/include/turtlesim/turtlesim/action/detail
[162.377s] -- Installing: /home/thxssio/Codes/RobotROS/install/turtlesim/include/turtlesim/turtlesim/action/detail/rotate_absolute__rosidl_typesupport_introspection_cpp.hpp
[162.379s] -- Installing: /home/thxssio/Codes/RobotROS/install/turtlesim/include/turtlesim/turtlesim/action/detail/rotate_absolute__type_support.cpp
[162.382s] -- Up-to-date: /home/thxssio/Codes/RobotROS/install/turtlesim/include/turtlesim/turtlesim/srv
[162.383s] -- Up-to-date: /home/thxssio/Codes/RobotROS/install/turtlesim/include/turtlesim/turtlesim/srv/detail
[162.383s] -- Installing: /home/thxssio/Codes/RobotROS/install/turtlesim/include/turtlesim/turtlesim/srv/detail/teleport_absolute__type_support.cpp
[162.386s] -- Installing: /home/thxssio/Codes/RobotROS/install/turtlesim/include/turtlesim/turtlesim/srv/detail/teleport_absolute__rosidl_typesupport_introspection_cpp.hpp
[162.388s] -- Installing: /home/thxssio/Codes/RobotROS/install/turtlesim/include/turtlesim/turtlesim/srv/detail/spawn__type_support.cpp
[162.390s] -- Installing: /home/thxssio/Codes/RobotROS/install/turtlesim/include/turtlesim/turtlesim/srv/detail/teleport_relative__type_support.cpp
[162.392s] -- Installing: /home/thxssio/Codes/RobotROS/install/turtlesim/include/turtlesim/turtlesim/srv/detail/set_pen__rosidl_typesupport_introspection_cpp.hpp
[162.394s] -- Installing: /home/thxssio/Codes/RobotROS/install/turtlesim/include/turtlesim/turtlesim/srv/detail/kill__type_support.cpp
[162.396s] -- Installing: /home/thxssio/Codes/RobotROS/install/turtlesim/include/turtlesim/turtlesim/srv/detail/set_pen__type_support.cpp
[162.399s] -- Installing: /home/thxssio/Codes/RobotROS/install/turtlesim/include/turtlesim/turtlesim/srv/detail/spawn__rosidl_typesupport_introspection_cpp.hpp
[162.400s] -- Installing: /home/thxssio/Codes/RobotROS/install/turtlesim/include/turtlesim/turtlesim/srv/detail/kill__rosidl_typesupport_introspection_cpp.hpp
[162.402s] -- Installing: /home/thxssio/Codes/RobotROS/install/turtlesim/include/turtlesim/turtlesim/srv/detail/teleport_relative__rosidl_typesupport_introspection_cpp.hpp
[162.405s] -- Installing: /home/thxssio/Codes/RobotROS/install/turtlesim/lib/libturtlesim__rosidl_typesupport_introspection_cpp.so
[162.411s] -- Set runtime path of "/home/thxssio/Codes/RobotROS/install/turtlesim/lib/libturtlesim__rosidl_typesupport_introspection_cpp.so" to ""
[162.411s] -- Installing: /home/thxssio/Codes/RobotROS/install/turtlesim/lib/libturtlesim__rosidl_typesupport_cpp.so
[162.416s] -- Set runtime path of "/home/thxssio/Codes/RobotROS/install/turtlesim/lib/libturtlesim__rosidl_typesupport_cpp.so" to ""
[162.416s] -- Installing: /home/thxssio/Codes/RobotROS/install/turtlesim/share/turtlesim/environment/pythonpath.sh
[162.418s] -- Installing: /home/thxssio/Codes/RobotROS/install/turtlesim/share/turtlesim/environment/pythonpath.dsv
[162.420s] -- Installing: /home/thxssio/Codes/RobotROS/install/turtlesim/local/lib/python3.10/dist-packages/turtlesim-1.4.2-py3.10.egg-info
[162.421s] -- Installing: /home/thxssio/Codes/RobotROS/install/turtlesim/local/lib/python3.10/dist-packages/turtlesim-1.4.2-py3.10.egg-info/dependency_links.txt
[162.423s] -- Installing: /home/thxssio/Codes/RobotROS/install/turtlesim/local/lib/python3.10/dist-packages/turtlesim-1.4.2-py3.10.egg-info/top_level.txt
[162.425s] -- Installing: /home/thxssio/Codes/RobotROS/install/turtlesim/local/lib/python3.10/dist-packages/turtlesim-1.4.2-py3.10.egg-info/SOURCES.txt
[162.427s] -- Installing: /home/thxssio/Codes/RobotROS/install/turtlesim/local/lib/python3.10/dist-packages/turtlesim-1.4.2-py3.10.egg-info/PKG-INFO
[162.429s] -- Installing: /home/thxssio/Codes/RobotROS/install/turtlesim/local/lib/python3.10/dist-packages/turtlesim
[162.429s] -- Installing: /home/thxssio/Codes/RobotROS/install/turtlesim/local/lib/python3.10/dist-packages/turtlesim/libturtlesim__rosidl_generator_py.so
[162.431s] -- Installing: /home/thxssio/Codes/RobotROS/install/turtlesim/local/lib/python3.10/dist-packages/turtlesim/_turtlesim_s.ep.rosidl_typesupport_introspection_c.c
[162.434s] -- Installing: /home/thxssio/Codes/RobotROS/install/turtlesim/local/lib/python3.10/dist-packages/turtlesim/turtlesim_s__rosidl_typesupport_introspection_c.cpython-310-aarch64-linux-gnu.so
[162.435s] -- Installing: /home/thxssio/Codes/RobotROS/install/turtlesim/local/lib/python3.10/dist-packages/turtlesim/msg
[162.436s] -- Installing: /home/thxssio/Codes/RobotROS/install/turtlesim/local/lib/python3.10/dist-packages/turtlesim/msg/_color_s.c
[162.438s] -- Installing: /home/thxssio/Codes/RobotROS/install/turtlesim/local/lib/python3.10/dist-packages/turtlesim/msg/_pose_s.c
[162.439s] -- Installing: /home/thxssio/Codes/RobotROS/install/turtlesim/local/lib/python3.10/dist-packages/turtlesim/msg/__init__.py
[162.440s] -- Installing: /home/thxssio/Codes/RobotROS/install/turtlesim/local/lib/python3.10/dist-packages/turtlesim/msg/_pose.py
[162.441s] -- Installing: /home/thxssio/Codes/RobotROS/install/turtlesim/local/lib/python3.10/dist-packages/turtlesim/msg/_color.py
[162.442s] -- Installing: /home/thxssio/Codes/RobotROS/install/turtlesim/local/lib/python3.10/dist-packages/turtlesim/turtlesim_s__rosidl_typesupport_fastrtps_c.cpython-310-aarch64-linux-gnu.so
[162.443s] -- Installing: /home/thxssio/Codes/RobotROS/install/turtlesim/local/lib/python3.10/dist-packages/turtlesim/_turtlesim_s.ep.rosidl_typesupport_c.c
[162.445s] -- Installing: /home/thxssio/Codes/RobotROS/install/turtlesim/local/lib/python3.10/dist-packages/turtlesim/__init__.py
[162.446s] -- Installing: /home/thxssio/Codes/RobotROS/install/turtlesim/local/lib/python3.10/dist-packages/turtlesim/_turtlesim_s.ep.rosidl_typesupport_fastrtps_c.c
[162.448s] -- Installing: /home/thxssio/Codes/RobotROS/install/turtlesim/local/lib/python3.10/dist-packages/turtlesim/action
[162.449s] -- Installing: /home/thxssio/Codes/RobotROS/install/turtlesim/local/lib/python3.10/dist-packages/turtlesim/action/_rotate_absolute_s.c
[162.450s] -- Installing: /home/thxssio/Codes/RobotROS/install/turtlesim/local/lib/python3.10/dist-packages/turtlesim/action/__init__.py
[162.451s] -- Installing: /home/thxssio/Codes/RobotROS/install/turtlesim/local/lib/python3.10/dist-packages/turtlesim/action/_rotate_absolute.py
[162.452s] -- Installing: /home/thxssio/Codes/RobotROS/install/turtlesim/local/lib/python3.10/dist-packages/turtlesim/turtlesim_s__rosidl_typesupport_c.cpython-310-aarch64-linux-gnu.so
[162.454s] -- Installing: /home/thxssio/Codes/RobotROS/install/turtlesim/local/lib/python3.10/dist-packages/turtlesim/srv
[162.455s] -- Installing: /home/thxssio/Codes/RobotROS/install/turtlesim/local/lib/python3.10/dist-packages/turtlesim/srv/_teleport_relative_s.c
[162.456s] -- Installing: /home/thxssio/Codes/RobotROS/install/turtlesim/local/lib/python3.10/dist-packages/turtlesim/srv/_teleport_relative.py
[162.457s] -- Installing: /home/thxssio/Codes/RobotROS/install/turtlesim/local/lib/python3.10/dist-packages/turtlesim/srv/_set_pen_s.c
[162.458s] -- Installing: /home/thxssio/Codes/RobotROS/install/turtlesim/local/lib/python3.10/dist-packages/turtlesim/srv/_teleport_absolute_s.c
[162.459s] -- Installing: /home/thxssio/Codes/RobotROS/install/turtlesim/local/lib/python3.10/dist-packages/turtlesim/srv/_kill.py
[162.460s] -- Installing: /home/thxssio/Codes/RobotROS/install/turtlesim/local/lib/python3.10/dist-packages/turtlesim/srv/_spawn.py
[162.461s] -- Installing: /home/thxssio/Codes/RobotROS/install/turtlesim/local/lib/python3.10/dist-packages/turtlesim/srv/_teleport_absolute.py
[162.462s] -- Installing: /home/thxssio/Codes/RobotROS/install/turtlesim/local/lib/python3.10/dist-packages/turtlesim/srv/_set_pen.py
[162.463s] -- Installing: /home/thxssio/Codes/RobotROS/install/turtlesim/local/lib/python3.10/dist-packages/turtlesim/srv/__init__.py
[162.464s] -- Installing: /home/thxssio/Codes/RobotROS/install/turtlesim/local/lib/python3.10/dist-packages/turtlesim/srv/_kill_s.c
[162.465s] -- Installing: /home/thxssio/Codes/RobotROS/install/turtlesim/local/lib/python3.10/dist-packages/turtlesim/srv/_spawn_s.c
[162.667s] Listing '/home/thxssio/Codes/RobotROS/install/turtlesim/local/lib/python3.10/dist-packages/turtlesim'...
[162.668s] Compiling '/home/thxssio/Codes/RobotROS/install/turtlesim/local/lib/python3.10/dist-packages/turtlesim/__init__.py'...
[162.669s] Listing '/home/thxssio/Codes/RobotROS/install/turtlesim/local/lib/python3.10/dist-packages/turtlesim/action'...
[162.670s] Compiling '/home/thxssio/Codes/RobotROS/install/turtlesim/local/lib/python3.10/dist-packages/turtlesim/action/__init__.py'...
[162.670s] Compiling '/home/thxssio/Codes/RobotROS/install/turtlesim/local/lib/python3.10/dist-packages/turtlesim/action/_rotate_absolute.py'...
[162.671s] Listing '/home/thxssio/Codes/RobotROS/install/turtlesim/local/lib/python3.10/dist-packages/turtlesim/msg'...
[162.672s] Compiling '/home/thxssio/Codes/RobotROS/install/turtlesim/local/lib/python3.10/dist-packages/turtlesim/msg/__init__.py'...
[162.673s] Compiling '/home/thxssio/Codes/RobotROS/install/turtlesim/local/lib/python3.10/dist-packages/turtlesim/msg/_color.py'...
[162.674s] Compiling '/home/thxssio/Codes/RobotROS/install/turtlesim/local/lib/python3.10/dist-packages/turtlesim/msg/_pose.py'...
[162.674s] Listing '/home/thxssio/Codes/RobotROS/install/turtlesim/local/lib/python3.10/dist-packages/turtlesim/srv'...
[162.675s] Compiling '/home/thxssio/Codes/RobotROS/install/turtlesim/local/lib/python3.10/dist-packages/turtlesim/srv/__init__.py'...
[162.676s] Compiling '/home/thxssio/Codes/RobotROS/install/turtlesim/local/lib/python3.10/dist-packages/turtlesim/srv/_kill.py'...
[162.677s] Compiling '/home/thxssio/Codes/RobotROS/install/turtlesim/local/lib/python3.10/dist-packages/turtlesim/srv/_set_pen.py'...
[162.678s] Compiling '/home/thxssio/Codes/RobotROS/install/turtlesim/local/lib/python3.10/dist-packages/turtlesim/srv/_spawn.py'...
[162.678s] Compiling '/home/thxssio/Codes/RobotROS/install/turtlesim/local/lib/python3.10/dist-packages/turtlesim/srv/_teleport_absolute.py'...
[162.679s] Compiling '/home/thxssio/Codes/RobotROS/install/turtlesim/local/lib/python3.10/dist-packages/turtlesim/srv/_teleport_relative.py'...
[162.692s] -- Installing: /home/thxssio/Codes/RobotROS/install/turtlesim/local/lib/python3.10/dist-packages/turtlesim/turtlesim_s__rosidl_typesupport_fastrtps_c.cpython-310-aarch64-linux-gnu.so
[162.695s] -- Set runtime path of "/home/thxssio/Codes/RobotROS/install/turtlesim/local/lib/python3.10/dist-packages/turtlesim/turtlesim_s__rosidl_typesupport_fastrtps_c.cpython-310-aarch64-linux-gnu.so" to ""
[162.696s] -- Installing: /home/thxssio/Codes/RobotROS/install/turtlesim/local/lib/python3.10/dist-packages/turtlesim/turtlesim_s__rosidl_typesupport_introspection_c.cpython-310-aarch64-linux-gnu.so
[162.714s] -- Set runtime path of "/home/thxssio/Codes/RobotROS/install/turtlesim/local/lib/python3.10/dist-packages/turtlesim/turtlesim_s__rosidl_typesupport_introspection_c.cpython-310-aarch64-linux-gnu.so" to ""
[162.716s] -- Installing: /home/thxssio/Codes/RobotROS/install/turtlesim/local/lib/python3.10/dist-packages/turtlesim/turtlesim_s__rosidl_typesupport_c.cpython-310-aarch64-linux-gnu.so
[162.720s] -- Set runtime path of "/home/thxssio/Codes/RobotROS/install/turtlesim/local/lib/python3.10/dist-packages/turtlesim/turtlesim_s__rosidl_typesupport_c.cpython-310-aarch64-linux-gnu.so" to ""
[162.721s] -- Installing: /home/thxssio/Codes/RobotROS/install/turtlesim/lib/libturtlesim__rosidl_generator_py.so
[162.725s] -- Set runtime path of "/home/thxssio/Codes/RobotROS/install/turtlesim/lib/libturtlesim__rosidl_generator_py.so" to ""
[162.726s] -- Installing: /home/thxssio/Codes/RobotROS/install/turtlesim/share/turtlesim/action/RotateAbsolute.idl
[162.728s] -- Installing: /home/thxssio/Codes/RobotROS/install/turtlesim/share/turtlesim/msg/Color.idl
[162.729s] -- Installing: /home/thxssio/Codes/RobotROS/install/turtlesim/share/turtlesim/msg/Pose.idl
[162.731s] -- Installing: /home/thxssio/Codes/RobotROS/install/turtlesim/share/turtlesim/srv/Kill.idl
[162.732s] -- Installing: /home/thxssio/Codes/RobotROS/install/turtlesim/share/turtlesim/srv/SetPen.idl
[162.733s] -- Installing: /home/thxssio/Codes/RobotROS/install/turtlesim/share/turtlesim/srv/Spawn.idl
[162.734s] -- Installing: /home/thxssio/Codes/RobotROS/install/turtlesim/share/turtlesim/srv/TeleportAbsolute.idl
[162.736s] -- Installing: /home/thxssio/Codes/RobotROS/install/turtlesim/share/turtlesim/srv/TeleportRelative.idl
[162.737s] -- Installing: /home/thxssio/Codes/RobotROS/install/turtlesim/share/turtlesim/action/RotateAbsolute.action
[162.738s] -- Installing: /home/thxssio/Codes/RobotROS/install/turtlesim/share/turtlesim/msg/Color.msg
[162.739s] -- Installing: /home/thxssio/Codes/RobotROS/install/turtlesim/share/turtlesim/msg/Pose.msg
[162.740s] -- Installing: /home/thxssio/Codes/RobotROS/install/turtlesim/share/turtlesim/srv/Kill.srv
[162.741s] -- Installing: /home/thxssio/Codes/RobotROS/install/turtlesim/share/turtlesim/srv/Kill_Request.msg
[162.744s] -- Installing: /home/thxssio/Codes/RobotROS/install/turtlesim/share/turtlesim/srv/Kill_Response.msg
[162.745s] -- Installing: /home/thxssio/Codes/RobotROS/install/turtlesim/share/turtlesim/srv/SetPen.srv
[162.746s] -- Installing: /home/thxssio/Codes/RobotROS/install/turtlesim/share/turtlesim/srv/SetPen_Request.msg
[162.749s] -- Installing: /home/thxssio/Codes/RobotROS/install/turtlesim/share/turtlesim/srv/SetPen_Response.msg
[162.754s] -- Installing: /home/thxssio/Codes/RobotROS/install/turtlesim/share/turtlesim/srv/Spawn.srv
[162.756s] -- Installing: /home/thxssio/Codes/RobotROS/install/turtlesim/share/turtlesim/srv/Spawn_Request.msg
[162.760s] -- Installing: /home/thxssio/Codes/RobotROS/install/turtlesim/share/turtlesim/srv/Spawn_Response.msg
[162.765s] -- Installing: /home/thxssio/Codes/RobotROS/install/turtlesim/share/turtlesim/srv/TeleportAbsolute.srv
[162.767s] -- Installing: /home/thxssio/Codes/RobotROS/install/turtlesim/share/turtlesim/srv/TeleportAbsolute_Request.msg
[162.772s] -- Installing: /home/thxssio/Codes/RobotROS/install/turtlesim/share/turtlesim/srv/TeleportAbsolute_Response.msg
[162.775s] -- Installing: /home/thxssio/Codes/RobotROS/install/turtlesim/share/turtlesim/srv/TeleportRelative.srv
[162.777s] -- Installing: /home/thxssio/Codes/RobotROS/install/turtlesim/share/turtlesim/srv/TeleportRelative_Request.msg
[162.779s] -- Installing: /home/thxssio/Codes/RobotROS/install/turtlesim/share/turtlesim/srv/TeleportRelative_Response.msg
[162.781s] -- Installing: /home/thxssio/Codes/RobotROS/install/turtlesim/lib/turtlesim/turtlesim_node
[162.845s] -- Set runtime path of "/home/thxssio/Codes/RobotROS/install/turtlesim/lib/turtlesim/turtlesim_node" to ""
[162.845s] -- Installing: /home/thxssio/Codes/RobotROS/install/turtlesim/lib/turtlesim/turtle_teleop_key
[162.858s] -- Set runtime path of "/home/thxssio/Codes/RobotROS/install/turtlesim/lib/turtlesim/turtle_teleop_key" to ""
[162.858s] -- Installing: /home/thxssio/Codes/RobotROS/install/turtlesim/lib/turtlesim/draw_square
[162.888s] -- Set runtime path of "/home/thxssio/Codes/RobotROS/install/turtlesim/lib/turtlesim/draw_square" to ""
[162.888s] -- Installing: /home/thxssio/Codes/RobotROS/install/turtlesim/lib/turtlesim/mimic
[162.915s] -- Set runtime path of "/home/thxssio/Codes/RobotROS/install/turtlesim/lib/turtlesim/mimic" to ""
[162.915s] -- Installing: /home/thxssio/Codes/RobotROS/install/turtlesim/share/turtlesim/images
[162.915s] -- Installing: /home/thxssio/Codes/RobotROS/install/turtlesim/share/turtlesim/images/eloquent.png
[162.920s] -- Installing: /home/thxssio/Codes/RobotROS/install/turtlesim/share/turtlesim/images/dashing.png
[162.922s] -- Installing: /home/thxssio/Codes/RobotROS/install/turtlesim/share/turtlesim/images/foxy.png
[162.923s] -- Installing: /home/thxssio/Codes/RobotROS/install/turtlesim/share/turtlesim/images/galactic.png
[162.925s] -- Installing: /home/thxssio/Codes/RobotROS/install/turtlesim/share/turtlesim/images/ardent.png
[162.927s] -- Installing: /home/thxssio/Codes/RobotROS/install/turtlesim/share/turtlesim/images/crystal.png
[162.929s] -- Installing: /home/thxssio/Codes/RobotROS/install/turtlesim/share/turtlesim/images/rolling.png
[162.931s] -- Installing: /home/thxssio/Codes/RobotROS/install/turtlesim/share/turtlesim/images/bouncy.png
[162.933s] -- Installing: /home/thxssio/Codes/RobotROS/install/turtlesim/share/turtlesim/images/humble.png
[162.935s] -- Installing: /home/thxssio/Codes/RobotROS/install/turtlesim/share/turtlesim/launch
[162.935s] -- Installing: /home/thxssio/Codes/RobotROS/install/turtlesim/share/turtlesim/launch/multisim.launch.py
[162.938s] -- Installing: /home/thxssio/Codes/RobotROS/install/turtlesim/share/ament_index/resource_index/package_run_dependencies/turtlesim
[162.940s] -- Installing: /home/thxssio/Codes/RobotROS/install/turtlesim/share/ament_index/resource_index/parent_prefix_path/turtlesim
[162.942s] -- Installing: /home/thxssio/Codes/RobotROS/install/turtlesim/share/turtlesim/environment/ament_prefix_path.sh
[162.944s] -- Installing: /home/thxssio/Codes/RobotROS/install/turtlesim/share/turtlesim/environment/ament_prefix_path.dsv
[162.946s] -- Installing: /home/thxssio/Codes/RobotROS/install/turtlesim/share/turtlesim/environment/path.sh
[162.948s] -- Installing: /home/thxssio/Codes/RobotROS/install/turtlesim/share/turtlesim/environment/path.dsv
[162.950s] -- Installing: /home/thxssio/Codes/RobotROS/install/turtlesim/share/turtlesim/local_setup.bash
[162.952s] -- Installing: /home/thxssio/Codes/RobotROS/install/turtlesim/share/turtlesim/local_setup.sh
[162.954s] -- Installing: /home/thxssio/Codes/RobotROS/install/turtlesim/share/turtlesim/local_setup.zsh
[162.956s] -- Installing: /home/thxssio/Codes/RobotROS/install/turtlesim/share/turtlesim/local_setup.dsv
[162.957s] -- Installing: /home/thxssio/Codes/RobotROS/install/turtlesim/share/turtlesim/package.dsv
[162.959s] -- Installing: /home/thxssio/Codes/RobotROS/install/turtlesim/share/ament_index/resource_index/packages/turtlesim
[162.961s] -- Installing: /home/thxssio/Codes/RobotROS/install/turtlesim/share/turtlesim/cmake/export_turtlesim__rosidl_generator_cExport.cmake
[162.963s] -- Installing: /home/thxssio/Codes/RobotROS/install/turtlesim/share/turtlesim/cmake/export_turtlesim__rosidl_generator_cExport-noconfig.cmake
[162.965s] -- Installing: /home/thxssio/Codes/RobotROS/install/turtlesim/share/turtlesim/cmake/export_turtlesim__rosidl_typesupport_fastrtps_cExport.cmake
[162.968s] -- Installing: /home/thxssio/Codes/RobotROS/install/turtlesim/share/turtlesim/cmake/export_turtlesim__rosidl_typesupport_fastrtps_cExport-noconfig.cmake
[162.970s] -- Installing: /home/thxssio/Codes/RobotROS/install/turtlesim/share/turtlesim/cmake/export_turtlesim__rosidl_generator_cppExport.cmake
[162.972s] -- Installing: /home/thxssio/Codes/RobotROS/install/turtlesim/share/turtlesim/cmake/export_turtlesim__rosidl_typesupport_fastrtps_cppExport.cmake
[162.974s] -- Installing: /home/thxssio/Codes/RobotROS/install/turtlesim/share/turtlesim/cmake/export_turtlesim__rosidl_typesupport_fastrtps_cppExport-noconfig.cmake
[162.976s] -- Installing: /home/thxssio/Codes/RobotROS/install/turtlesim/share/turtlesim/cmake/turtlesim__rosidl_typesupport_introspection_cExport.cmake
[162.978s] -- Installing: /home/thxssio/Codes/RobotROS/install/turtlesim/share/turtlesim/cmake/turtlesim__rosidl_typesupport_introspection_cExport-noconfig.cmake
[162.980s] -- Installing: /home/thxssio/Codes/RobotROS/install/turtlesim/share/turtlesim/cmake/turtlesim__rosidl_typesupport_cExport.cmake
[162.982s] -- Installing: /home/thxssio/Codes/RobotROS/install/turtlesim/share/turtlesim/cmake/turtlesim__rosidl_typesupport_cExport-noconfig.cmake
[162.984s] -- Installing: /home/thxssio/Codes/RobotROS/install/turtlesim/share/turtlesim/cmake/turtlesim__rosidl_typesupport_introspection_cppExport.cmake
[162.987s] -- Installing: /home/thxssio/Codes/RobotROS/install/turtlesim/share/turtlesim/cmake/turtlesim__rosidl_typesupport_introspection_cppExport-noconfig.cmake
[162.989s] -- Installing: /home/thxssio/Codes/RobotROS/install/turtlesim/share/turtlesim/cmake/turtlesim__rosidl_typesupport_cppExport.cmake
[162.991s] -- Installing: /home/thxssio/Codes/RobotROS/install/turtlesim/share/turtlesim/cmake/turtlesim__rosidl_typesupport_cppExport-noconfig.cmake
[162.993s] -- Installing: /home/thxssio/Codes/RobotROS/install/turtlesim/share/turtlesim/cmake/export_turtlesim__rosidl_generator_pyExport.cmake
[162.995s] -- Installing: /home/thxssio/Codes/RobotROS/install/turtlesim/share/turtlesim/cmake/export_turtlesim__rosidl_generator_pyExport-noconfig.cmake
[162.997s] -- Installing: /home/thxssio/Codes/RobotROS/install/turtlesim/share/turtlesim/cmake/rosidl_cmake-extras.cmake
[162.999s] -- Installing: /home/thxssio/Codes/RobotROS/install/turtlesim/share/turtlesim/cmake/ament_cmake_export_dependencies-extras.cmake
[163.001s] -- Installing: /home/thxssio/Codes/RobotROS/install/turtlesim/share/turtlesim/cmake/ament_cmake_export_include_directories-extras.cmake
[163.003s] -- Installing: /home/thxssio/Codes/RobotROS/install/turtlesim/share/turtlesim/cmake/ament_cmake_export_libraries-extras.cmake
[163.005s] -- Installing: /home/thxssio/Codes/RobotROS/install/turtlesim/share/turtlesim/cmake/ament_cmake_export_targets-extras.cmake
[163.007s] -- Installing: /home/thxssio/Codes/RobotROS/install/turtlesim/share/turtlesim/cmake/rosidl_cmake_export_typesupport_targets-extras.cmake
[163.009s] -- Installing: /home/thxssio/Codes/RobotROS/install/turtlesim/share/turtlesim/cmake/rosidl_cmake_export_typesupport_libraries-extras.cmake
[163.011s] -- Installing: /home/thxssio/Codes/RobotROS/install/turtlesim/share/turtlesim/cmake/turtlesimConfig.cmake
[163.012s] -- Installing: /home/thxssio/Codes/RobotROS/install/turtlesim/share/turtlesim/cmake/turtlesimConfig-version.cmake
[163.014s] -- Installing: /home/thxssio/Codes/RobotROS/install/turtlesim/share/turtlesim/package.xml
[163.028s] Invoked command in '/home/thxssio/Codes/RobotROS/build/turtlesim' returned '0': CMAKE_PREFIX_PATH=/opt/ros/humble /usr/bin/cmake --install /home/thxssio/Codes/RobotROS/build/turtlesim
