[0.057s] Invoking command in '/home/thxssio/Codes/RobotROS/build/imu': CMAKE_PREFIX_PATH=/opt/ros/humble /usr/bin/cmake /home/thxssio/Codes/RobotROS/src/imu -DCMAKE_INSTALL_PREFIX=/home/thxssio/Codes/RobotROS/install/imu
[0.103s] -- Found ament_cmake: 1.3.4 (/opt/ros/humble/share/ament_cmake/cmake)
[0.747s] -- Found rclcpp: 16.0.4 (/opt/ros/humble/share/rclcpp/cmake)
[1.065s] -- Found rosidl_generator_c: 3.1.4 (/opt/ros/humble/share/rosidl_generator_c/cmake)
[1.106s] -- Found rosidl_adapter: 3.1.4 (/opt/ros/humble/share/rosidl_adapter/cmake)
[1.161s] -- Found rosidl_generator_cpp: 3.1.4 (/opt/ros/humble/share/rosidl_generator_cpp/cmake)
[1.236s] -- Using all available rosidl_typesupport_c: rosidl_typesupport_fastrtps_c;rosidl_typesupport_introspection_c
[1.344s] -- Using all available rosidl_typesupport_cpp: rosidl_typesupport_fastrtps_cpp;rosidl_typesupport_introspection_cpp
[1.704s] -- Found rmw_implementation_cmake: 6.1.1 (/opt/ros/humble/share/rmw_implementation_cmake/cmake)
[1.725s] -- Found rmw_fastrtps_cpp: 6.2.2 (/opt/ros/humble/share/rmw_fastrtps_cpp/cmake)
[2.266s] -- Found OpenSSL: /usr/lib/aarch64-linux-gnu/libcrypto.so (found version "3.0.2")  
[2.483s] -- Found FastRTPS: /opt/ros/humble/include  
[2.856s] -- Using RMW implementation 'rmw_fastrtps_cpp' as default
[2.927s] -- Looking for pthread.h
[3.240s] -- Looking for pthread.h - found
[3.242s] -- Performing Test CMAKE_HAVE_LIBC_PTHREAD
[3.550s] -- Performing Test CMAKE_HAVE_LIBC_PTHREAD - Success
[3.554s] -- Found Threads: TRUE  
[4.189s] -- Found sensor_msgs: 4.2.3 (/opt/ros/humble/share/sensor_msgs/cmake)
[4.654s] [31mCMake Error at /opt/ros/humble/share/ament_cmake_target_dependencies/cmake/ament_target_dependencies.cmake:42 (message):
[4.655s]   ament_target_dependencies() the first argument must be a valid target name
[4.655s] Call Stack (most recent call first):
[4.655s]   CMakeLists.txt:24 (ament_target_dependencies)
[4.655s] 
[4.656s] [0m
[4.656s] -- Configuring incomplete, errors occurred!
[4.656s] See also "/home/thxssio/Codes/RobotROS/build/imu/CMakeFiles/CMakeOutput.log".
[4.680s] Invoked command in '/home/thxssio/Codes/RobotROS/build/imu' returned '1': CMAKE_PREFIX_PATH=/opt/ros/humble /usr/bin/cmake /home/thxssio/Codes/RobotROS/src/imu -DCMAKE_INSTALL_PREFIX=/home/thxssio/Codes/RobotROS/install/imu
