[0.067s] Invoking command in '/home/thxssio/Codes/RobotROS/build/imu': CMAKE_PREFIX_PATH=${CMAKE_PREFIX_PATH}:/opt/ros/humble /usr/bin/cmake --build /home/thxssio/Codes/RobotROS/build/imu -- -j4 -l4
[0.286s] [100%] Built target imu
[0.322s] Invoked command in '/home/thxssio/Codes/RobotROS/build/imu' returned '0': CMAKE_PREFIX_PATH=${CMAKE_PREFIX_PATH}:/opt/ros/humble /usr/bin/cmake --build /home/thxssio/Codes/RobotROS/build/imu -- -j4 -l4
[0.505s] Invoking command in '/home/thxssio/Codes/RobotROS/build/imu': CMAKE_PREFIX_PATH=${CMAKE_PREFIX_PATH}:/opt/ros/humble /usr/bin/cmake --install /home/thxssio/Codes/RobotROS/build/imu
[0.530s] -- Install configuration: ""
[0.531s] -- Up-to-date: /home/thxssio/Codes/RobotROS/install/imu/lib/imu/imu
[0.532s] -- Up-to-date: /home/thxssio/Codes/RobotROS/install/imu/share/imu//launch
[0.533s] -- Installing: /home/thxssio/Codes/RobotROS/install/imu/share/imu//launch/imu_launch.py
[0.534s] -- Up-to-date: /home/thxssio/Codes/RobotROS/install/imu/share/imu//params
[0.535s] -- Up-to-date: /home/thxssio/Codes/RobotROS/install/imu/share/imu//params/mpu6050.yaml
[0.535s] -- Up-to-date: /home/thxssio/Codes/RobotROS/install/imu/share/ament_index/resource_index/package_run_dependencies/imu
[0.536s] -- Up-to-date: /home/thxssio/Codes/RobotROS/install/imu/share/ament_index/resource_index/parent_prefix_path/imu
[0.536s] -- Up-to-date: /home/thxssio/Codes/RobotROS/install/imu/share/imu/environment/ament_prefix_path.sh
[0.536s] -- Up-to-date: /home/thxssio/Codes/RobotROS/install/imu/share/imu/environment/ament_prefix_path.dsv
[0.537s] -- Up-to-date: /home/thxssio/Codes/RobotROS/install/imu/share/imu/environment/path.sh
[0.537s] -- Up-to-date: /home/thxssio/Codes/RobotROS/install/imu/share/imu/environment/path.dsv
[0.538s] -- Up-to-date: /home/thxssio/Codes/RobotROS/install/imu/share/imu/local_setup.bash
[0.538s] -- Up-to-date: /home/thxssio/Codes/RobotROS/install/imu/share/imu/local_setup.sh
[0.538s] -- Up-to-date: /home/thxssio/Codes/RobotROS/install/imu/share/imu/local_setup.zsh
[0.539s] -- Up-to-date: /home/thxssio/Codes/RobotROS/install/imu/share/imu/local_setup.dsv
[0.539s] -- Installing: /home/thxssio/Codes/RobotROS/install/imu/share/imu/package.dsv
[0.540s] -- Up-to-date: /home/thxssio/Codes/RobotROS/install/imu/share/ament_index/resource_index/packages/imu
[0.540s] -- Up-to-date: /home/thxssio/Codes/RobotROS/install/imu/share/imu/cmake/imuConfig.cmake
[0.540s] -- Up-to-date: /home/thxssio/Codes/RobotROS/install/imu/share/imu/cmake/imuConfig-version.cmake
[0.541s] -- Up-to-date: /home/thxssio/Codes/RobotROS/install/imu/share/imu/package.xml
[0.547s] Invoked command in '/home/thxssio/Codes/RobotROS/build/imu' returned '0': CMAKE_PREFIX_PATH=${CMAKE_PREFIX_PATH}:/opt/ros/humble /usr/bin/cmake --install /home/thxssio/Codes/RobotROS/build/imu
