[ 33%] [32mBuilding CXX object CMakeFiles/imu.dir/src/mpu6050driver.cpp.o[0m
[ 66%] [32m[1mLinking CXX executable imu[0m
[100%] Built target imu
-- Install configuration: ""
-- Installing: /home/thxssio/Codes/RobotROS/install/imu/lib/imu/imu
-- Set runtime path of "/home/thxssio/Codes/RobotROS/install/imu/lib/imu/imu" to ""
-- Installing: /home/thxssio/Codes/RobotROS/install/imu/share/imu//launch
-- Installing: /home/thxssio/Codes/RobotROS/install/imu/share/imu//launch/mpu6050driver_launch.py
-- Installing: /home/thxssio/Codes/RobotROS/install/imu/share/imu//params
-- Installing: /home/thxssio/Codes/RobotROS/install/imu/share/imu//params/mpu6050.yaml
-- Installing: /home/thxssio/Codes/RobotROS/install/imu/share/ament_index/resource_index/package_run_dependencies/imu
-- Installing: /home/thxssio/Codes/RobotROS/install/imu/share/ament_index/resource_index/parent_prefix_path/imu
-- Installing: /home/thxssio/Codes/RobotROS/install/imu/share/imu/environment/ament_prefix_path.sh
-- Installing: /home/thxssio/Codes/RobotROS/install/imu/share/imu/environment/ament_prefix_path.dsv
-- Installing: /home/thxssio/Codes/RobotROS/install/imu/share/imu/environment/path.sh
-- Installing: /home/thxssio/Codes/RobotROS/install/imu/share/imu/environment/path.dsv
-- Installing: /home/thxssio/Codes/RobotROS/install/imu/share/imu/local_setup.bash
-- Installing: /home/thxssio/Codes/RobotROS/install/imu/share/imu/local_setup.sh
-- Installing: /home/thxssio/Codes/RobotROS/install/imu/share/imu/local_setup.zsh
-- Installing: /home/thxssio/Codes/RobotROS/install/imu/share/imu/local_setup.dsv
-- Installing: /home/thxssio/Codes/RobotROS/install/imu/share/imu/package.dsv
-- Installing: /home/thxssio/Codes/RobotROS/install/imu/share/ament_index/resource_index/packages/imu
-- Installing: /home/thxssio/Codes/RobotROS/install/imu/share/imu/cmake/imuConfig.cmake
-- Installing: /home/thxssio/Codes/RobotROS/install/imu/share/imu/cmake/imuConfig-version.cmake
-- Installing: /home/thxssio/Codes/RobotROS/install/imu/share/imu/package.xml
