[0.061s] Invoking command in '/home/thxssio/Codes/RobotROS/build/imu': CMAKE_PREFIX_PATH=/opt/ros/humble /usr/bin/cmake --build /home/thxssio/Codes/RobotROS/build/imu -- -j4 -l4
[0.258s] [ 33%] [32mBuilding CXX object CMakeFiles/imu.dir/src/mpu6050driver.cpp.o[0m
[17.412s] [ 66%] [32m[1mLinking CXX executable imu[0m
[18.387s] [100%] Built target imu
[18.423s] Invoked command in '/home/thxssio/Codes/RobotROS/build/imu' returned '0': CMAKE_PREFIX_PATH=/opt/ros/humble /usr/bin/cmake --build /home/thxssio/Codes/RobotROS/build/imu -- -j4 -l4
[18.603s] Invoking command in '/home/thxssio/Codes/RobotROS/build/imu': CMAKE_PREFIX_PATH=/opt/ros/humble /usr/bin/cmake --install /home/thxssio/Codes/RobotROS/build/imu
[18.627s] -- Install configuration: ""
[18.628s] -- Installing: /home/thxssio/Codes/RobotROS/install/imu/lib/imu/imu
[18.638s] -- Set runtime path of "/home/thxssio/Codes/RobotROS/install/imu/lib/imu/imu" to ""
[18.638s] -- Installing: /home/thxssio/Codes/RobotROS/install/imu/share/imu//launch
[18.639s] -- Installing: /home/thxssio/Codes/RobotROS/install/imu/share/imu//launch/mpu6050driver_launch.py
[18.640s] -- Installing: /home/thxssio/Codes/RobotROS/install/imu/share/imu//params
[18.640s] -- Installing: /home/thxssio/Codes/RobotROS/install/imu/share/imu//params/mpu6050.yaml
[18.642s] -- Installing: /home/thxssio/Codes/RobotROS/install/imu/share/ament_index/resource_index/package_run_dependencies/imu
[18.643s] -- Installing: /home/thxssio/Codes/RobotROS/install/imu/share/ament_index/resource_index/parent_prefix_path/imu
[18.644s] -- Installing: /home/thxssio/Codes/RobotROS/install/imu/share/imu/environment/ament_prefix_path.sh
[18.645s] -- Installing: /home/thxssio/Codes/RobotROS/install/imu/share/imu/environment/ament_prefix_path.dsv
[18.646s] -- Installing: /home/thxssio/Codes/RobotROS/install/imu/share/imu/environment/path.sh
[18.647s] -- Installing: /home/thxssio/Codes/RobotROS/install/imu/share/imu/environment/path.dsv
[18.648s] -- Installing: /home/thxssio/Codes/RobotROS/install/imu/share/imu/local_setup.bash
[18.649s] -- Installing: /home/thxssio/Codes/RobotROS/install/imu/share/imu/local_setup.sh
[18.650s] -- Installing: /home/thxssio/Codes/RobotROS/install/imu/share/imu/local_setup.zsh
[18.651s] -- Installing: /home/thxssio/Codes/RobotROS/install/imu/share/imu/local_setup.dsv
[18.652s] -- Installing: /home/thxssio/Codes/RobotROS/install/imu/share/imu/package.dsv
[18.654s] -- Installing: /home/thxssio/Codes/RobotROS/install/imu/share/ament_index/resource_index/packages/imu
[18.655s] -- Installing: /home/thxssio/Codes/RobotROS/install/imu/share/imu/cmake/imuConfig.cmake
[18.656s] -- Installing: /home/thxssio/Codes/RobotROS/install/imu/share/imu/cmake/imuConfig-version.cmake
[18.657s] -- Installing: /home/thxssio/Codes/RobotROS/install/imu/share/imu/package.xml
[18.665s] Invoked command in '/home/thxssio/Codes/RobotROS/build/imu' returned '0': CMAKE_PREFIX_PATH=/opt/ros/humble /usr/bin/cmake --install /home/thxssio/Codes/RobotROS/build/imu
