[1.504s] DEBUG:colcon:Command line arguments: ['/usr/bin/colcon', 'build']
[1.505s] DEBUG:colcon:Parsed command line arguments: Namespace(log_base=None, log_level=None, verb_name='build', build_base='build', install_base='install', merge_install=False, symlink_install=False, test_result_base=None, continue_on_error=False, executor='parallel', parallel_workers=4, event_handlers=None, ignore_user_meta=False, metas=['./colcon.meta'], base_paths=['.'], packages_ignore=None, packages_ignore_regex=None, paths=None, packages_up_to=None, packages_up_to_regex=None, packages_above=None, packages_above_and_dependencies=None, packages_above_depth=None, packages_select_by_dep=None, packages_skip_by_dep=None, packages_skip_up_to=None, packages_select_build_failed=False, packages_skip_build_finished=False, packages_select_test_failures=False, packages_skip_test_passed=False, packages_select=None, packages_skip=None, packages_select_regex=None, packages_skip_regex=None, packages_start=None, packages_end=None, allow_overriding=[], cmake_args=None, cmake_target=None, cmake_target_skip_unavailable=False, cmake_clean_cache=False, cmake_clean_first=False, cmake_force_configure=False, ament_cmake_args=None, catkin_cmake_args=None, catkin_skip_building_tests=False, verb_parser=<colcon_defaults.argument_parser.defaults.DefaultArgumentsDecorator object at 0xffff9bd39780>, verb_extension=<colcon_core.verb.build.BuildVerb object at 0xffff9bd39210>, main=<bound method BuildVerb.main of <colcon_core.verb.build.BuildVerb object at 0xffff9bd39210>>)
[1.601s] Level 1:colcon.colcon_core.package_discovery:discover_packages(colcon_meta) check parameters
[1.602s] Level 1:colcon.colcon_core.package_discovery:discover_packages(recursive) check parameters
[1.602s] Level 1:colcon.colcon_core.package_discovery:discover_packages(ignore) check parameters
[1.602s] Level 1:colcon.colcon_core.package_discovery:discover_packages(path) check parameters
[1.602s] Level 1:colcon.colcon_core.package_discovery:discover_packages(colcon_meta) discover
[1.602s] Level 1:colcon.colcon_core.package_discovery:discover_packages(recursive) discover
[1.602s] INFO:colcon.colcon_core.package_discovery:Crawling recursively for packages in '/home/thxssio/Codes/RobotROS'
[1.603s] Level 1:colcon.colcon_core.package_identification:_identify(.) by extensions ['ignore', 'ignore_ament_install']
[1.603s] Level 1:colcon.colcon_core.package_identification:_identify(.) by extension 'ignore'
[1.603s] Level 1:colcon.colcon_core.package_identification:_identify(.) by extension 'ignore_ament_install'
[1.604s] Level 1:colcon.colcon_core.package_identification:_identify(.) by extensions ['colcon_pkg']
[1.604s] Level 1:colcon.colcon_core.package_identification:_identify(.) by extension 'colcon_pkg'
[1.604s] Level 1:colcon.colcon_core.package_identification:_identify(.) by extensions ['colcon_meta']
[1.604s] Level 1:colcon.colcon_core.package_identification:_identify(.) by extension 'colcon_meta'
[1.604s] Level 1:colcon.colcon_core.package_identification:_identify(.) by extensions ['ros']
[1.604s] Level 1:colcon.colcon_core.package_identification:_identify(.) by extension 'ros'
[1.647s] Level 1:colcon.colcon_core.package_identification:_identify(.) by extensions ['cmake', 'python']
[1.647s] Level 1:colcon.colcon_core.package_identification:_identify(.) by extension 'cmake'
[1.647s] Level 1:colcon.colcon_core.package_identification:_identify(.) by extension 'python'
[1.647s] Level 1:colcon.colcon_core.package_identification:_identify(.) by extensions ['python_setup_py']
[1.647s] Level 1:colcon.colcon_core.package_identification:_identify(.) by extension 'python_setup_py'
[1.648s] Level 1:colcon.colcon_core.package_identification:_identify(build) by extensions ['ignore', 'ignore_ament_install']
[1.648s] Level 1:colcon.colcon_core.package_identification:_identify(build) by extension 'ignore'
[1.648s] Level 1:colcon.colcon_core.package_identification:_identify(build) ignored
[1.649s] Level 1:colcon.colcon_core.package_identification:_identify(cpp) by extensions ['ignore', 'ignore_ament_install']
[1.649s] Level 1:colcon.colcon_core.package_identification:_identify(cpp) by extension 'ignore'
[1.649s] Level 1:colcon.colcon_core.package_identification:_identify(cpp) by extension 'ignore_ament_install'
[1.650s] Level 1:colcon.colcon_core.package_identification:_identify(cpp) by extensions ['colcon_pkg']
[1.650s] Level 1:colcon.colcon_core.package_identification:_identify(cpp) by extension 'colcon_pkg'
[1.650s] Level 1:colcon.colcon_core.package_identification:_identify(cpp) by extensions ['colcon_meta']
[1.650s] Level 1:colcon.colcon_core.package_identification:_identify(cpp) by extension 'colcon_meta'
[1.650s] Level 1:colcon.colcon_core.package_identification:_identify(cpp) by extensions ['ros']
[1.650s] Level 1:colcon.colcon_core.package_identification:_identify(cpp) by extension 'ros'
[1.651s] Level 1:colcon.colcon_core.package_identification:_identify(cpp) by extensions ['cmake', 'python']
[1.651s] Level 1:colcon.colcon_core.package_identification:_identify(cpp) by extension 'cmake'
[1.651s] Level 1:colcon.colcon_core.package_identification:_identify(cpp) by extension 'python'
[1.651s] Level 1:colcon.colcon_core.package_identification:_identify(cpp) by extensions ['python_setup_py']
[1.651s] Level 1:colcon.colcon_core.package_identification:_identify(cpp) by extension 'python_setup_py'
[1.652s] Level 1:colcon.colcon_core.package_identification:_identify(cpp/MPU_6050) by extensions ['ignore', 'ignore_ament_install']
[1.652s] Level 1:colcon.colcon_core.package_identification:_identify(cpp/MPU_6050) by extension 'ignore'
[1.652s] Level 1:colcon.colcon_core.package_identification:_identify(cpp/MPU_6050) by extension 'ignore_ament_install'
[1.652s] Level 1:colcon.colcon_core.package_identification:_identify(cpp/MPU_6050) by extensions ['colcon_pkg']
[1.652s] Level 1:colcon.colcon_core.package_identification:_identify(cpp/MPU_6050) by extension 'colcon_pkg'
[1.652s] Level 1:colcon.colcon_core.package_identification:_identify(cpp/MPU_6050) by extensions ['colcon_meta']
[1.653s] Level 1:colcon.colcon_core.package_identification:_identify(cpp/MPU_6050) by extension 'colcon_meta'
[1.653s] Level 1:colcon.colcon_core.package_identification:_identify(cpp/MPU_6050) by extensions ['ros']
[1.653s] Level 1:colcon.colcon_core.package_identification:_identify(cpp/MPU_6050) by extension 'ros'
[1.653s] Level 1:colcon.colcon_core.package_identification:_identify(cpp/MPU_6050) by extensions ['cmake', 'python']
[1.653s] Level 1:colcon.colcon_core.package_identification:_identify(cpp/MPU_6050) by extension 'cmake'
[1.653s] Level 1:colcon.colcon_core.package_identification:_identify(cpp/MPU_6050) by extension 'python'
[1.654s] Level 1:colcon.colcon_core.package_identification:_identify(cpp/MPU_6050) by extensions ['python_setup_py']
[1.654s] Level 1:colcon.colcon_core.package_identification:_identify(cpp/MPU_6050) by extension 'python_setup_py'
[1.654s] Level 1:colcon.colcon_core.package_identification:_identify(cpp/WiringPi) by extensions ['ignore', 'ignore_ament_install']
[1.654s] Level 1:colcon.colcon_core.package_identification:_identify(cpp/WiringPi) by extension 'ignore'
[1.655s] Level 1:colcon.colcon_core.package_identification:_identify(cpp/WiringPi) by extension 'ignore_ament_install'
[1.655s] Level 1:colcon.colcon_core.package_identification:_identify(cpp/WiringPi) by extensions ['colcon_pkg']
[1.655s] Level 1:colcon.colcon_core.package_identification:_identify(cpp/WiringPi) by extension 'colcon_pkg'
[1.655s] Level 1:colcon.colcon_core.package_identification:_identify(cpp/WiringPi) by extensions ['colcon_meta']
[1.655s] Level 1:colcon.colcon_core.package_identification:_identify(cpp/WiringPi) by extension 'colcon_meta'
[1.655s] Level 1:colcon.colcon_core.package_identification:_identify(cpp/WiringPi) by extensions ['ros']
[1.655s] Level 1:colcon.colcon_core.package_identification:_identify(cpp/WiringPi) by extension 'ros'
[1.656s] Level 1:colcon.colcon_core.package_identification:_identify(cpp/WiringPi) by extensions ['cmake', 'python']
[1.656s] Level 1:colcon.colcon_core.package_identification:_identify(cpp/WiringPi) by extension 'cmake'
[1.656s] Level 1:colcon.colcon_core.package_identification:_identify(cpp/WiringPi) by extension 'python'
[1.656s] Level 1:colcon.colcon_core.package_identification:_identify(cpp/WiringPi) by extensions ['python_setup_py']
[1.656s] Level 1:colcon.colcon_core.package_identification:_identify(cpp/WiringPi) by extension 'python_setup_py'
[1.657s] Level 1:colcon.colcon_core.package_identification:_identify(install) by extensions ['ignore', 'ignore_ament_install']
[1.657s] Level 1:colcon.colcon_core.package_identification:_identify(install) by extension 'ignore'
[1.657s] Level 1:colcon.colcon_core.package_identification:_identify(install) ignored
[1.657s] Level 1:colcon.colcon_core.package_identification:_identify(log) by extensions ['ignore', 'ignore_ament_install']
[1.658s] Level 1:colcon.colcon_core.package_identification:_identify(log) by extension 'ignore'
[1.658s] Level 1:colcon.colcon_core.package_identification:_identify(log) ignored
[1.658s] Level 1:colcon.colcon_core.package_identification:_identify(python) by extensions ['ignore', 'ignore_ament_install']
[1.658s] Level 1:colcon.colcon_core.package_identification:_identify(python) by extension 'ignore'
[1.659s] Level 1:colcon.colcon_core.package_identification:_identify(python) by extension 'ignore_ament_install'
[1.659s] Level 1:colcon.colcon_core.package_identification:_identify(python) by extensions ['colcon_pkg']
[1.659s] Level 1:colcon.colcon_core.package_identification:_identify(python) by extension 'colcon_pkg'
[1.659s] Level 1:colcon.colcon_core.package_identification:_identify(python) by extensions ['colcon_meta']
[1.659s] Level 1:colcon.colcon_core.package_identification:_identify(python) by extension 'colcon_meta'
[1.659s] Level 1:colcon.colcon_core.package_identification:_identify(python) by extensions ['ros']
[1.659s] Level 1:colcon.colcon_core.package_identification:_identify(python) by extension 'ros'
[1.660s] Level 1:colcon.colcon_core.package_identification:_identify(python) by extensions ['cmake', 'python']
[1.660s] Level 1:colcon.colcon_core.package_identification:_identify(python) by extension 'cmake'
[1.660s] Level 1:colcon.colcon_core.package_identification:_identify(python) by extension 'python'
[1.660s] Level 1:colcon.colcon_core.package_identification:_identify(python) by extensions ['python_setup_py']
[1.660s] Level 1:colcon.colcon_core.package_identification:_identify(python) by extension 'python_setup_py'
[1.661s] Level 1:colcon.colcon_core.package_identification:_identify(python/MPU3DAnality) by extensions ['ignore', 'ignore_ament_install']
[1.661s] Level 1:colcon.colcon_core.package_identification:_identify(python/MPU3DAnality) by extension 'ignore'
[1.661s] Level 1:colcon.colcon_core.package_identification:_identify(python/MPU3DAnality) by extension 'ignore_ament_install'
[1.661s] Level 1:colcon.colcon_core.package_identification:_identify(python/MPU3DAnality) by extensions ['colcon_pkg']
[1.661s] Level 1:colcon.colcon_core.package_identification:_identify(python/MPU3DAnality) by extension 'colcon_pkg'
[1.662s] Level 1:colcon.colcon_core.package_identification:_identify(python/MPU3DAnality) by extensions ['colcon_meta']
[1.662s] Level 1:colcon.colcon_core.package_identification:_identify(python/MPU3DAnality) by extension 'colcon_meta'
[1.662s] Level 1:colcon.colcon_core.package_identification:_identify(python/MPU3DAnality) by extensions ['ros']
[1.662s] Level 1:colcon.colcon_core.package_identification:_identify(python/MPU3DAnality) by extension 'ros'
[1.662s] Level 1:colcon.colcon_core.package_identification:_identify(python/MPU3DAnality) by extensions ['cmake', 'python']
[1.662s] Level 1:colcon.colcon_core.package_identification:_identify(python/MPU3DAnality) by extension 'cmake'
[1.663s] Level 1:colcon.colcon_core.package_identification:_identify(python/MPU3DAnality) by extension 'python'
[1.663s] Level 1:colcon.colcon_core.package_identification:_identify(python/MPU3DAnality) by extensions ['python_setup_py']
[1.663s] Level 1:colcon.colcon_core.package_identification:_identify(python/MPU3DAnality) by extension 'python_setup_py'
[1.663s] Level 1:colcon.colcon_core.package_identification:_identify(python/MPU3DAnality/__pycache__) by extensions ['ignore', 'ignore_ament_install']
[1.664s] Level 1:colcon.colcon_core.package_identification:_identify(python/MPU3DAnality/__pycache__) by extension 'ignore'
[1.664s] Level 1:colcon.colcon_core.package_identification:_identify(python/MPU3DAnality/__pycache__) by extension 'ignore_ament_install'
[1.664s] Level 1:colcon.colcon_core.package_identification:_identify(python/MPU3DAnality/__pycache__) by extensions ['colcon_pkg']
[1.664s] Level 1:colcon.colcon_core.package_identification:_identify(python/MPU3DAnality/__pycache__) by extension 'colcon_pkg'
[1.664s] Level 1:colcon.colcon_core.package_identification:_identify(python/MPU3DAnality/__pycache__) by extensions ['colcon_meta']
[1.664s] Level 1:colcon.colcon_core.package_identification:_identify(python/MPU3DAnality/__pycache__) by extension 'colcon_meta'
[1.665s] Level 1:colcon.colcon_core.package_identification:_identify(python/MPU3DAnality/__pycache__) by extensions ['ros']
[1.665s] Level 1:colcon.colcon_core.package_identification:_identify(python/MPU3DAnality/__pycache__) by extension 'ros'
[1.665s] Level 1:colcon.colcon_core.package_identification:_identify(python/MPU3DAnality/__pycache__) by extensions ['cmake', 'python']
[1.665s] Level 1:colcon.colcon_core.package_identification:_identify(python/MPU3DAnality/__pycache__) by extension 'cmake'
[1.665s] Level 1:colcon.colcon_core.package_identification:_identify(python/MPU3DAnality/__pycache__) by extension 'python'
[1.665s] Level 1:colcon.colcon_core.package_identification:_identify(python/MPU3DAnality/__pycache__) by extensions ['python_setup_py']
[1.665s] Level 1:colcon.colcon_core.package_identification:_identify(python/MPU3DAnality/__pycache__) by extension 'python_setup_py'
[1.666s] Level 1:colcon.colcon_core.package_identification:_identify(python/MPU_6050) by extensions ['ignore', 'ignore_ament_install']
[1.666s] Level 1:colcon.colcon_core.package_identification:_identify(python/MPU_6050) by extension 'ignore'
[1.666s] Level 1:colcon.colcon_core.package_identification:_identify(python/MPU_6050) by extension 'ignore_ament_install'
[1.667s] Level 1:colcon.colcon_core.package_identification:_identify(python/MPU_6050) by extensions ['colcon_pkg']
[1.667s] Level 1:colcon.colcon_core.package_identification:_identify(python/MPU_6050) by extension 'colcon_pkg'
[1.667s] Level 1:colcon.colcon_core.package_identification:_identify(python/MPU_6050) by extensions ['colcon_meta']
[1.667s] Level 1:colcon.colcon_core.package_identification:_identify(python/MPU_6050) by extension 'colcon_meta'
[1.667s] Level 1:colcon.colcon_core.package_identification:_identify(python/MPU_6050) by extensions ['ros']
[1.667s] Level 1:colcon.colcon_core.package_identification:_identify(python/MPU_6050) by extension 'ros'
[1.667s] Level 1:colcon.colcon_core.package_identification:_identify(python/MPU_6050) by extensions ['cmake', 'python']
[1.668s] Level 1:colcon.colcon_core.package_identification:_identify(python/MPU_6050) by extension 'cmake'
[1.668s] Level 1:colcon.colcon_core.package_identification:_identify(python/MPU_6050) by extension 'python'
[1.668s] Level 1:colcon.colcon_core.package_identification:_identify(python/MPU_6050) by extensions ['python_setup_py']
[1.668s] Level 1:colcon.colcon_core.package_identification:_identify(python/MPU_6050) by extension 'python_setup_py'
[1.668s] Level 1:colcon.colcon_core.package_identification:_identify(python/MPU_6050/__pycache__) by extensions ['ignore', 'ignore_ament_install']
[1.669s] Level 1:colcon.colcon_core.package_identification:_identify(python/MPU_6050/__pycache__) by extension 'ignore'
[1.669s] Level 1:colcon.colcon_core.package_identification:_identify(python/MPU_6050/__pycache__) by extension 'ignore_ament_install'
[1.669s] Level 1:colcon.colcon_core.package_identification:_identify(python/MPU_6050/__pycache__) by extensions ['colcon_pkg']
[1.669s] Level 1:colcon.colcon_core.package_identification:_identify(python/MPU_6050/__pycache__) by extension 'colcon_pkg'
[1.669s] Level 1:colcon.colcon_core.package_identification:_identify(python/MPU_6050/__pycache__) by extensions ['colcon_meta']
[1.669s] Level 1:colcon.colcon_core.package_identification:_identify(python/MPU_6050/__pycache__) by extension 'colcon_meta'
[1.670s] Level 1:colcon.colcon_core.package_identification:_identify(python/MPU_6050/__pycache__) by extensions ['ros']
[1.670s] Level 1:colcon.colcon_core.package_identification:_identify(python/MPU_6050/__pycache__) by extension 'ros'
[1.670s] Level 1:colcon.colcon_core.package_identification:_identify(python/MPU_6050/__pycache__) by extensions ['cmake', 'python']
[1.670s] Level 1:colcon.colcon_core.package_identification:_identify(python/MPU_6050/__pycache__) by extension 'cmake'
[1.670s] Level 1:colcon.colcon_core.package_identification:_identify(python/MPU_6050/__pycache__) by extension 'python'
[1.671s] Level 1:colcon.colcon_core.package_identification:_identify(python/MPU_6050/__pycache__) by extensions ['python_setup_py']
[1.671s] Level 1:colcon.colcon_core.package_identification:_identify(python/MPU_6050/__pycache__) by extension 'python_setup_py'
[1.671s] Level 1:colcon.colcon_core.package_identification:_identify(src) by extensions ['ignore', 'ignore_ament_install']
[1.671s] Level 1:colcon.colcon_core.package_identification:_identify(src) by extension 'ignore'
[1.672s] Level 1:colcon.colcon_core.package_identification:_identify(src) by extension 'ignore_ament_install'
[1.672s] Level 1:colcon.colcon_core.package_identification:_identify(src) by extensions ['colcon_pkg']
[1.672s] Level 1:colcon.colcon_core.package_identification:_identify(src) by extension 'colcon_pkg'
[1.672s] Level 1:colcon.colcon_core.package_identification:_identify(src) by extensions ['colcon_meta']
[1.672s] Level 1:colcon.colcon_core.package_identification:_identify(src) by extension 'colcon_meta'
[1.672s] Level 1:colcon.colcon_core.package_identification:_identify(src) by extensions ['ros']
[1.672s] Level 1:colcon.colcon_core.package_identification:_identify(src) by extension 'ros'
[1.673s] Level 1:colcon.colcon_core.package_identification:_identify(src) by extensions ['cmake', 'python']
[1.673s] Level 1:colcon.colcon_core.package_identification:_identify(src) by extension 'cmake'
[1.673s] Level 1:colcon.colcon_core.package_identification:_identify(src) by extension 'python'
[1.673s] Level 1:colcon.colcon_core.package_identification:_identify(src) by extensions ['python_setup_py']
[1.673s] Level 1:colcon.colcon_core.package_identification:_identify(src) by extension 'python_setup_py'
[1.673s] Level 1:colcon.colcon_core.package_identification:_identify(src/imu) by extensions ['ignore', 'ignore_ament_install']
[1.674s] Level 1:colcon.colcon_core.package_identification:_identify(src/imu) by extension 'ignore'
[1.674s] Level 1:colcon.colcon_core.package_identification:_identify(src/imu) by extension 'ignore_ament_install'
[1.674s] Level 1:colcon.colcon_core.package_identification:_identify(src/imu) by extensions ['colcon_pkg']
[1.674s] Level 1:colcon.colcon_core.package_identification:_identify(src/imu) by extension 'colcon_pkg'
[1.674s] Level 1:colcon.colcon_core.package_identification:_identify(src/imu) by extensions ['colcon_meta']
[1.674s] Level 1:colcon.colcon_core.package_identification:_identify(src/imu) by extension 'colcon_meta'
[1.675s] Level 1:colcon.colcon_core.package_identification:_identify(src/imu) by extensions ['ros']
[1.675s] Level 1:colcon.colcon_core.package_identification:_identify(src/imu) by extension 'ros'
[1.687s] DEBUG:colcon.colcon_core.package_identification:Package 'src/imu' with type 'ros.ament_cmake' and name 'imu'
[1.687s] Level 1:colcon.colcon_core.package_discovery:discover_packages(recursive) using defaults
[1.687s] Level 1:colcon.colcon_core.package_discovery:discover_packages(ignore) discover
[1.687s] Level 1:colcon.colcon_core.package_discovery:discover_packages(ignore) using defaults
[1.687s] Level 1:colcon.colcon_core.package_discovery:discover_packages(path) discover
[1.687s] Level 1:colcon.colcon_core.package_discovery:discover_packages(path) using defaults
[1.772s] Level 1:colcon.colcon_core.package_discovery:discover_packages(prefix_path) check parameters
[1.773s] Level 1:colcon.colcon_core.package_discovery:discover_packages(prefix_path) discover
[1.778s] WARNING:colcon.colcon_ros.prefix_path.ament:The path '/home/thxssio/Codes/RobotROS/install/imu_python' in the environment variable AMENT_PREFIX_PATH doesn't exist
[1.779s] WARNING:colcon.colcon_ros.prefix_path.ament:The path '/home/thxssio/Codes/RobotROS/install/imu' in the environment variable AMENT_PREFIX_PATH doesn't exist
[1.779s] WARNING:colcon.colcon_ros.prefix_path.catkin:The path '/home/thxssio/Codes/RobotROS/install/imu' in the environment variable CMAKE_PREFIX_PATH doesn't exist
[1.784s] DEBUG:colcon.colcon_installed_package_information.package_discovery:Found 0 installed packages in /home/thxssio/Codes/RobotROS/install
[1.795s] DEBUG:colcon.colcon_installed_package_information.package_discovery:Found 285 installed packages in /opt/ros/humble
[1.801s] Level 1:colcon.colcon_core.package_discovery:discover_packages(prefix_path) using defaults
[2.070s] Level 5:colcon.colcon_core.verb:set package 'imu' build argument 'cmake_args' from command line to 'None'
[2.070s] Level 5:colcon.colcon_core.verb:set package 'imu' build argument 'cmake_target' from command line to 'None'
[2.070s] Level 5:colcon.colcon_core.verb:set package 'imu' build argument 'cmake_target_skip_unavailable' from command line to 'False'
[2.070s] Level 5:colcon.colcon_core.verb:set package 'imu' build argument 'cmake_clean_cache' from command line to 'False'
[2.070s] Level 5:colcon.colcon_core.verb:set package 'imu' build argument 'cmake_clean_first' from command line to 'False'
[2.070s] Level 5:colcon.colcon_core.verb:set package 'imu' build argument 'cmake_force_configure' from command line to 'False'
[2.070s] Level 5:colcon.colcon_core.verb:set package 'imu' build argument 'ament_cmake_args' from command line to 'None'
[2.070s] Level 5:colcon.colcon_core.verb:set package 'imu' build argument 'catkin_cmake_args' from command line to 'None'
[2.071s] Level 5:colcon.colcon_core.verb:set package 'imu' build argument 'catkin_skip_building_tests' from command line to 'False'
[2.071s] DEBUG:colcon.colcon_core.verb:Building package 'imu' with the following arguments: {'ament_cmake_args': None, 'build_base': '/home/thxssio/Codes/RobotROS/build/imu', 'catkin_cmake_args': None, 'catkin_skip_building_tests': False, 'cmake_args': None, 'cmake_clean_cache': False, 'cmake_clean_first': False, 'cmake_force_configure': False, 'cmake_target': None, 'cmake_target_skip_unavailable': False, 'install_base': '/home/thxssio/Codes/RobotROS/install/imu', 'merge_install': False, 'path': '/home/thxssio/Codes/RobotROS/src/imu', 'symlink_install': False, 'test_result_base': None}
[2.073s] INFO:colcon.colcon_core.executor:Executing jobs using 'parallel' executor
[2.085s] DEBUG:colcon.colcon_parallel_executor.executor.parallel:run_until_complete
[2.086s] INFO:colcon.colcon_ros.task.ament_cmake.build:Building ROS package in '/home/thxssio/Codes/RobotROS/src/imu' with build type 'ament_cmake'
[2.087s] INFO:colcon.colcon_cmake.task.cmake.build:Building CMake package in '/home/thxssio/Codes/RobotROS/src/imu'
[2.105s] INFO:colcon.colcon_core.plugin_system:Skipping extension 'colcon_core.shell.bat': Not used on non-Windows systems
[2.105s] INFO:colcon.colcon_core.shell:Skip shell extension 'powershell' for command environment: Not usable outside of PowerShell
[2.105s] DEBUG:colcon.colcon_core.shell:Skip shell extension 'dsv' for command environment
[2.142s] DEBUG:colcon.colcon_core.event_handler.log_command:Invoking command in '/home/thxssio/Codes/RobotROS/build/imu': CMAKE_PREFIX_PATH=${CMAKE_PREFIX_PATH}:/home/thxssio/Codes/RobotROS/install/imu_python:/opt/ros/humble /usr/bin/cmake /home/thxssio/Codes/RobotROS/src/imu -DCMAKE_INSTALL_PREFIX=/home/thxssio/Codes/RobotROS/install/imu
[9.114s] DEBUG:colcon.colcon_core.event_handler.log_command:Invoked command in '/home/thxssio/Codes/RobotROS/build/imu' returned '0': CMAKE_PREFIX_PATH=${CMAKE_PREFIX_PATH}:/home/thxssio/Codes/RobotROS/install/imu_python:/opt/ros/humble /usr/bin/cmake /home/thxssio/Codes/RobotROS/src/imu -DCMAKE_INSTALL_PREFIX=/home/thxssio/Codes/RobotROS/install/imu
[9.123s] DEBUG:colcon.colcon_core.event_handler.log_command:Invoking command in '/home/thxssio/Codes/RobotROS/build/imu': CMAKE_PREFIX_PATH=${CMAKE_PREFIX_PATH}:/home/thxssio/Codes/RobotROS/install/imu_python:/opt/ros/humble /usr/bin/cmake --build /home/thxssio/Codes/RobotROS/build/imu -- -j4 -l4
[27.850s] DEBUG:colcon.colcon_core.event_handler.log_command:Invoked command in '/home/thxssio/Codes/RobotROS/build/imu' returned '0': CMAKE_PREFIX_PATH=${CMAKE_PREFIX_PATH}:/home/thxssio/Codes/RobotROS/install/imu_python:/opt/ros/humble /usr/bin/cmake --build /home/thxssio/Codes/RobotROS/build/imu -- -j4 -l4
[28.031s] DEBUG:colcon.colcon_core.event_handler.log_command:Invoking command in '/home/thxssio/Codes/RobotROS/build/imu': CMAKE_PREFIX_PATH=${CMAKE_PREFIX_PATH}:/home/thxssio/Codes/RobotROS/install/imu_python:/opt/ros/humble /usr/bin/cmake --install /home/thxssio/Codes/RobotROS/build/imu
[28.091s] Level 1:colcon.colcon_core.environment:create_environment_scripts_only(imu)
[28.093s] DEBUG:colcon.colcon_core.event_handler.log_command:Invoked command in '/home/thxssio/Codes/RobotROS/build/imu' returned '0': CMAKE_PREFIX_PATH=${CMAKE_PREFIX_PATH}:/home/thxssio/Codes/RobotROS/install/imu_python:/opt/ros/humble /usr/bin/cmake --install /home/thxssio/Codes/RobotROS/build/imu
[28.113s] Level 1:colcon.colcon_core.environment:checking '/home/thxssio/Codes/RobotROS/install/imu' for CMake module files
[28.116s] Level 1:colcon.colcon_core.environment:checking '/home/thxssio/Codes/RobotROS/install/imu' for CMake config files
[28.118s] Level 1:colcon.colcon_core.shell:create_environment_hook('imu', 'cmake_prefix_path')
[28.124s] INFO:colcon.colcon_core.shell:Creating environment hook '/home/thxssio/Codes/RobotROS/install/imu/share/imu/hook/cmake_prefix_path.ps1'
[28.126s] INFO:colcon.colcon_core.shell:Creating environment descriptor '/home/thxssio/Codes/RobotROS/install/imu/share/imu/hook/cmake_prefix_path.dsv'
[28.128s] INFO:colcon.colcon_core.shell:Creating environment hook '/home/thxssio/Codes/RobotROS/install/imu/share/imu/hook/cmake_prefix_path.sh'
[28.131s] Level 1:colcon.colcon_core.environment:checking '/home/thxssio/Codes/RobotROS/install/imu/lib'
[28.132s] Level 1:colcon.colcon_core.environment:checking '/home/thxssio/Codes/RobotROS/install/imu/bin'
[28.132s] Level 1:colcon.colcon_core.environment:checking '/home/thxssio/Codes/RobotROS/install/imu/lib/pkgconfig/imu.pc'
[28.133s] Level 1:colcon.colcon_core.environment:checking '/home/thxssio/Codes/RobotROS/install/imu/lib/python3.10/site-packages'
[28.134s] Level 1:colcon.colcon_core.environment:checking '/home/thxssio/Codes/RobotROS/install/imu/bin'
[28.140s] INFO:colcon.colcon_core.shell:Creating package script '/home/thxssio/Codes/RobotROS/install/imu/share/imu/package.ps1'
[28.143s] INFO:colcon.colcon_core.shell:Creating package descriptor '/home/thxssio/Codes/RobotROS/install/imu/share/imu/package.dsv'
[28.145s] INFO:colcon.colcon_core.shell:Creating package script '/home/thxssio/Codes/RobotROS/install/imu/share/imu/package.sh'
[28.148s] INFO:colcon.colcon_core.shell:Creating package script '/home/thxssio/Codes/RobotROS/install/imu/share/imu/package.bash'
[28.151s] INFO:colcon.colcon_core.shell:Creating package script '/home/thxssio/Codes/RobotROS/install/imu/share/imu/package.zsh'
[28.153s] Level 1:colcon.colcon_core.environment:create_file_with_runtime_dependencies(/home/thxssio/Codes/RobotROS/install/imu/share/colcon-core/packages/imu)
[28.303s] Level 1:colcon.colcon_core.environment:create_environment_scripts_only(imu)
[28.311s] Level 1:colcon.colcon_core.environment:checking '/home/thxssio/Codes/RobotROS/install/imu' for CMake module files
[28.314s] Level 1:colcon.colcon_core.environment:checking '/home/thxssio/Codes/RobotROS/install/imu' for CMake config files
[28.316s] Level 1:colcon.colcon_core.shell:create_environment_hook('imu', 'cmake_prefix_path')
[28.321s] INFO:colcon.colcon_core.shell:Creating environment hook '/home/thxssio/Codes/RobotROS/install/imu/share/imu/hook/cmake_prefix_path.ps1'
[28.324s] INFO:colcon.colcon_core.shell:Creating environment descriptor '/home/thxssio/Codes/RobotROS/install/imu/share/imu/hook/cmake_prefix_path.dsv'
[28.325s] INFO:colcon.colcon_core.shell:Creating environment hook '/home/thxssio/Codes/RobotROS/install/imu/share/imu/hook/cmake_prefix_path.sh'
[28.327s] Level 1:colcon.colcon_core.environment:checking '/home/thxssio/Codes/RobotROS/install/imu/lib'
[28.328s] Level 1:colcon.colcon_core.environment:checking '/home/thxssio/Codes/RobotROS/install/imu/bin'
[28.328s] Level 1:colcon.colcon_core.environment:checking '/home/thxssio/Codes/RobotROS/install/imu/lib/pkgconfig/imu.pc'
[28.329s] Level 1:colcon.colcon_core.environment:checking '/home/thxssio/Codes/RobotROS/install/imu/lib/python3.10/site-packages'
[28.330s] Level 1:colcon.colcon_core.environment:checking '/home/thxssio/Codes/RobotROS/install/imu/bin'
[28.335s] INFO:colcon.colcon_core.shell:Creating package script '/home/thxssio/Codes/RobotROS/install/imu/share/imu/package.ps1'
[28.338s] INFO:colcon.colcon_core.shell:Creating package descriptor '/home/thxssio/Codes/RobotROS/install/imu/share/imu/package.dsv'
[28.340s] INFO:colcon.colcon_core.shell:Creating package script '/home/thxssio/Codes/RobotROS/install/imu/share/imu/package.sh'
[28.342s] INFO:colcon.colcon_core.shell:Creating package script '/home/thxssio/Codes/RobotROS/install/imu/share/imu/package.bash'
[28.344s] INFO:colcon.colcon_core.shell:Creating package script '/home/thxssio/Codes/RobotROS/install/imu/share/imu/package.zsh'
[28.345s] Level 1:colcon.colcon_core.environment:create_file_with_runtime_dependencies(/home/thxssio/Codes/RobotROS/install/imu/share/colcon-core/packages/imu)
[28.346s] DEBUG:colcon.colcon_parallel_executor.executor.parallel:closing loop
[28.348s] DEBUG:colcon.colcon_parallel_executor.executor.parallel:loop closed
[28.348s] DEBUG:colcon.colcon_parallel_executor.executor.parallel:run_until_complete finished with '0'
[28.348s] DEBUG:colcon.colcon_core.event_reactor:joining thread
[28.370s] INFO:colcon.colcon_core.plugin_system:Skipping extension 'colcon_notification.desktop_notification.notify_send': Could not find 'notify-send'
[28.370s] INFO:colcon.colcon_core.plugin_system:Skipping extension 'colcon_notification.desktop_notification.terminal_notifier': Not used on non-Darwin systems
[28.371s] INFO:colcon.colcon_core.plugin_system:Skipping extension 'colcon_notification.desktop_notification.win32': Not used on non-Windows systems
[28.371s] INFO:colcon.colcon_notification.desktop_notification:Sending desktop notification using 'notify2'
[28.374s] DEBUG:colcon.colcon_notification.desktop_notification.notify2:Failed to initialize notify2: org.freedesktop.DBus.Error.ServiceUnknown: The name org.freedesktop.Notifications was not provided by any .service files
[28.375s] DEBUG:colcon.colcon_core.event_reactor:joined thread
[28.380s] INFO:colcon.colcon_core.shell:Creating prefix script '/home/thxssio/Codes/RobotROS/install/local_setup.ps1'
[28.383s] INFO:colcon.colcon_core.shell:Creating prefix util module '/home/thxssio/Codes/RobotROS/install/_local_setup_util_ps1.py'
[28.388s] INFO:colcon.colcon_core.shell:Creating prefix chain script '/home/thxssio/Codes/RobotROS/install/setup.ps1'
[28.394s] INFO:colcon.colcon_core.shell:Creating prefix script '/home/thxssio/Codes/RobotROS/install/local_setup.sh'
[28.397s] INFO:colcon.colcon_core.shell:Creating prefix util module '/home/thxssio/Codes/RobotROS/install/_local_setup_util_sh.py'
[28.399s] INFO:colcon.colcon_core.shell:Creating prefix chain script '/home/thxssio/Codes/RobotROS/install/setup.sh'
[28.404s] INFO:colcon.colcon_core.shell:Creating prefix script '/home/thxssio/Codes/RobotROS/install/local_setup.bash'
[28.406s] INFO:colcon.colcon_core.shell:Creating prefix chain script '/home/thxssio/Codes/RobotROS/install/setup.bash'
[28.412s] INFO:colcon.colcon_core.shell:Creating prefix script '/home/thxssio/Codes/RobotROS/install/local_setup.zsh'
[28.414s] INFO:colcon.colcon_core.shell:Creating prefix chain script '/home/thxssio/Codes/RobotROS/install/setup.zsh'
