[0.072s] Invoking command in '/home/thxssio/Codes/RobotROS/build/turtlesim': CMAKE_PREFIX_PATH=/opt/ros/humble /usr/bin/cmake --build /home/thxssio/Codes/RobotROS/build/turtlesim -- -j4 -l4
[0.294s] [35m[1mConsolidate compiler generated dependencies of target turtlesim__rosidl_generator_c[0m
[0.324s] [  1%] Built target turtlesim__cpp
[0.358s] [ 11%] Built target turtlesim__rosidl_generator_c
[0.384s] [ 11%] Built target ament_cmake_python_copy_turtlesim
[0.387s] [35m[1mConsolidate compiler generated dependencies of target turtlesim__rosidl_typesupport_cpp[0m
[0.396s] [35m[1mConsolidate compiler generated dependencies of target turtlesim__rosidl_typesupport_fastrtps_cpp[0m
[0.430s] [35m[1mConsolidate compiler generated dependencies of target turtlesim__rosidl_typesupport_introspection_cpp[0m
[0.451s] [35m[1mConsolidate compiler generated dependencies of target turtlesim__rosidl_typesupport_fastrtps_c[0m
[0.471s] [ 21%] Built target turtlesim__rosidl_typesupport_cpp
[0.496s] [ 31%] Built target turtlesim__rosidl_typesupport_fastrtps_cpp
[0.521s] [ 41%] Built target turtlesim__rosidl_typesupport_introspection_cpp
[0.535s] [35m[1mConsolidate compiler generated dependencies of target turtlesim__rosidl_typesupport_introspection_c[0m
[0.547s] [ 51%] Built target turtlesim__rosidl_typesupport_fastrtps_c
[0.561s] [35m[1mConsolidate compiler generated dependencies of target turtlesim__rosidl_typesupport_c[0m
[0.603s] [35m[1mConsolidate compiler generated dependencies of target turtlesim_node[0m
[0.606s] [ 61%] Built target turtlesim__rosidl_typesupport_introspection_c
[0.624s] [ 71%] Built target turtlesim__rosidl_typesupport_c
[0.658s] [35m[1mConsolidate compiler generated dependencies of target turtle_teleop_key[0m
[0.676s] [35m[1mConsolidate compiler generated dependencies of target draw_square[0m
[0.754s] [ 73%] Built target turtle_teleop_key
[0.761s] [ 79%] Built target turtlesim_node
[0.774s] [ 81%] Built target draw_square
[0.801s] [35m[1mConsolidate compiler generated dependencies of target mimic[0m
[0.847s] [ 81%] Built target turtlesim
[0.889s] [ 83%] Built target mimic
[0.932s] [ 84%] Built target turtlesim__py
[0.977s] [35m[1mConsolidate compiler generated dependencies of target turtlesim__rosidl_generator_py[0m
[1.061s] [ 93%] Built target turtlesim__rosidl_generator_py
[1.105s] [35m[1mConsolidate compiler generated dependencies of target turtlesim__rosidl_typesupport_introspection_c__pyext[0m
[1.107s] [35m[1mConsolidate compiler generated dependencies of target turtlesim__rosidl_typesupport_fastrtps_c__pyext[0m
[1.109s] [35m[1mConsolidate compiler generated dependencies of target turtlesim__rosidl_typesupport_c__pyext[0m
[1.169s] [ 95%] Built target turtlesim__rosidl_typesupport_introspection_c__pyext
[1.171s] [ 97%] Built target turtlesim__rosidl_typesupport_fastrtps_c__pyext
[1.175s] [100%] Built target turtlesim__rosidl_typesupport_c__pyext
[1.776s] running egg_info
[1.779s] writing turtlesim.egg-info/PKG-INFO
[1.780s] writing dependency_links to turtlesim.egg-info/dependency_links.txt
[1.781s] writing top-level names to turtlesim.egg-info/top_level.txt
[1.792s] reading manifest file 'turtlesim.egg-info/SOURCES.txt'
[1.795s] writing manifest file 'turtlesim.egg-info/SOURCES.txt'
[1.914s] [100%] Built target ament_cmake_python_build_turtlesim_egg
[1.958s] Invoked command in '/home/thxssio/Codes/RobotROS/build/turtlesim' returned '0': CMAKE_PREFIX_PATH=/opt/ros/humble /usr/bin/cmake --build /home/thxssio/Codes/RobotROS/build/turtlesim -- -j4 -l4
[3.304s] Invoking command in '/home/thxssio/Codes/RobotROS/build/turtlesim': CMAKE_PREFIX_PATH=/opt/ros/humble /usr/bin/cmake --install /home/thxssio/Codes/RobotROS/build/turtlesim
[3.333s] -- Install configuration: ""
[3.334s] -- Up-to-date: /home/thxssio/Codes/RobotROS/install/turtlesim/share/ament_index/resource_index/rosidl_interfaces/turtlesim
[3.334s] -- Up-to-date: /home/thxssio/Codes/RobotROS/install/turtlesim/include/turtlesim/turtlesim
[3.334s] -- Up-to-date: /home/thxssio/Codes/RobotROS/install/turtlesim/include/turtlesim/turtlesim/msg
[3.335s] -- Up-to-date: /home/thxssio/Codes/RobotROS/install/turtlesim/include/turtlesim/turtlesim/msg/detail
[3.335s] -- Up-to-date: /home/thxssio/Codes/RobotROS/install/turtlesim/include/turtlesim/turtlesim/msg/detail/pose__struct.h
[3.336s] -- Up-to-date: /home/thxssio/Codes/RobotROS/install/turtlesim/include/turtlesim/turtlesim/msg/detail/color__functions.h
[3.336s] -- Up-to-date: /home/thxssio/Codes/RobotROS/install/turtlesim/include/turtlesim/turtlesim/msg/detail/color__struct.h
[3.336s] -- Up-to-date: /home/thxssio/Codes/RobotROS/install/turtlesim/include/turtlesim/turtlesim/msg/detail/color__type_support.h
[3.337s] -- Up-to-date: /home/thxssio/Codes/RobotROS/install/turtlesim/include/turtlesim/turtlesim/msg/detail/pose__type_support.h
[3.337s] -- Up-to-date: /home/thxssio/Codes/RobotROS/install/turtlesim/include/turtlesim/turtlesim/msg/detail/pose__functions.h
[3.337s] -- Up-to-date: /home/thxssio/Codes/RobotROS/install/turtlesim/include/turtlesim/turtlesim/msg/detail/pose__functions.c
[3.338s] -- Up-to-date: /home/thxssio/Codes/RobotROS/install/turtlesim/include/turtlesim/turtlesim/msg/detail/color__functions.c
[3.338s] -- Up-to-date: /home/thxssio/Codes/RobotROS/install/turtlesim/include/turtlesim/turtlesim/msg/pose.h
[3.339s] -- Up-to-date: /home/thxssio/Codes/RobotROS/install/turtlesim/include/turtlesim/turtlesim/msg/color.h
[3.339s] -- Up-to-date: /home/thxssio/Codes/RobotROS/install/turtlesim/include/turtlesim/turtlesim/msg/rosidl_generator_c__visibility_control.h
[3.339s] -- Up-to-date: /home/thxssio/Codes/RobotROS/install/turtlesim/include/turtlesim/turtlesim/action
[3.340s] -- Up-to-date: /home/thxssio/Codes/RobotROS/install/turtlesim/include/turtlesim/turtlesim/action/rotate_absolute.h
[3.340s] -- Up-to-date: /home/thxssio/Codes/RobotROS/install/turtlesim/include/turtlesim/turtlesim/action/detail
[3.340s] -- Up-to-date: /home/thxssio/Codes/RobotROS/install/turtlesim/include/turtlesim/turtlesim/action/detail/rotate_absolute__struct.h
[3.341s] -- Up-to-date: /home/thxssio/Codes/RobotROS/install/turtlesim/include/turtlesim/turtlesim/action/detail/rotate_absolute__functions.h
[3.341s] -- Up-to-date: /home/thxssio/Codes/RobotROS/install/turtlesim/include/turtlesim/turtlesim/action/detail/rotate_absolute__functions.c
[3.341s] -- Up-to-date: /home/thxssio/Codes/RobotROS/install/turtlesim/include/turtlesim/turtlesim/action/detail/rotate_absolute__type_support.h
[3.342s] -- Up-to-date: /home/thxssio/Codes/RobotROS/install/turtlesim/include/turtlesim/turtlesim/srv
[3.342s] -- Up-to-date: /home/thxssio/Codes/RobotROS/install/turtlesim/include/turtlesim/turtlesim/srv/kill.h
[3.342s] -- Up-to-date: /home/thxssio/Codes/RobotROS/install/turtlesim/include/turtlesim/turtlesim/srv/teleport_relative.h
[3.343s] -- Up-to-date: /home/thxssio/Codes/RobotROS/install/turtlesim/include/turtlesim/turtlesim/srv/teleport_absolute.h
[3.343s] -- Up-to-date: /home/thxssio/Codes/RobotROS/install/turtlesim/include/turtlesim/turtlesim/srv/spawn.h
[3.344s] -- Up-to-date: /home/thxssio/Codes/RobotROS/install/turtlesim/include/turtlesim/turtlesim/srv/detail
[3.344s] -- Up-to-date: /home/thxssio/Codes/RobotROS/install/turtlesim/include/turtlesim/turtlesim/srv/detail/teleport_absolute__struct.h
[3.344s] -- Up-to-date: /home/thxssio/Codes/RobotROS/install/turtlesim/include/turtlesim/turtlesim/srv/detail/set_pen__functions.c
[3.345s] -- Up-to-date: /home/thxssio/Codes/RobotROS/install/turtlesim/include/turtlesim/turtlesim/srv/detail/set_pen__functions.h
[3.345s] -- Up-to-date: /home/thxssio/Codes/RobotROS/install/turtlesim/include/turtlesim/turtlesim/srv/detail/spawn__type_support.h
[3.345s] -- Up-to-date: /home/thxssio/Codes/RobotROS/install/turtlesim/include/turtlesim/turtlesim/srv/detail/teleport_absolute__functions.c
[3.346s] -- Up-to-date: /home/thxssio/Codes/RobotROS/install/turtlesim/include/turtlesim/turtlesim/srv/detail/teleport_relative__functions.c
[3.346s] -- Up-to-date: /home/thxssio/Codes/RobotROS/install/turtlesim/include/turtlesim/turtlesim/srv/detail/teleport_absolute__type_support.h
[3.347s] -- Up-to-date: /home/thxssio/Codes/RobotROS/install/turtlesim/include/turtlesim/turtlesim/srv/detail/kill__type_support.h
[3.347s] -- Up-to-date: /home/thxssio/Codes/RobotROS/install/turtlesim/include/turtlesim/turtlesim/srv/detail/spawn__functions.c
[3.347s] -- Up-to-date: /home/thxssio/Codes/RobotROS/install/turtlesim/include/turtlesim/turtlesim/srv/detail/teleport_relative__functions.h
[3.348s] -- Up-to-date: /home/thxssio/Codes/RobotROS/install/turtlesim/include/turtlesim/turtlesim/srv/detail/kill__functions.h
[3.348s] -- Up-to-date: /home/thxssio/Codes/RobotROS/install/turtlesim/include/turtlesim/turtlesim/srv/detail/spawn__functions.h
[3.348s] -- Up-to-date: /home/thxssio/Codes/RobotROS/install/turtlesim/include/turtlesim/turtlesim/srv/detail/spawn__struct.h
[3.348s] -- Up-to-date: /home/thxssio/Codes/RobotROS/install/turtlesim/include/turtlesim/turtlesim/srv/detail/teleport_absolute__functions.h
[3.349s] -- Up-to-date: /home/thxssio/Codes/RobotROS/install/turtlesim/include/turtlesim/turtlesim/srv/detail/set_pen__struct.h
[3.349s] -- Up-to-date: /home/thxssio/Codes/RobotROS/install/turtlesim/include/turtlesim/turtlesim/srv/detail/teleport_relative__type_support.h
[3.349s] -- Up-to-date: /home/thxssio/Codes/RobotROS/install/turtlesim/include/turtlesim/turtlesim/srv/detail/set_pen__type_support.h
[3.350s] -- Up-to-date: /home/thxssio/Codes/RobotROS/install/turtlesim/include/turtlesim/turtlesim/srv/detail/kill__functions.c
[3.350s] -- Up-to-date: /home/thxssio/Codes/RobotROS/install/turtlesim/include/turtlesim/turtlesim/srv/detail/teleport_relative__struct.h
[3.351s] -- Up-to-date: /home/thxssio/Codes/RobotROS/install/turtlesim/include/turtlesim/turtlesim/srv/detail/kill__struct.h
[3.351s] -- Up-to-date: /home/thxssio/Codes/RobotROS/install/turtlesim/include/turtlesim/turtlesim/srv/set_pen.h
[3.351s] -- Up-to-date: /home/thxssio/Codes/RobotROS/install/turtlesim/share/turtlesim/environment/library_path.sh
[3.352s] -- Up-to-date: /home/thxssio/Codes/RobotROS/install/turtlesim/share/turtlesim/environment/library_path.dsv
[3.352s] -- Up-to-date: /home/thxssio/Codes/RobotROS/install/turtlesim/lib/libturtlesim__rosidl_generator_c.so
[3.353s] -- Up-to-date: /home/thxssio/Codes/RobotROS/install/turtlesim/include/turtlesim/turtlesim
[3.353s] -- Up-to-date: /home/thxssio/Codes/RobotROS/install/turtlesim/include/turtlesim/turtlesim/msg
[3.353s] -- Up-to-date: /home/thxssio/Codes/RobotROS/install/turtlesim/include/turtlesim/turtlesim/msg/rosidl_typesupport_fastrtps_c__visibility_control.h
[3.354s] -- Up-to-date: /home/thxssio/Codes/RobotROS/install/turtlesim/include/turtlesim/turtlesim/msg/detail
[3.354s] -- Up-to-date: /home/thxssio/Codes/RobotROS/install/turtlesim/include/turtlesim/turtlesim/msg/detail/color__rosidl_typesupport_fastrtps_c.h
[3.354s] -- Up-to-date: /home/thxssio/Codes/RobotROS/install/turtlesim/include/turtlesim/turtlesim/msg/detail/pose__rosidl_typesupport_fastrtps_c.h
[3.355s] -- Up-to-date: /home/thxssio/Codes/RobotROS/install/turtlesim/include/turtlesim/turtlesim/action
[3.355s] -- Up-to-date: /home/thxssio/Codes/RobotROS/install/turtlesim/include/turtlesim/turtlesim/action/detail
[3.355s] -- Up-to-date: /home/thxssio/Codes/RobotROS/install/turtlesim/include/turtlesim/turtlesim/action/detail/rotate_absolute__rosidl_typesupport_fastrtps_c.h
[3.355s] -- Up-to-date: /home/thxssio/Codes/RobotROS/install/turtlesim/include/turtlesim/turtlesim/srv
[3.356s] -- Up-to-date: /home/thxssio/Codes/RobotROS/install/turtlesim/include/turtlesim/turtlesim/srv/detail
[3.356s] -- Up-to-date: /home/thxssio/Codes/RobotROS/install/turtlesim/include/turtlesim/turtlesim/srv/detail/kill__rosidl_typesupport_fastrtps_c.h
[3.356s] -- Up-to-date: /home/thxssio/Codes/RobotROS/install/turtlesim/include/turtlesim/turtlesim/srv/detail/teleport_absolute__rosidl_typesupport_fastrtps_c.h
[3.357s] -- Up-to-date: /home/thxssio/Codes/RobotROS/install/turtlesim/include/turtlesim/turtlesim/srv/detail/teleport_relative__rosidl_typesupport_fastrtps_c.h
[3.357s] -- Up-to-date: /home/thxssio/Codes/RobotROS/install/turtlesim/include/turtlesim/turtlesim/srv/detail/set_pen__rosidl_typesupport_fastrtps_c.h
[3.357s] -- Up-to-date: /home/thxssio/Codes/RobotROS/install/turtlesim/include/turtlesim/turtlesim/srv/detail/spawn__rosidl_typesupport_fastrtps_c.h
[3.358s] -- Up-to-date: /home/thxssio/Codes/RobotROS/install/turtlesim/lib/libturtlesim__rosidl_typesupport_fastrtps_c.so
[3.358s] -- Up-to-date: /home/thxssio/Codes/RobotROS/install/turtlesim/include/turtlesim/turtlesim
[3.359s] -- Up-to-date: /home/thxssio/Codes/RobotROS/install/turtlesim/include/turtlesim/turtlesim/msg
[3.359s] -- Up-to-date: /home/thxssio/Codes/RobotROS/install/turtlesim/include/turtlesim/turtlesim/msg/detail
[3.359s] -- Up-to-date: /home/thxssio/Codes/RobotROS/install/turtlesim/include/turtlesim/turtlesim/msg/detail/color__traits.hpp
[3.360s] -- Up-to-date: /home/thxssio/Codes/RobotROS/install/turtlesim/include/turtlesim/turtlesim/msg/detail/color__builder.hpp
[3.360s] -- Up-to-date: /home/thxssio/Codes/RobotROS/install/turtlesim/include/turtlesim/turtlesim/msg/detail/color__struct.hpp
[3.360s] -- Up-to-date: /home/thxssio/Codes/RobotROS/install/turtlesim/include/turtlesim/turtlesim/msg/detail/pose__builder.hpp
[3.361s] -- Up-to-date: /home/thxssio/Codes/RobotROS/install/turtlesim/include/turtlesim/turtlesim/msg/detail/pose__traits.hpp
[3.361s] -- Up-to-date: /home/thxssio/Codes/RobotROS/install/turtlesim/include/turtlesim/turtlesim/msg/detail/pose__struct.hpp
[3.361s] -- Up-to-date: /home/thxssio/Codes/RobotROS/install/turtlesim/include/turtlesim/turtlesim/msg/pose.hpp
[3.362s] -- Up-to-date: /home/thxssio/Codes/RobotROS/install/turtlesim/include/turtlesim/turtlesim/msg/color.hpp
[3.362s] -- Up-to-date: /home/thxssio/Codes/RobotROS/install/turtlesim/include/turtlesim/turtlesim/action
[3.362s] -- Up-to-date: /home/thxssio/Codes/RobotROS/install/turtlesim/include/turtlesim/turtlesim/action/rotate_absolute.hpp
[3.363s] -- Up-to-date: /home/thxssio/Codes/RobotROS/install/turtlesim/include/turtlesim/turtlesim/action/detail
[3.363s] -- Up-to-date: /home/thxssio/Codes/RobotROS/install/turtlesim/include/turtlesim/turtlesim/action/detail/rotate_absolute__builder.hpp
[3.363s] -- Up-to-date: /home/thxssio/Codes/RobotROS/install/turtlesim/include/turtlesim/turtlesim/action/detail/rotate_absolute__traits.hpp
[3.364s] -- Up-to-date: /home/thxssio/Codes/RobotROS/install/turtlesim/include/turtlesim/turtlesim/action/detail/rotate_absolute__struct.hpp
[3.364s] -- Up-to-date: /home/thxssio/Codes/RobotROS/install/turtlesim/include/turtlesim/turtlesim/srv
[3.365s] -- Up-to-date: /home/thxssio/Codes/RobotROS/install/turtlesim/include/turtlesim/turtlesim/srv/teleport_absolute.hpp
[3.365s] -- Up-to-date: /home/thxssio/Codes/RobotROS/install/turtlesim/include/turtlesim/turtlesim/srv/set_pen.hpp
[3.365s] -- Up-to-date: /home/thxssio/Codes/RobotROS/install/turtlesim/include/turtlesim/turtlesim/srv/spawn.hpp
[3.366s] -- Up-to-date: /home/thxssio/Codes/RobotROS/install/turtlesim/include/turtlesim/turtlesim/srv/detail
[3.366s] -- Up-to-date: /home/thxssio/Codes/RobotROS/install/turtlesim/include/turtlesim/turtlesim/srv/detail/teleport_relative__builder.hpp
[3.366s] -- Up-to-date: /home/thxssio/Codes/RobotROS/install/turtlesim/include/turtlesim/turtlesim/srv/detail/kill__traits.hpp
[3.367s] -- Up-to-date: /home/thxssio/Codes/RobotROS/install/turtlesim/include/turtlesim/turtlesim/srv/detail/teleport_absolute__struct.hpp
[3.367s] -- Up-to-date: /home/thxssio/Codes/RobotROS/install/turtlesim/include/turtlesim/turtlesim/srv/detail/set_pen__struct.hpp
[3.368s] -- Up-to-date: /home/thxssio/Codes/RobotROS/install/turtlesim/include/turtlesim/turtlesim/srv/detail/spawn__builder.hpp
[3.368s] -- Up-to-date: /home/thxssio/Codes/RobotROS/install/turtlesim/include/turtlesim/turtlesim/srv/detail/set_pen__traits.hpp
[3.368s] -- Up-to-date: /home/thxssio/Codes/RobotROS/install/turtlesim/include/turtlesim/turtlesim/srv/detail/set_pen__builder.hpp
[3.368s] -- Up-to-date: /home/thxssio/Codes/RobotROS/install/turtlesim/include/turtlesim/turtlesim/srv/detail/spawn__struct.hpp
[3.369s] -- Up-to-date: /home/thxssio/Codes/RobotROS/install/turtlesim/include/turtlesim/turtlesim/srv/detail/kill__struct.hpp
[3.369s] -- Up-to-date: /home/thxssio/Codes/RobotROS/install/turtlesim/include/turtlesim/turtlesim/srv/detail/teleport_relative__traits.hpp
[3.370s] -- Up-to-date: /home/thxssio/Codes/RobotROS/install/turtlesim/include/turtlesim/turtlesim/srv/detail/spawn__traits.hpp
[3.370s] -- Up-to-date: /home/thxssio/Codes/RobotROS/install/turtlesim/include/turtlesim/turtlesim/srv/detail/teleport_absolute__traits.hpp
[3.370s] -- Up-to-date: /home/thxssio/Codes/RobotROS/install/turtlesim/include/turtlesim/turtlesim/srv/detail/teleport_relative__struct.hpp
[3.371s] -- Up-to-date: /home/thxssio/Codes/RobotROS/install/turtlesim/include/turtlesim/turtlesim/srv/detail/kill__builder.hpp
[3.371s] -- Up-to-date: /home/thxssio/Codes/RobotROS/install/turtlesim/include/turtlesim/turtlesim/srv/detail/teleport_absolute__builder.hpp
[3.371s] -- Up-to-date: /home/thxssio/Codes/RobotROS/install/turtlesim/include/turtlesim/turtlesim/srv/kill.hpp
[3.372s] -- Up-to-date: /home/thxssio/Codes/RobotROS/install/turtlesim/include/turtlesim/turtlesim/srv/teleport_relative.hpp
[3.372s] -- Up-to-date: /home/thxssio/Codes/RobotROS/install/turtlesim/include/turtlesim/turtlesim
[3.372s] -- Up-to-date: /home/thxssio/Codes/RobotROS/install/turtlesim/include/turtlesim/turtlesim/msg
[3.373s] -- Up-to-date: /home/thxssio/Codes/RobotROS/install/turtlesim/include/turtlesim/turtlesim/msg/detail
[3.373s] -- Up-to-date: /home/thxssio/Codes/RobotROS/install/turtlesim/include/turtlesim/turtlesim/msg/detail/dds_fastrtps
[3.373s] -- Up-to-date: /home/thxssio/Codes/RobotROS/install/turtlesim/include/turtlesim/turtlesim/msg/detail/color__rosidl_typesupport_fastrtps_cpp.hpp
[3.373s] -- Up-to-date: /home/thxssio/Codes/RobotROS/install/turtlesim/include/turtlesim/turtlesim/msg/detail/pose__rosidl_typesupport_fastrtps_cpp.hpp
[3.374s] -- Up-to-date: /home/thxssio/Codes/RobotROS/install/turtlesim/include/turtlesim/turtlesim/msg/rosidl_typesupport_fastrtps_cpp__visibility_control.h
[3.374s] -- Up-to-date: /home/thxssio/Codes/RobotROS/install/turtlesim/include/turtlesim/turtlesim/action
[3.374s] -- Up-to-date: /home/thxssio/Codes/RobotROS/install/turtlesim/include/turtlesim/turtlesim/action/detail
[3.375s] -- Up-to-date: /home/thxssio/Codes/RobotROS/install/turtlesim/include/turtlesim/turtlesim/action/detail/dds_fastrtps
[3.375s] -- Up-to-date: /home/thxssio/Codes/RobotROS/install/turtlesim/include/turtlesim/turtlesim/action/detail/rotate_absolute__rosidl_typesupport_fastrtps_cpp.hpp
[3.375s] -- Up-to-date: /home/thxssio/Codes/RobotROS/install/turtlesim/include/turtlesim/turtlesim/srv
[3.376s] -- Up-to-date: /home/thxssio/Codes/RobotROS/install/turtlesim/include/turtlesim/turtlesim/srv/detail
[3.376s] -- Up-to-date: /home/thxssio/Codes/RobotROS/install/turtlesim/include/turtlesim/turtlesim/srv/detail/dds_fastrtps
[3.376s] -- Up-to-date: /home/thxssio/Codes/RobotROS/install/turtlesim/include/turtlesim/turtlesim/srv/detail/kill__rosidl_typesupport_fastrtps_cpp.hpp
[3.377s] -- Up-to-date: /home/thxssio/Codes/RobotROS/install/turtlesim/include/turtlesim/turtlesim/srv/detail/teleport_absolute__rosidl_typesupport_fastrtps_cpp.hpp
[3.377s] -- Up-to-date: /home/thxssio/Codes/RobotROS/install/turtlesim/include/turtlesim/turtlesim/srv/detail/set_pen__rosidl_typesupport_fastrtps_cpp.hpp
[3.378s] -- Up-to-date: /home/thxssio/Codes/RobotROS/install/turtlesim/include/turtlesim/turtlesim/srv/detail/teleport_relative__rosidl_typesupport_fastrtps_cpp.hpp
[3.378s] -- Up-to-date: /home/thxssio/Codes/RobotROS/install/turtlesim/include/turtlesim/turtlesim/srv/detail/spawn__rosidl_typesupport_fastrtps_cpp.hpp
[3.378s] -- Up-to-date: /home/thxssio/Codes/RobotROS/install/turtlesim/lib/libturtlesim__rosidl_typesupport_fastrtps_cpp.so
[3.379s] -- Up-to-date: /home/thxssio/Codes/RobotROS/install/turtlesim/include/turtlesim/turtlesim
[3.379s] -- Up-to-date: /home/thxssio/Codes/RobotROS/install/turtlesim/include/turtlesim/turtlesim/msg
[3.379s] -- Up-to-date: /home/thxssio/Codes/RobotROS/install/turtlesim/include/turtlesim/turtlesim/msg/detail
[3.380s] -- Up-to-date: /home/thxssio/Codes/RobotROS/install/turtlesim/include/turtlesim/turtlesim/msg/detail/pose__rosidl_typesupport_introspection_c.h
[3.380s] -- Up-to-date: /home/thxssio/Codes/RobotROS/install/turtlesim/include/turtlesim/turtlesim/msg/detail/pose__type_support.c
[3.380s] -- Up-to-date: /home/thxssio/Codes/RobotROS/install/turtlesim/include/turtlesim/turtlesim/msg/detail/color__rosidl_typesupport_introspection_c.h
[3.381s] -- Up-to-date: /home/thxssio/Codes/RobotROS/install/turtlesim/include/turtlesim/turtlesim/msg/detail/color__type_support.c
[3.381s] -- Up-to-date: /home/thxssio/Codes/RobotROS/install/turtlesim/include/turtlesim/turtlesim/msg/rosidl_typesupport_introspection_c__visibility_control.h
[3.381s] -- Up-to-date: /home/thxssio/Codes/RobotROS/install/turtlesim/include/turtlesim/turtlesim/action
[3.382s] -- Up-to-date: /home/thxssio/Codes/RobotROS/install/turtlesim/include/turtlesim/turtlesim/action/detail
[3.382s] -- Up-to-date: /home/thxssio/Codes/RobotROS/install/turtlesim/include/turtlesim/turtlesim/action/detail/rotate_absolute__type_support.c
[3.382s] -- Up-to-date: /home/thxssio/Codes/RobotROS/install/turtlesim/include/turtlesim/turtlesim/action/detail/rotate_absolute__rosidl_typesupport_introspection_c.h
[3.383s] -- Up-to-date: /home/thxssio/Codes/RobotROS/install/turtlesim/include/turtlesim/turtlesim/srv
[3.383s] -- Up-to-date: /home/thxssio/Codes/RobotROS/install/turtlesim/include/turtlesim/turtlesim/srv/detail
[3.383s] -- Up-to-date: /home/thxssio/Codes/RobotROS/install/turtlesim/include/turtlesim/turtlesim/srv/detail/kill__rosidl_typesupport_introspection_c.h
[3.384s] -- Up-to-date: /home/thxssio/Codes/RobotROS/install/turtlesim/include/turtlesim/turtlesim/srv/detail/spawn__rosidl_typesupport_introspection_c.h
[3.384s] -- Up-to-date: /home/thxssio/Codes/RobotROS/install/turtlesim/include/turtlesim/turtlesim/srv/detail/set_pen__rosidl_typesupport_introspection_c.h
[3.384s] -- Up-to-date: /home/thxssio/Codes/RobotROS/install/turtlesim/include/turtlesim/turtlesim/srv/detail/set_pen__type_support.c
[3.384s] -- Up-to-date: /home/thxssio/Codes/RobotROS/install/turtlesim/include/turtlesim/turtlesim/srv/detail/teleport_absolute__type_support.c
[3.385s] -- Up-to-date: /home/thxssio/Codes/RobotROS/install/turtlesim/include/turtlesim/turtlesim/srv/detail/teleport_relative__type_support.c
[3.385s] -- Up-to-date: /home/thxssio/Codes/RobotROS/install/turtlesim/include/turtlesim/turtlesim/srv/detail/teleport_relative__rosidl_typesupport_introspection_c.h
[3.385s] -- Up-to-date: /home/thxssio/Codes/RobotROS/install/turtlesim/include/turtlesim/turtlesim/srv/detail/spawn__type_support.c
[3.386s] -- Up-to-date: /home/thxssio/Codes/RobotROS/install/turtlesim/include/turtlesim/turtlesim/srv/detail/teleport_absolute__rosidl_typesupport_introspection_c.h
[3.386s] -- Up-to-date: /home/thxssio/Codes/RobotROS/install/turtlesim/include/turtlesim/turtlesim/srv/detail/kill__type_support.c
[3.386s] -- Up-to-date: /home/thxssio/Codes/RobotROS/install/turtlesim/lib/libturtlesim__rosidl_typesupport_introspection_c.so
[3.387s] -- Up-to-date: /home/thxssio/Codes/RobotROS/install/turtlesim/lib/libturtlesim__rosidl_typesupport_c.so
[3.387s] -- Up-to-date: /home/thxssio/Codes/RobotROS/install/turtlesim/include/turtlesim/turtlesim
[3.387s] -- Up-to-date: /home/thxssio/Codes/RobotROS/install/turtlesim/include/turtlesim/turtlesim/msg
[3.388s] -- Up-to-date: /home/thxssio/Codes/RobotROS/install/turtlesim/include/turtlesim/turtlesim/msg/detail
[3.388s] -- Up-to-date: /home/thxssio/Codes/RobotROS/install/turtlesim/include/turtlesim/turtlesim/msg/detail/color__rosidl_typesupport_introspection_cpp.hpp
[3.388s] -- Up-to-date: /home/thxssio/Codes/RobotROS/install/turtlesim/include/turtlesim/turtlesim/msg/detail/pose__type_support.cpp
[3.389s] -- Up-to-date: /home/thxssio/Codes/RobotROS/install/turtlesim/include/turtlesim/turtlesim/msg/detail/pose__rosidl_typesupport_introspection_cpp.hpp
[3.389s] -- Up-to-date: /home/thxssio/Codes/RobotROS/install/turtlesim/include/turtlesim/turtlesim/msg/detail/color__type_support.cpp
[3.389s] -- Up-to-date: /home/thxssio/Codes/RobotROS/install/turtlesim/include/turtlesim/turtlesim/action
[3.390s] -- Up-to-date: /home/thxssio/Codes/RobotROS/install/turtlesim/include/turtlesim/turtlesim/action/detail
[3.390s] -- Up-to-date: /home/thxssio/Codes/RobotROS/install/turtlesim/include/turtlesim/turtlesim/action/detail/rotate_absolute__rosidl_typesupport_introspection_cpp.hpp
[3.391s] -- Up-to-date: /home/thxssio/Codes/RobotROS/install/turtlesim/include/turtlesim/turtlesim/action/detail/rotate_absolute__type_support.cpp
[3.391s] -- Up-to-date: /home/thxssio/Codes/RobotROS/install/turtlesim/include/turtlesim/turtlesim/srv
[3.391s] -- Up-to-date: /home/thxssio/Codes/RobotROS/install/turtlesim/include/turtlesim/turtlesim/srv/detail
[3.392s] -- Up-to-date: /home/thxssio/Codes/RobotROS/install/turtlesim/include/turtlesim/turtlesim/srv/detail/teleport_absolute__type_support.cpp
[3.392s] -- Up-to-date: /home/thxssio/Codes/RobotROS/install/turtlesim/include/turtlesim/turtlesim/srv/detail/teleport_absolute__rosidl_typesupport_introspection_cpp.hpp
[3.392s] -- Up-to-date: /home/thxssio/Codes/RobotROS/install/turtlesim/include/turtlesim/turtlesim/srv/detail/spawn__type_support.cpp
[3.393s] -- Up-to-date: /home/thxssio/Codes/RobotROS/install/turtlesim/include/turtlesim/turtlesim/srv/detail/teleport_relative__type_support.cpp
[3.393s] -- Up-to-date: /home/thxssio/Codes/RobotROS/install/turtlesim/include/turtlesim/turtlesim/srv/detail/set_pen__rosidl_typesupport_introspection_cpp.hpp
[3.393s] -- Up-to-date: /home/thxssio/Codes/RobotROS/install/turtlesim/include/turtlesim/turtlesim/srv/detail/kill__type_support.cpp
[3.394s] -- Up-to-date: /home/thxssio/Codes/RobotROS/install/turtlesim/include/turtlesim/turtlesim/srv/detail/set_pen__type_support.cpp
[3.394s] -- Up-to-date: /home/thxssio/Codes/RobotROS/install/turtlesim/include/turtlesim/turtlesim/srv/detail/spawn__rosidl_typesupport_introspection_cpp.hpp
[3.394s] -- Up-to-date: /home/thxssio/Codes/RobotROS/install/turtlesim/include/turtlesim/turtlesim/srv/detail/kill__rosidl_typesupport_introspection_cpp.hpp
[3.395s] -- Up-to-date: /home/thxssio/Codes/RobotROS/install/turtlesim/include/turtlesim/turtlesim/srv/detail/teleport_relative__rosidl_typesupport_introspection_cpp.hpp
[3.395s] -- Up-to-date: /home/thxssio/Codes/RobotROS/install/turtlesim/lib/libturtlesim__rosidl_typesupport_introspection_cpp.so
[3.397s] -- Up-to-date: /home/thxssio/Codes/RobotROS/install/turtlesim/lib/libturtlesim__rosidl_typesupport_cpp.so
[3.398s] -- Up-to-date: /home/thxssio/Codes/RobotROS/install/turtlesim/share/turtlesim/environment/pythonpath.sh
[3.398s] -- Up-to-date: /home/thxssio/Codes/RobotROS/install/turtlesim/share/turtlesim/environment/pythonpath.dsv
[3.399s] -- Up-to-date: /home/thxssio/Codes/RobotROS/install/turtlesim/local/lib/python3.10/dist-packages/turtlesim-1.4.2-py3.10.egg-info
[3.399s] -- Installing: /home/thxssio/Codes/RobotROS/install/turtlesim/local/lib/python3.10/dist-packages/turtlesim-1.4.2-py3.10.egg-info/dependency_links.txt
[3.400s] -- Installing: /home/thxssio/Codes/RobotROS/install/turtlesim/local/lib/python3.10/dist-packages/turtlesim-1.4.2-py3.10.egg-info/top_level.txt
[3.401s] -- Installing: /home/thxssio/Codes/RobotROS/install/turtlesim/local/lib/python3.10/dist-packages/turtlesim-1.4.2-py3.10.egg-info/SOURCES.txt
[3.402s] -- Installing: /home/thxssio/Codes/RobotROS/install/turtlesim/local/lib/python3.10/dist-packages/turtlesim-1.4.2-py3.10.egg-info/PKG-INFO
[3.403s] -- Up-to-date: /home/thxssio/Codes/RobotROS/install/turtlesim/local/lib/python3.10/dist-packages/turtlesim
[3.404s] -- Up-to-date: /home/thxssio/Codes/RobotROS/install/turtlesim/local/lib/python3.10/dist-packages/turtlesim/libturtlesim__rosidl_generator_py.so
[3.404s] -- Up-to-date: /home/thxssio/Codes/RobotROS/install/turtlesim/local/lib/python3.10/dist-packages/turtlesim/_turtlesim_s.ep.rosidl_typesupport_introspection_c.c
[3.405s] -- Up-to-date: /home/thxssio/Codes/RobotROS/install/turtlesim/local/lib/python3.10/dist-packages/turtlesim/turtlesim_s__rosidl_typesupport_introspection_c.cpython-310-aarch64-linux-gnu.so
[3.405s] -- Up-to-date: /home/thxssio/Codes/RobotROS/install/turtlesim/local/lib/python3.10/dist-packages/turtlesim/msg
[3.405s] -- Up-to-date: /home/thxssio/Codes/RobotROS/install/turtlesim/local/lib/python3.10/dist-packages/turtlesim/msg/_color_s.c
[3.406s] -- Up-to-date: /home/thxssio/Codes/RobotROS/install/turtlesim/local/lib/python3.10/dist-packages/turtlesim/msg/_pose_s.c
[3.406s] -- Up-to-date: /home/thxssio/Codes/RobotROS/install/turtlesim/local/lib/python3.10/dist-packages/turtlesim/msg/__init__.py
[3.406s] -- Up-to-date: /home/thxssio/Codes/RobotROS/install/turtlesim/local/lib/python3.10/dist-packages/turtlesim/msg/_pose.py
[3.407s] -- Up-to-date: /home/thxssio/Codes/RobotROS/install/turtlesim/local/lib/python3.10/dist-packages/turtlesim/msg/_color.py
[3.407s] -- Up-to-date: /home/thxssio/Codes/RobotROS/install/turtlesim/local/lib/python3.10/dist-packages/turtlesim/turtlesim_s__rosidl_typesupport_fastrtps_c.cpython-310-aarch64-linux-gnu.so
[3.408s] -- Up-to-date: /home/thxssio/Codes/RobotROS/install/turtlesim/local/lib/python3.10/dist-packages/turtlesim/_turtlesim_s.ep.rosidl_typesupport_c.c
[3.408s] -- Up-to-date: /home/thxssio/Codes/RobotROS/install/turtlesim/local/lib/python3.10/dist-packages/turtlesim/__init__.py
[3.408s] -- Up-to-date: /home/thxssio/Codes/RobotROS/install/turtlesim/local/lib/python3.10/dist-packages/turtlesim/_turtlesim_s.ep.rosidl_typesupport_fastrtps_c.c
[3.409s] -- Up-to-date: /home/thxssio/Codes/RobotROS/install/turtlesim/local/lib/python3.10/dist-packages/turtlesim/action
[3.409s] -- Up-to-date: /home/thxssio/Codes/RobotROS/install/turtlesim/local/lib/python3.10/dist-packages/turtlesim/action/_rotate_absolute_s.c
[3.409s] -- Up-to-date: /home/thxssio/Codes/RobotROS/install/turtlesim/local/lib/python3.10/dist-packages/turtlesim/action/__init__.py
[3.410s] -- Up-to-date: /home/thxssio/Codes/RobotROS/install/turtlesim/local/lib/python3.10/dist-packages/turtlesim/action/_rotate_absolute.py
[3.410s] -- Up-to-date: /home/thxssio/Codes/RobotROS/install/turtlesim/local/lib/python3.10/dist-packages/turtlesim/turtlesim_s__rosidl_typesupport_c.cpython-310-aarch64-linux-gnu.so
[3.410s] -- Up-to-date: /home/thxssio/Codes/RobotROS/install/turtlesim/local/lib/python3.10/dist-packages/turtlesim/srv
[3.411s] -- Up-to-date: /home/thxssio/Codes/RobotROS/install/turtlesim/local/lib/python3.10/dist-packages/turtlesim/srv/_teleport_relative_s.c
[3.411s] -- Up-to-date: /home/thxssio/Codes/RobotROS/install/turtlesim/local/lib/python3.10/dist-packages/turtlesim/srv/_teleport_relative.py
[3.411s] -- Up-to-date: /home/thxssio/Codes/RobotROS/install/turtlesim/local/lib/python3.10/dist-packages/turtlesim/srv/_set_pen_s.c
[3.412s] -- Up-to-date: /home/thxssio/Codes/RobotROS/install/turtlesim/local/lib/python3.10/dist-packages/turtlesim/srv/_teleport_absolute_s.c
[3.413s] -- Up-to-date: /home/thxssio/Codes/RobotROS/install/turtlesim/local/lib/python3.10/dist-packages/turtlesim/srv/_kill.py
[3.413s] -- Up-to-date: /home/thxssio/Codes/RobotROS/install/turtlesim/local/lib/python3.10/dist-packages/turtlesim/srv/_spawn.py
[3.413s] -- Up-to-date: /home/thxssio/Codes/RobotROS/install/turtlesim/local/lib/python3.10/dist-packages/turtlesim/srv/_teleport_absolute.py
[3.414s] -- Up-to-date: /home/thxssio/Codes/RobotROS/install/turtlesim/local/lib/python3.10/dist-packages/turtlesim/srv/_set_pen.py
[3.414s] -- Up-to-date: /home/thxssio/Codes/RobotROS/install/turtlesim/local/lib/python3.10/dist-packages/turtlesim/srv/__init__.py
[3.414s] -- Up-to-date: /home/thxssio/Codes/RobotROS/install/turtlesim/local/lib/python3.10/dist-packages/turtlesim/srv/_kill_s.c
[3.415s] -- Up-to-date: /home/thxssio/Codes/RobotROS/install/turtlesim/local/lib/python3.10/dist-packages/turtlesim/srv/_spawn_s.c
[3.544s] Listing '/home/thxssio/Codes/RobotROS/install/turtlesim/local/lib/python3.10/dist-packages/turtlesim'...
[3.545s] Listing '/home/thxssio/Codes/RobotROS/install/turtlesim/local/lib/python3.10/dist-packages/turtlesim/action'...
[3.546s] Listing '/home/thxssio/Codes/RobotROS/install/turtlesim/local/lib/python3.10/dist-packages/turtlesim/msg'...
[3.547s] Listing '/home/thxssio/Codes/RobotROS/install/turtlesim/local/lib/python3.10/dist-packages/turtlesim/srv'...
[3.565s] -- Up-to-date: /home/thxssio/Codes/RobotROS/install/turtlesim/local/lib/python3.10/dist-packages/turtlesim/turtlesim_s__rosidl_typesupport_fastrtps_c.cpython-310-aarch64-linux-gnu.so
[3.567s] -- Up-to-date: /home/thxssio/Codes/RobotROS/install/turtlesim/local/lib/python3.10/dist-packages/turtlesim/turtlesim_s__rosidl_typesupport_introspection_c.cpython-310-aarch64-linux-gnu.so
[3.570s] -- Up-to-date: /home/thxssio/Codes/RobotROS/install/turtlesim/local/lib/python3.10/dist-packages/turtlesim/turtlesim_s__rosidl_typesupport_c.cpython-310-aarch64-linux-gnu.so
[3.572s] -- Up-to-date: /home/thxssio/Codes/RobotROS/install/turtlesim/lib/libturtlesim__rosidl_generator_py.so
[3.573s] -- Up-to-date: /home/thxssio/Codes/RobotROS/install/turtlesim/share/turtlesim/action/RotateAbsolute.idl
[3.574s] -- Up-to-date: /home/thxssio/Codes/RobotROS/install/turtlesim/share/turtlesim/msg/Color.idl
[3.574s] -- Up-to-date: /home/thxssio/Codes/RobotROS/install/turtlesim/share/turtlesim/msg/Pose.idl
[3.575s] -- Up-to-date: /home/thxssio/Codes/RobotROS/install/turtlesim/share/turtlesim/srv/Kill.idl
[3.575s] -- Up-to-date: /home/thxssio/Codes/RobotROS/install/turtlesim/share/turtlesim/srv/SetPen.idl
[3.576s] -- Up-to-date: /home/thxssio/Codes/RobotROS/install/turtlesim/share/turtlesim/srv/Spawn.idl
[3.576s] -- Up-to-date: /home/thxssio/Codes/RobotROS/install/turtlesim/share/turtlesim/srv/TeleportAbsolute.idl
[3.577s] -- Up-to-date: /home/thxssio/Codes/RobotROS/install/turtlesim/share/turtlesim/srv/TeleportRelative.idl
[3.577s] -- Up-to-date: /home/thxssio/Codes/RobotROS/install/turtlesim/share/turtlesim/action/RotateAbsolute.action
[3.578s] -- Up-to-date: /home/thxssio/Codes/RobotROS/install/turtlesim/share/turtlesim/msg/Color.msg
[3.578s] -- Up-to-date: /home/thxssio/Codes/RobotROS/install/turtlesim/share/turtlesim/msg/Pose.msg
[3.579s] -- Up-to-date: /home/thxssio/Codes/RobotROS/install/turtlesim/share/turtlesim/srv/Kill.srv
[3.579s] -- Up-to-date: /home/thxssio/Codes/RobotROS/install/turtlesim/share/turtlesim/srv/Kill_Request.msg
[3.580s] -- Up-to-date: /home/thxssio/Codes/RobotROS/install/turtlesim/share/turtlesim/srv/Kill_Response.msg
[3.580s] -- Up-to-date: /home/thxssio/Codes/RobotROS/install/turtlesim/share/turtlesim/srv/SetPen.srv
[3.581s] -- Up-to-date: /home/thxssio/Codes/RobotROS/install/turtlesim/share/turtlesim/srv/SetPen_Request.msg
[3.581s] -- Up-to-date: /home/thxssio/Codes/RobotROS/install/turtlesim/share/turtlesim/srv/SetPen_Response.msg
[3.582s] -- Up-to-date: /home/thxssio/Codes/RobotROS/install/turtlesim/share/turtlesim/srv/Spawn.srv
[3.582s] -- Up-to-date: /home/thxssio/Codes/RobotROS/install/turtlesim/share/turtlesim/srv/Spawn_Request.msg
[3.583s] -- Up-to-date: /home/thxssio/Codes/RobotROS/install/turtlesim/share/turtlesim/srv/Spawn_Response.msg
[3.583s] -- Up-to-date: /home/thxssio/Codes/RobotROS/install/turtlesim/share/turtlesim/srv/TeleportAbsolute.srv
[3.583s] -- Up-to-date: /home/thxssio/Codes/RobotROS/install/turtlesim/share/turtlesim/srv/TeleportAbsolute_Request.msg
[3.584s] -- Up-to-date: /home/thxssio/Codes/RobotROS/install/turtlesim/share/turtlesim/srv/TeleportAbsolute_Response.msg
[3.584s] -- Up-to-date: /home/thxssio/Codes/RobotROS/install/turtlesim/share/turtlesim/srv/TeleportRelative.srv
[3.584s] -- Up-to-date: /home/thxssio/Codes/RobotROS/install/turtlesim/share/turtlesim/srv/TeleportRelative_Request.msg
[3.585s] -- Up-to-date: /home/thxssio/Codes/RobotROS/install/turtlesim/share/turtlesim/srv/TeleportRelative_Response.msg
[3.585s] -- Up-to-date: /home/thxssio/Codes/RobotROS/install/turtlesim/lib/turtlesim/turtlesim_node
[3.587s] -- Up-to-date: /home/thxssio/Codes/RobotROS/install/turtlesim/lib/turtlesim/turtle_teleop_key
[3.589s] -- Up-to-date: /home/thxssio/Codes/RobotROS/install/turtlesim/lib/turtlesim/draw_square
[3.591s] -- Up-to-date: /home/thxssio/Codes/RobotROS/install/turtlesim/lib/turtlesim/mimic
[3.592s] -- Up-to-date: /home/thxssio/Codes/RobotROS/install/turtlesim/share/turtlesim/images
[3.593s] -- Up-to-date: /home/thxssio/Codes/RobotROS/install/turtlesim/share/turtlesim/images/eloquent.png
[3.593s] -- Up-to-date: /home/thxssio/Codes/RobotROS/install/turtlesim/share/turtlesim/images/dashing.png
[3.594s] -- Up-to-date: /home/thxssio/Codes/RobotROS/install/turtlesim/share/turtlesim/images/foxy.png
[3.594s] -- Up-to-date: /home/thxssio/Codes/RobotROS/install/turtlesim/share/turtlesim/images/galactic.png
[3.595s] -- Up-to-date: /home/thxssio/Codes/RobotROS/install/turtlesim/share/turtlesim/images/ardent.png
[3.595s] -- Up-to-date: /home/thxssio/Codes/RobotROS/install/turtlesim/share/turtlesim/images/crystal.png
[3.595s] -- Up-to-date: /home/thxssio/Codes/RobotROS/install/turtlesim/share/turtlesim/images/rolling.png
[3.596s] -- Up-to-date: /home/thxssio/Codes/RobotROS/install/turtlesim/share/turtlesim/images/bouncy.png
[3.596s] -- Up-to-date: /home/thxssio/Codes/RobotROS/install/turtlesim/share/turtlesim/images/humble.png
[3.596s] -- Up-to-date: /home/thxssio/Codes/RobotROS/install/turtlesim/share/turtlesim/launch
[3.597s] -- Up-to-date: /home/thxssio/Codes/RobotROS/install/turtlesim/share/turtlesim/launch/multisim.launch.py
[3.597s] -- Up-to-date: /home/thxssio/Codes/RobotROS/install/turtlesim/share/ament_index/resource_index/package_run_dependencies/turtlesim
[3.598s] -- Up-to-date: /home/thxssio/Codes/RobotROS/install/turtlesim/share/ament_index/resource_index/parent_prefix_path/turtlesim
[3.598s] -- Up-to-date: /home/thxssio/Codes/RobotROS/install/turtlesim/share/turtlesim/environment/ament_prefix_path.sh
[3.599s] -- Up-to-date: /home/thxssio/Codes/RobotROS/install/turtlesim/share/turtlesim/environment/ament_prefix_path.dsv
[3.599s] -- Up-to-date: /home/thxssio/Codes/RobotROS/install/turtlesim/share/turtlesim/environment/path.sh
[3.599s] -- Up-to-date: /home/thxssio/Codes/RobotROS/install/turtlesim/share/turtlesim/environment/path.dsv
[3.600s] -- Up-to-date: /home/thxssio/Codes/RobotROS/install/turtlesim/share/turtlesim/local_setup.bash
[3.600s] -- Up-to-date: /home/thxssio/Codes/RobotROS/install/turtlesim/share/turtlesim/local_setup.sh
[3.600s] -- Up-to-date: /home/thxssio/Codes/RobotROS/install/turtlesim/share/turtlesim/local_setup.zsh
[3.600s] -- Up-to-date: /home/thxssio/Codes/RobotROS/install/turtlesim/share/turtlesim/local_setup.dsv
[3.601s] -- Installing: /home/thxssio/Codes/RobotROS/install/turtlesim/share/turtlesim/package.dsv
[3.601s] -- Up-to-date: /home/thxssio/Codes/RobotROS/install/turtlesim/share/ament_index/resource_index/packages/turtlesim
[3.602s] -- Up-to-date: /home/thxssio/Codes/RobotROS/install/turtlesim/share/turtlesim/cmake/export_turtlesim__rosidl_generator_cExport.cmake
[3.602s] -- Up-to-date: /home/thxssio/Codes/RobotROS/install/turtlesim/share/turtlesim/cmake/export_turtlesim__rosidl_generator_cExport-noconfig.cmake
[3.603s] -- Up-to-date: /home/thxssio/Codes/RobotROS/install/turtlesim/share/turtlesim/cmake/export_turtlesim__rosidl_typesupport_fastrtps_cExport.cmake
[3.603s] -- Up-to-date: /home/thxssio/Codes/RobotROS/install/turtlesim/share/turtlesim/cmake/export_turtlesim__rosidl_typesupport_fastrtps_cExport-noconfig.cmake
[3.604s] -- Up-to-date: /home/thxssio/Codes/RobotROS/install/turtlesim/share/turtlesim/cmake/export_turtlesim__rosidl_generator_cppExport.cmake
[3.605s] -- Up-to-date: /home/thxssio/Codes/RobotROS/install/turtlesim/share/turtlesim/cmake/export_turtlesim__rosidl_typesupport_fastrtps_cppExport.cmake
[3.605s] -- Up-to-date: /home/thxssio/Codes/RobotROS/install/turtlesim/share/turtlesim/cmake/export_turtlesim__rosidl_typesupport_fastrtps_cppExport-noconfig.cmake
[3.606s] -- Up-to-date: /home/thxssio/Codes/RobotROS/install/turtlesim/share/turtlesim/cmake/turtlesim__rosidl_typesupport_introspection_cExport.cmake
[3.607s] -- Up-to-date: /home/thxssio/Codes/RobotROS/install/turtlesim/share/turtlesim/cmake/turtlesim__rosidl_typesupport_introspection_cExport-noconfig.cmake
[3.607s] -- Up-to-date: /home/thxssio/Codes/RobotROS/install/turtlesim/share/turtlesim/cmake/turtlesim__rosidl_typesupport_cExport.cmake
[3.608s] -- Up-to-date: /home/thxssio/Codes/RobotROS/install/turtlesim/share/turtlesim/cmake/turtlesim__rosidl_typesupport_cExport-noconfig.cmake
[3.608s] -- Up-to-date: /home/thxssio/Codes/RobotROS/install/turtlesim/share/turtlesim/cmake/turtlesim__rosidl_typesupport_introspection_cppExport.cmake
[3.609s] -- Up-to-date: /home/thxssio/Codes/RobotROS/install/turtlesim/share/turtlesim/cmake/turtlesim__rosidl_typesupport_introspection_cppExport-noconfig.cmake
[3.610s] -- Up-to-date: /home/thxssio/Codes/RobotROS/install/turtlesim/share/turtlesim/cmake/turtlesim__rosidl_typesupport_cppExport.cmake
[3.610s] -- Up-to-date: /home/thxssio/Codes/RobotROS/install/turtlesim/share/turtlesim/cmake/turtlesim__rosidl_typesupport_cppExport-noconfig.cmake
[3.611s] -- Up-to-date: /home/thxssio/Codes/RobotROS/install/turtlesim/share/turtlesim/cmake/export_turtlesim__rosidl_generator_pyExport.cmake
[3.611s] -- Up-to-date: /home/thxssio/Codes/RobotROS/install/turtlesim/share/turtlesim/cmake/export_turtlesim__rosidl_generator_pyExport-noconfig.cmake
[3.612s] -- Up-to-date: /home/thxssio/Codes/RobotROS/install/turtlesim/share/turtlesim/cmake/rosidl_cmake-extras.cmake
[3.612s] -- Up-to-date: /home/thxssio/Codes/RobotROS/install/turtlesim/share/turtlesim/cmake/ament_cmake_export_dependencies-extras.cmake
[3.613s] -- Up-to-date: /home/thxssio/Codes/RobotROS/install/turtlesim/share/turtlesim/cmake/ament_cmake_export_include_directories-extras.cmake
[3.614s] -- Up-to-date: /home/thxssio/Codes/RobotROS/install/turtlesim/share/turtlesim/cmake/ament_cmake_export_libraries-extras.cmake
[3.614s] -- Up-to-date: /home/thxssio/Codes/RobotROS/install/turtlesim/share/turtlesim/cmake/ament_cmake_export_targets-extras.cmake
[3.615s] -- Up-to-date: /home/thxssio/Codes/RobotROS/install/turtlesim/share/turtlesim/cmake/rosidl_cmake_export_typesupport_targets-extras.cmake
[3.615s] -- Up-to-date: /home/thxssio/Codes/RobotROS/install/turtlesim/share/turtlesim/cmake/rosidl_cmake_export_typesupport_libraries-extras.cmake
[3.615s] -- Up-to-date: /home/thxssio/Codes/RobotROS/install/turtlesim/share/turtlesim/cmake/turtlesimConfig.cmake
[3.616s] -- Up-to-date: /home/thxssio/Codes/RobotROS/install/turtlesim/share/turtlesim/cmake/turtlesimConfig-version.cmake
[3.616s] -- Up-to-date: /home/thxssio/Codes/RobotROS/install/turtlesim/share/turtlesim/package.xml
[3.624s] Invoked command in '/home/thxssio/Codes/RobotROS/build/turtlesim' returned '0': CMAKE_PREFIX_PATH=/opt/ros/humble /usr/bin/cmake --install /home/thxssio/Codes/RobotROS/build/turtlesim
