-- The C compiler identification is GNU 11.3.0
-- The CXX compiler identification is GNU 11.3.0
-- Detecting C compiler ABI info
-- Detecting C compiler ABI info - done
-- Check for working C compiler: /usr/bin/cc - skipped
-- Detecting C compile features
-- Detecting C compile features - done
-- Detecting CXX compiler ABI info
-- Detecting CXX compiler ABI info - done
-- Check for working CXX compiler: /usr/bin/c++ - skipped
-- Detecting CXX compile features
-- Detecting CXX compile features - done
-- Found ament_cmake: 1.3.4 (/opt/ros/humble/share/ament_cmake/cmake)
-- Found Python3: /usr/bin/python3.10 (found version "3.10.6") found components: Interpreter 
-- Found rclcpp: 16.0.4 (/opt/ros/humble/share/rclcpp/cmake)
-- Found rosidl_generator_c: 3.1.4 (/opt/ros/humble/share/rosidl_generator_c/cmake)
-- Found rosidl_adapter: 3.1.4 (/opt/ros/humble/share/rosidl_adapter/cmake)
-- Found rosidl_generator_cpp: 3.1.4 (/opt/ros/humble/share/rosidl_generator_cpp/cmake)
-- Using all available rosidl_typesupport_c: rosidl_typesupport_fastrtps_c;rosidl_typesupport_introspection_c
-- Using all available rosidl_typesupport_cpp: rosidl_typesupport_fastrtps_cpp;rosidl_typesupport_introspection_cpp
-- Found rmw_implementation_cmake: 6.1.1 (/opt/ros/humble/share/rmw_implementation_cmake/cmake)
-- Found rmw_fastrtps_cpp: 6.2.2 (/opt/ros/humble/share/rmw_fastrtps_cpp/cmake)
-- Found OpenSSL: /usr/lib/aarch64-linux-gnu/libcrypto.so (found version "3.0.2")  
-- Found FastRTPS: /opt/ros/humble/include  
-- Using RMW implementation 'rmw_fastrtps_cpp' as default
-- Looking for pthread.h
-- Looking for pthread.h - found
-- Performing Test CMAKE_HAVE_LIBC_PTHREAD
-- Performing Test CMAKE_HAVE_LIBC_PTHREAD - Success
-- Found Threads: TRUE  
-- Found sensor_msgs: 4.2.3 (/opt/ros/humble/share/sensor_msgs/cmake)
-- Configuring done
-- Generating done
-- Build files have been written to: /home/thxssio/Codes/RobotROS/build/imu
[ 33%] [32mBuilding CXX object CMakeFiles/imu.dir/src/mpu6050driver.cpp.o[0m
[ 66%] [32mBuilding CXX object CMakeFiles/imu.dir/src/mpu6050sensor.cpp.o[0m
[100%] [32m[1mLinking CXX executable imu[0m
[100%] Built target imu
-- Install configuration: ""
-- Installing: /home/thxssio/Codes/RobotROS/install/imu/lib/imu/imu
-- Set runtime path of "/home/thxssio/Codes/RobotROS/install/imu/lib/imu/imu" to ""
-- Installing: /home/thxssio/Codes/RobotROS/install/imu/share/imu//launch
-- Installing: /home/thxssio/Codes/RobotROS/install/imu/share/imu//launch/imu_launch.py
-- Installing: /home/thxssio/Codes/RobotROS/install/imu/share/imu//params
-- Installing: /home/thxssio/Codes/RobotROS/install/imu/share/imu//params/mpu6050.yaml
-- Installing: /home/thxssio/Codes/RobotROS/install/imu/share/ament_index/resource_index/package_run_dependencies/imu
-- Installing: /home/thxssio/Codes/RobotROS/install/imu/share/ament_index/resource_index/parent_prefix_path/imu
-- Installing: /home/thxssio/Codes/RobotROS/install/imu/share/imu/environment/ament_prefix_path.sh
-- Installing: /home/thxssio/Codes/RobotROS/install/imu/share/imu/environment/ament_prefix_path.dsv
-- Installing: /home/thxssio/Codes/RobotROS/install/imu/share/imu/environment/path.sh
-- Installing: /home/thxssio/Codes/RobotROS/install/imu/share/imu/environment/path.dsv
-- Installing: /home/thxssio/Codes/RobotROS/install/imu/share/imu/local_setup.bash
-- Installing: /home/thxssio/Codes/RobotROS/install/imu/share/imu/local_setup.sh
-- Installing: /home/thxssio/Codes/RobotROS/install/imu/share/imu/local_setup.zsh
-- Installing: /home/thxssio/Codes/RobotROS/install/imu/share/imu/local_setup.dsv
-- Installing: /home/thxssio/Codes/RobotROS/install/imu/share/imu/package.dsv
-- Installing: /home/thxssio/Codes/RobotROS/install/imu/share/ament_index/resource_index/packages/imu
-- Installing: /home/thxssio/Codes/RobotROS/install/imu/share/imu/cmake/imuConfig.cmake
-- Installing: /home/thxssio/Codes/RobotROS/install/imu/share/imu/cmake/imuConfig-version.cmake
-- Installing: /home/thxssio/Codes/RobotROS/install/imu/share/imu/package.xml
