[0.054s] Invoking command in '/home/thxssio/Codes/RobotROS/build/imu': CMAKE_PREFIX_PATH=${CMAKE_PREFIX_PATH}:/home/thxssio/Codes/RobotROS/install/imu_python:/opt/ros/humble /usr/bin/cmake /home/thxssio/Codes/RobotROS/src/imu -DCMAKE_INSTALL_PREFIX=/home/thxssio/Codes/RobotROS/install/imu
[0.306s] -- The C compiler identification is GNU 11.3.0
[0.549s] -- The CXX compiler identification is GNU 11.3.0
[0.579s] -- Detecting C compiler ABI info
[0.878s] -- Detecting C compiler ABI info - done
[0.904s] -- Check for working C compiler: /usr/bin/cc - skipped
[0.905s] -- Detecting C compile features
[0.906s] -- Detecting C compile features - done
[0.917s] -- Detecting CXX compiler ABI info
[1.249s] -- Detecting CXX compiler ABI info - done
[1.277s] -- Check for working CXX compiler: /usr/bin/c++ - skipped
[1.278s] -- Detecting CXX compile features
[1.280s] -- Detecting CXX compile features - done
[1.304s] -- Found ament_cmake: 1.3.4 (/opt/ros/humble/share/ament_cmake/cmake)
[2.114s] -- Found Python3: /usr/bin/python3.10 (found version "3.10.6") found components: Interpreter 
[2.633s] -- Found rclcpp: 16.0.4 (/opt/ros/humble/share/rclcpp/cmake)
[2.957s] -- Found rosidl_generator_c: 3.1.4 (/opt/ros/humble/share/rosidl_generator_c/cmake)
[2.999s] -- Found rosidl_adapter: 3.1.4 (/opt/ros/humble/share/rosidl_adapter/cmake)
[3.054s] -- Found rosidl_generator_cpp: 3.1.4 (/opt/ros/humble/share/rosidl_generator_cpp/cmake)
[3.130s] -- Using all available rosidl_typesupport_c: rosidl_typesupport_fastrtps_c;rosidl_typesupport_introspection_c
[3.240s] -- Using all available rosidl_typesupport_cpp: rosidl_typesupport_fastrtps_cpp;rosidl_typesupport_introspection_cpp
[3.612s] -- Found rmw_implementation_cmake: 6.1.1 (/opt/ros/humble/share/rmw_implementation_cmake/cmake)
[3.633s] -- Found rmw_fastrtps_cpp: 6.2.2 (/opt/ros/humble/share/rmw_fastrtps_cpp/cmake)
[4.198s] -- Found OpenSSL: /usr/lib/aarch64-linux-gnu/libcrypto.so (found version "3.0.2")  
[4.416s] -- Found FastRTPS: /opt/ros/humble/include  
[4.792s] -- Using RMW implementation 'rmw_fastrtps_cpp' as default
[4.864s] -- Looking for pthread.h
[5.177s] -- Looking for pthread.h - found
[5.179s] -- Performing Test CMAKE_HAVE_LIBC_PTHREAD
[5.499s] -- Performing Test CMAKE_HAVE_LIBC_PTHREAD - Success
[5.505s] -- Found Threads: TRUE  
[6.163s] -- Found sensor_msgs: 4.2.3 (/opt/ros/humble/share/sensor_msgs/cmake)
[6.931s] -- Configuring done
[6.985s] -- Generating done
[6.992s] -- Build files have been written to: /home/thxssio/Codes/RobotROS/build/imu
[7.027s] Invoked command in '/home/thxssio/Codes/RobotROS/build/imu' returned '0': CMAKE_PREFIX_PATH=${CMAKE_PREFIX_PATH}:/home/thxssio/Codes/RobotROS/install/imu_python:/opt/ros/humble /usr/bin/cmake /home/thxssio/Codes/RobotROS/src/imu -DCMAKE_INSTALL_PREFIX=/home/thxssio/Codes/RobotROS/install/imu
[7.035s] Invoking command in '/home/thxssio/Codes/RobotROS/build/imu': CMAKE_PREFIX_PATH=${CMAKE_PREFIX_PATH}:/home/thxssio/Codes/RobotROS/install/imu_python:/opt/ros/humble /usr/bin/cmake --build /home/thxssio/Codes/RobotROS/build/imu -- -j4 -l4
[7.230s] [ 33%] [32mBuilding CXX object CMakeFiles/imu.dir/src/mpu6050driver.cpp.o[0m
[7.232s] [ 66%] [32mBuilding CXX object CMakeFiles/imu.dir/src/mpu6050sensor.cpp.o[0m
[24.767s] [100%] [32m[1mLinking CXX executable imu[0m
[25.728s] [100%] Built target imu
[25.763s] Invoked command in '/home/thxssio/Codes/RobotROS/build/imu' returned '0': CMAKE_PREFIX_PATH=${CMAKE_PREFIX_PATH}:/home/thxssio/Codes/RobotROS/install/imu_python:/opt/ros/humble /usr/bin/cmake --build /home/thxssio/Codes/RobotROS/build/imu -- -j4 -l4
[25.943s] Invoking command in '/home/thxssio/Codes/RobotROS/build/imu': CMAKE_PREFIX_PATH=${CMAKE_PREFIX_PATH}:/home/thxssio/Codes/RobotROS/install/imu_python:/opt/ros/humble /usr/bin/cmake --install /home/thxssio/Codes/RobotROS/build/imu
[25.969s] -- Install configuration: ""
[25.970s] -- Installing: /home/thxssio/Codes/RobotROS/install/imu/lib/imu/imu
[25.980s] -- Set runtime path of "/home/thxssio/Codes/RobotROS/install/imu/lib/imu/imu" to ""
[25.981s] -- Installing: /home/thxssio/Codes/RobotROS/install/imu/share/imu//launch
[25.981s] -- Installing: /home/thxssio/Codes/RobotROS/install/imu/share/imu//launch/imu_launch.py
[25.982s] -- Installing: /home/thxssio/Codes/RobotROS/install/imu/share/imu//params
[25.982s] -- Installing: /home/thxssio/Codes/RobotROS/install/imu/share/imu//params/mpu6050.yaml
[25.984s] -- Installing: /home/thxssio/Codes/RobotROS/install/imu/share/ament_index/resource_index/package_run_dependencies/imu
[25.985s] -- Installing: /home/thxssio/Codes/RobotROS/install/imu/share/ament_index/resource_index/parent_prefix_path/imu
[25.987s] -- Installing: /home/thxssio/Codes/RobotROS/install/imu/share/imu/environment/ament_prefix_path.sh
[25.988s] -- Installing: /home/thxssio/Codes/RobotROS/install/imu/share/imu/environment/ament_prefix_path.dsv
[25.989s] -- Installing: /home/thxssio/Codes/RobotROS/install/imu/share/imu/environment/path.sh
[25.990s] -- Installing: /home/thxssio/Codes/RobotROS/install/imu/share/imu/environment/path.dsv
[25.990s] -- Installing: /home/thxssio/Codes/RobotROS/install/imu/share/imu/local_setup.bash
[25.991s] -- Installing: /home/thxssio/Codes/RobotROS/install/imu/share/imu/local_setup.sh
[25.992s] -- Installing: /home/thxssio/Codes/RobotROS/install/imu/share/imu/local_setup.zsh
[25.994s] -- Installing: /home/thxssio/Codes/RobotROS/install/imu/share/imu/local_setup.dsv
[25.995s] -- Installing: /home/thxssio/Codes/RobotROS/install/imu/share/imu/package.dsv
[25.996s] -- Installing: /home/thxssio/Codes/RobotROS/install/imu/share/ament_index/resource_index/packages/imu
[25.997s] -- Installing: /home/thxssio/Codes/RobotROS/install/imu/share/imu/cmake/imuConfig.cmake
[25.998s] -- Installing: /home/thxssio/Codes/RobotROS/install/imu/share/imu/cmake/imuConfig-version.cmake
[25.999s] -- Installing: /home/thxssio/Codes/RobotROS/install/imu/share/imu/package.xml
[26.006s] Invoked command in '/home/thxssio/Codes/RobotROS/build/imu' returned '0': CMAKE_PREFIX_PATH=${CMAKE_PREFIX_PATH}:/home/thxssio/Codes/RobotROS/install/imu_python:/opt/ros/humble /usr/bin/cmake --install /home/thxssio/Codes/RobotROS/build/imu
