[1.412s] DEBUG:colcon:Command line arguments: ['/usr/bin/colcon', 'build']
[1.413s] DEBUG:colcon:Parsed command line arguments: Namespace(log_base=None, log_level=None, verb_name='build', build_base='build', install_base='install', merge_install=False, symlink_install=False, test_result_base=None, continue_on_error=False, executor='parallel', parallel_workers=4, event_handlers=None, ignore_user_meta=False, metas=['./colcon.meta'], base_paths=['.'], packages_ignore=None, packages_ignore_regex=None, paths=None, packages_up_to=None, packages_up_to_regex=None, packages_above=None, packages_above_and_dependencies=None, packages_above_depth=None, packages_select_by_dep=None, packages_skip_by_dep=None, packages_skip_up_to=None, packages_select_build_failed=False, packages_skip_build_finished=False, packages_select_test_failures=False, packages_skip_test_passed=False, packages_select=None, packages_skip=None, packages_select_regex=None, packages_skip_regex=None, packages_start=None, packages_end=None, allow_overriding=[], cmake_args=None, cmake_target=None, cmake_target_skip_unavailable=False, cmake_clean_cache=False, cmake_clean_first=False, cmake_force_configure=False, ament_cmake_args=None, catkin_cmake_args=None, catkin_skip_building_tests=False, verb_parser=<colcon_defaults.argument_parser.defaults.DefaultArgumentsDecorator object at 0xffff901c0df0>, verb_extension=<colcon_core.verb.build.BuildVerb object at 0xffff909bae90>, main=<bound method BuildVerb.main of <colcon_core.verb.build.BuildVerb object at 0xffff909bae90>>)
[1.554s] Level 1:colcon.colcon_core.package_discovery:discover_packages(colcon_meta) check parameters
[1.555s] Level 1:colcon.colcon_core.package_discovery:discover_packages(recursive) check parameters
[1.555s] Level 1:colcon.colcon_core.package_discovery:discover_packages(ignore) check parameters
[1.555s] Level 1:colcon.colcon_core.package_discovery:discover_packages(path) check parameters
[1.555s] Level 1:colcon.colcon_core.package_discovery:discover_packages(colcon_meta) discover
[1.555s] Level 1:colcon.colcon_core.package_discovery:discover_packages(recursive) discover
[1.556s] INFO:colcon.colcon_core.package_discovery:Crawling recursively for packages in '/home/thxssio/Codes/RobotROS'
[1.556s] Level 1:colcon.colcon_core.package_identification:_identify(.) by extensions ['ignore', 'ignore_ament_install']
[1.556s] Level 1:colcon.colcon_core.package_identification:_identify(.) by extension 'ignore'
[1.557s] Level 1:colcon.colcon_core.package_identification:_identify(.) by extension 'ignore_ament_install'
[1.557s] Level 1:colcon.colcon_core.package_identification:_identify(.) by extensions ['colcon_pkg']
[1.557s] Level 1:colcon.colcon_core.package_identification:_identify(.) by extension 'colcon_pkg'
[1.557s] Level 1:colcon.colcon_core.package_identification:_identify(.) by extensions ['colcon_meta']
[1.557s] Level 1:colcon.colcon_core.package_identification:_identify(.) by extension 'colcon_meta'
[1.557s] Level 1:colcon.colcon_core.package_identification:_identify(.) by extensions ['ros']
[1.558s] Level 1:colcon.colcon_core.package_identification:_identify(.) by extension 'ros'
[1.603s] Level 1:colcon.colcon_core.package_identification:_identify(.) by extensions ['cmake', 'python']
[1.603s] Level 1:colcon.colcon_core.package_identification:_identify(.) by extension 'cmake'
[1.603s] Level 1:colcon.colcon_core.package_identification:_identify(.) by extension 'python'
[1.603s] Level 1:colcon.colcon_core.package_identification:_identify(.) by extensions ['python_setup_py']
[1.604s] Level 1:colcon.colcon_core.package_identification:_identify(.) by extension 'python_setup_py'
[1.604s] Level 1:colcon.colcon_core.package_identification:_identify(build) by extensions ['ignore', 'ignore_ament_install']
[1.604s] Level 1:colcon.colcon_core.package_identification:_identify(build) by extension 'ignore'
[1.605s] Level 1:colcon.colcon_core.package_identification:_identify(build) ignored
[1.605s] Level 1:colcon.colcon_core.package_identification:_identify(cpp) by extensions ['ignore', 'ignore_ament_install']
[1.605s] Level 1:colcon.colcon_core.package_identification:_identify(cpp) by extension 'ignore'
[1.606s] Level 1:colcon.colcon_core.package_identification:_identify(cpp) by extension 'ignore_ament_install'
[1.606s] Level 1:colcon.colcon_core.package_identification:_identify(cpp) by extensions ['colcon_pkg']
[1.606s] Level 1:colcon.colcon_core.package_identification:_identify(cpp) by extension 'colcon_pkg'
[1.606s] Level 1:colcon.colcon_core.package_identification:_identify(cpp) by extensions ['colcon_meta']
[1.606s] Level 1:colcon.colcon_core.package_identification:_identify(cpp) by extension 'colcon_meta'
[1.606s] Level 1:colcon.colcon_core.package_identification:_identify(cpp) by extensions ['ros']
[1.607s] Level 1:colcon.colcon_core.package_identification:_identify(cpp) by extension 'ros'
[1.607s] Level 1:colcon.colcon_core.package_identification:_identify(cpp) by extensions ['cmake', 'python']
[1.607s] Level 1:colcon.colcon_core.package_identification:_identify(cpp) by extension 'cmake'
[1.607s] Level 1:colcon.colcon_core.package_identification:_identify(cpp) by extension 'python'
[1.607s] Level 1:colcon.colcon_core.package_identification:_identify(cpp) by extensions ['python_setup_py']
[1.607s] Level 1:colcon.colcon_core.package_identification:_identify(cpp) by extension 'python_setup_py'
[1.608s] Level 1:colcon.colcon_core.package_identification:_identify(cpp/MPU_6050) by extensions ['ignore', 'ignore_ament_install']
[1.608s] Level 1:colcon.colcon_core.package_identification:_identify(cpp/MPU_6050) by extension 'ignore'
[1.608s] Level 1:colcon.colcon_core.package_identification:_identify(cpp/MPU_6050) by extension 'ignore_ament_install'
[1.609s] Level 1:colcon.colcon_core.package_identification:_identify(cpp/MPU_6050) by extensions ['colcon_pkg']
[1.609s] Level 1:colcon.colcon_core.package_identification:_identify(cpp/MPU_6050) by extension 'colcon_pkg'
[1.609s] Level 1:colcon.colcon_core.package_identification:_identify(cpp/MPU_6050) by extensions ['colcon_meta']
[1.609s] Level 1:colcon.colcon_core.package_identification:_identify(cpp/MPU_6050) by extension 'colcon_meta'
[1.609s] Level 1:colcon.colcon_core.package_identification:_identify(cpp/MPU_6050) by extensions ['ros']
[1.609s] Level 1:colcon.colcon_core.package_identification:_identify(cpp/MPU_6050) by extension 'ros'
[1.610s] Level 1:colcon.colcon_core.package_identification:_identify(cpp/MPU_6050) by extensions ['cmake', 'python']
[1.610s] Level 1:colcon.colcon_core.package_identification:_identify(cpp/MPU_6050) by extension 'cmake'
[1.610s] Level 1:colcon.colcon_core.package_identification:_identify(cpp/MPU_6050) by extension 'python'
[1.610s] Level 1:colcon.colcon_core.package_identification:_identify(cpp/MPU_6050) by extensions ['python_setup_py']
[1.610s] Level 1:colcon.colcon_core.package_identification:_identify(cpp/MPU_6050) by extension 'python_setup_py'
[1.611s] Level 1:colcon.colcon_core.package_identification:_identify(cpp/WiringPi) by extensions ['ignore', 'ignore_ament_install']
[1.611s] Level 1:colcon.colcon_core.package_identification:_identify(cpp/WiringPi) by extension 'ignore'
[1.611s] Level 1:colcon.colcon_core.package_identification:_identify(cpp/WiringPi) by extension 'ignore_ament_install'
[1.611s] Level 1:colcon.colcon_core.package_identification:_identify(cpp/WiringPi) by extensions ['colcon_pkg']
[1.611s] Level 1:colcon.colcon_core.package_identification:_identify(cpp/WiringPi) by extension 'colcon_pkg'
[1.612s] Level 1:colcon.colcon_core.package_identification:_identify(cpp/WiringPi) by extensions ['colcon_meta']
[1.612s] Level 1:colcon.colcon_core.package_identification:_identify(cpp/WiringPi) by extension 'colcon_meta'
[1.612s] Level 1:colcon.colcon_core.package_identification:_identify(cpp/WiringPi) by extensions ['ros']
[1.612s] Level 1:colcon.colcon_core.package_identification:_identify(cpp/WiringPi) by extension 'ros'
[1.612s] Level 1:colcon.colcon_core.package_identification:_identify(cpp/WiringPi) by extensions ['cmake', 'python']
[1.613s] Level 1:colcon.colcon_core.package_identification:_identify(cpp/WiringPi) by extension 'cmake'
[1.613s] Level 1:colcon.colcon_core.package_identification:_identify(cpp/WiringPi) by extension 'python'
[1.613s] Level 1:colcon.colcon_core.package_identification:_identify(cpp/WiringPi) by extensions ['python_setup_py']
[1.613s] Level 1:colcon.colcon_core.package_identification:_identify(cpp/WiringPi) by extension 'python_setup_py'
[1.613s] Level 1:colcon.colcon_core.package_identification:_identify(install) by extensions ['ignore', 'ignore_ament_install']
[1.614s] Level 1:colcon.colcon_core.package_identification:_identify(install) by extension 'ignore'
[1.614s] Level 1:colcon.colcon_core.package_identification:_identify(install) ignored
[1.614s] Level 1:colcon.colcon_core.package_identification:_identify(log) by extensions ['ignore', 'ignore_ament_install']
[1.614s] Level 1:colcon.colcon_core.package_identification:_identify(log) by extension 'ignore'
[1.615s] Level 1:colcon.colcon_core.package_identification:_identify(log) ignored
[1.615s] Level 1:colcon.colcon_core.package_identification:_identify(python) by extensions ['ignore', 'ignore_ament_install']
[1.615s] Level 1:colcon.colcon_core.package_identification:_identify(python) by extension 'ignore'
[1.615s] Level 1:colcon.colcon_core.package_identification:_identify(python) by extension 'ignore_ament_install'
[1.616s] Level 1:colcon.colcon_core.package_identification:_identify(python) by extensions ['colcon_pkg']
[1.616s] Level 1:colcon.colcon_core.package_identification:_identify(python) by extension 'colcon_pkg'
[1.616s] Level 1:colcon.colcon_core.package_identification:_identify(python) by extensions ['colcon_meta']
[1.616s] Level 1:colcon.colcon_core.package_identification:_identify(python) by extension 'colcon_meta'
[1.616s] Level 1:colcon.colcon_core.package_identification:_identify(python) by extensions ['ros']
[1.616s] Level 1:colcon.colcon_core.package_identification:_identify(python) by extension 'ros'
[1.617s] Level 1:colcon.colcon_core.package_identification:_identify(python) by extensions ['cmake', 'python']
[1.617s] Level 1:colcon.colcon_core.package_identification:_identify(python) by extension 'cmake'
[1.617s] Level 1:colcon.colcon_core.package_identification:_identify(python) by extension 'python'
[1.617s] Level 1:colcon.colcon_core.package_identification:_identify(python) by extensions ['python_setup_py']
[1.617s] Level 1:colcon.colcon_core.package_identification:_identify(python) by extension 'python_setup_py'
[1.618s] Level 1:colcon.colcon_core.package_identification:_identify(python/MPU3DAnality) by extensions ['ignore', 'ignore_ament_install']
[1.618s] Level 1:colcon.colcon_core.package_identification:_identify(python/MPU3DAnality) by extension 'ignore'
[1.618s] Level 1:colcon.colcon_core.package_identification:_identify(python/MPU3DAnality) by extension 'ignore_ament_install'
[1.618s] Level 1:colcon.colcon_core.package_identification:_identify(python/MPU3DAnality) by extensions ['colcon_pkg']
[1.619s] Level 1:colcon.colcon_core.package_identification:_identify(python/MPU3DAnality) by extension 'colcon_pkg'
[1.619s] Level 1:colcon.colcon_core.package_identification:_identify(python/MPU3DAnality) by extensions ['colcon_meta']
[1.619s] Level 1:colcon.colcon_core.package_identification:_identify(python/MPU3DAnality) by extension 'colcon_meta'
[1.619s] Level 1:colcon.colcon_core.package_identification:_identify(python/MPU3DAnality) by extensions ['ros']
[1.619s] Level 1:colcon.colcon_core.package_identification:_identify(python/MPU3DAnality) by extension 'ros'
[1.619s] Level 1:colcon.colcon_core.package_identification:_identify(python/MPU3DAnality) by extensions ['cmake', 'python']
[1.620s] Level 1:colcon.colcon_core.package_identification:_identify(python/MPU3DAnality) by extension 'cmake'
[1.620s] Level 1:colcon.colcon_core.package_identification:_identify(python/MPU3DAnality) by extension 'python'
[1.620s] Level 1:colcon.colcon_core.package_identification:_identify(python/MPU3DAnality) by extensions ['python_setup_py']
[1.620s] Level 1:colcon.colcon_core.package_identification:_identify(python/MPU3DAnality) by extension 'python_setup_py'
[1.621s] Level 1:colcon.colcon_core.package_identification:_identify(python/MPU3DAnality/__pycache__) by extensions ['ignore', 'ignore_ament_install']
[1.621s] Level 1:colcon.colcon_core.package_identification:_identify(python/MPU3DAnality/__pycache__) by extension 'ignore'
[1.621s] Level 1:colcon.colcon_core.package_identification:_identify(python/MPU3DAnality/__pycache__) by extension 'ignore_ament_install'
[1.621s] Level 1:colcon.colcon_core.package_identification:_identify(python/MPU3DAnality/__pycache__) by extensions ['colcon_pkg']
[1.621s] Level 1:colcon.colcon_core.package_identification:_identify(python/MPU3DAnality/__pycache__) by extension 'colcon_pkg'
[1.622s] Level 1:colcon.colcon_core.package_identification:_identify(python/MPU3DAnality/__pycache__) by extensions ['colcon_meta']
[1.622s] Level 1:colcon.colcon_core.package_identification:_identify(python/MPU3DAnality/__pycache__) by extension 'colcon_meta'
[1.622s] Level 1:colcon.colcon_core.package_identification:_identify(python/MPU3DAnality/__pycache__) by extensions ['ros']
[1.622s] Level 1:colcon.colcon_core.package_identification:_identify(python/MPU3DAnality/__pycache__) by extension 'ros'
[1.622s] Level 1:colcon.colcon_core.package_identification:_identify(python/MPU3DAnality/__pycache__) by extensions ['cmake', 'python']
[1.623s] Level 1:colcon.colcon_core.package_identification:_identify(python/MPU3DAnality/__pycache__) by extension 'cmake'
[1.623s] Level 1:colcon.colcon_core.package_identification:_identify(python/MPU3DAnality/__pycache__) by extension 'python'
[1.623s] Level 1:colcon.colcon_core.package_identification:_identify(python/MPU3DAnality/__pycache__) by extensions ['python_setup_py']
[1.623s] Level 1:colcon.colcon_core.package_identification:_identify(python/MPU3DAnality/__pycache__) by extension 'python_setup_py'
[1.623s] Level 1:colcon.colcon_core.package_identification:_identify(python/MPU_6050) by extensions ['ignore', 'ignore_ament_install']
[1.624s] Level 1:colcon.colcon_core.package_identification:_identify(python/MPU_6050) by extension 'ignore'
[1.624s] Level 1:colcon.colcon_core.package_identification:_identify(python/MPU_6050) by extension 'ignore_ament_install'
[1.624s] Level 1:colcon.colcon_core.package_identification:_identify(python/MPU_6050) by extensions ['colcon_pkg']
[1.624s] Level 1:colcon.colcon_core.package_identification:_identify(python/MPU_6050) by extension 'colcon_pkg'
[1.624s] Level 1:colcon.colcon_core.package_identification:_identify(python/MPU_6050) by extensions ['colcon_meta']
[1.625s] Level 1:colcon.colcon_core.package_identification:_identify(python/MPU_6050) by extension 'colcon_meta'
[1.625s] Level 1:colcon.colcon_core.package_identification:_identify(python/MPU_6050) by extensions ['ros']
[1.625s] Level 1:colcon.colcon_core.package_identification:_identify(python/MPU_6050) by extension 'ros'
[1.625s] Level 1:colcon.colcon_core.package_identification:_identify(python/MPU_6050) by extensions ['cmake', 'python']
[1.625s] Level 1:colcon.colcon_core.package_identification:_identify(python/MPU_6050) by extension 'cmake'
[1.625s] Level 1:colcon.colcon_core.package_identification:_identify(python/MPU_6050) by extension 'python'
[1.626s] Level 1:colcon.colcon_core.package_identification:_identify(python/MPU_6050) by extensions ['python_setup_py']
[1.626s] Level 1:colcon.colcon_core.package_identification:_identify(python/MPU_6050) by extension 'python_setup_py'
[1.626s] Level 1:colcon.colcon_core.package_identification:_identify(python/MPU_6050/__pycache__) by extensions ['ignore', 'ignore_ament_install']
[1.626s] Level 1:colcon.colcon_core.package_identification:_identify(python/MPU_6050/__pycache__) by extension 'ignore'
[1.627s] Level 1:colcon.colcon_core.package_identification:_identify(python/MPU_6050/__pycache__) by extension 'ignore_ament_install'
[1.627s] Level 1:colcon.colcon_core.package_identification:_identify(python/MPU_6050/__pycache__) by extensions ['colcon_pkg']
[1.627s] Level 1:colcon.colcon_core.package_identification:_identify(python/MPU_6050/__pycache__) by extension 'colcon_pkg'
[1.627s] Level 1:colcon.colcon_core.package_identification:_identify(python/MPU_6050/__pycache__) by extensions ['colcon_meta']
[1.627s] Level 1:colcon.colcon_core.package_identification:_identify(python/MPU_6050/__pycache__) by extension 'colcon_meta'
[1.627s] Level 1:colcon.colcon_core.package_identification:_identify(python/MPU_6050/__pycache__) by extensions ['ros']
[1.628s] Level 1:colcon.colcon_core.package_identification:_identify(python/MPU_6050/__pycache__) by extension 'ros'
[1.628s] Level 1:colcon.colcon_core.package_identification:_identify(python/MPU_6050/__pycache__) by extensions ['cmake', 'python']
[1.628s] Level 1:colcon.colcon_core.package_identification:_identify(python/MPU_6050/__pycache__) by extension 'cmake'
[1.628s] Level 1:colcon.colcon_core.package_identification:_identify(python/MPU_6050/__pycache__) by extension 'python'
[1.628s] Level 1:colcon.colcon_core.package_identification:_identify(python/MPU_6050/__pycache__) by extensions ['python_setup_py']
[1.629s] Level 1:colcon.colcon_core.package_identification:_identify(python/MPU_6050/__pycache__) by extension 'python_setup_py'
[1.629s] Level 1:colcon.colcon_core.package_identification:_identify(src) by extensions ['ignore', 'ignore_ament_install']
[1.629s] Level 1:colcon.colcon_core.package_identification:_identify(src) by extension 'ignore'
[1.629s] Level 1:colcon.colcon_core.package_identification:_identify(src) by extension 'ignore_ament_install'
[1.630s] Level 1:colcon.colcon_core.package_identification:_identify(src) by extensions ['colcon_pkg']
[1.630s] Level 1:colcon.colcon_core.package_identification:_identify(src) by extension 'colcon_pkg'
[1.630s] Level 1:colcon.colcon_core.package_identification:_identify(src) by extensions ['colcon_meta']
[1.630s] Level 1:colcon.colcon_core.package_identification:_identify(src) by extension 'colcon_meta'
[1.630s] Level 1:colcon.colcon_core.package_identification:_identify(src) by extensions ['ros']
[1.630s] Level 1:colcon.colcon_core.package_identification:_identify(src) by extension 'ros'
[1.631s] Level 1:colcon.colcon_core.package_identification:_identify(src) by extensions ['cmake', 'python']
[1.631s] Level 1:colcon.colcon_core.package_identification:_identify(src) by extension 'cmake'
[1.631s] Level 1:colcon.colcon_core.package_identification:_identify(src) by extension 'python'
[1.631s] Level 1:colcon.colcon_core.package_identification:_identify(src) by extensions ['python_setup_py']
[1.631s] Level 1:colcon.colcon_core.package_identification:_identify(src) by extension 'python_setup_py'
[1.631s] Level 1:colcon.colcon_core.package_identification:_identify(src/ros_tutorials) by extensions ['ignore', 'ignore_ament_install']
[1.632s] Level 1:colcon.colcon_core.package_identification:_identify(src/ros_tutorials) by extension 'ignore'
[1.632s] Level 1:colcon.colcon_core.package_identification:_identify(src/ros_tutorials) by extension 'ignore_ament_install'
[1.632s] Level 1:colcon.colcon_core.package_identification:_identify(src/ros_tutorials) by extensions ['colcon_pkg']
[1.632s] Level 1:colcon.colcon_core.package_identification:_identify(src/ros_tutorials) by extension 'colcon_pkg'
[1.633s] Level 1:colcon.colcon_core.package_identification:_identify(src/ros_tutorials) by extensions ['colcon_meta']
[1.633s] Level 1:colcon.colcon_core.package_identification:_identify(src/ros_tutorials) by extension 'colcon_meta'
[1.633s] Level 1:colcon.colcon_core.package_identification:_identify(src/ros_tutorials) by extensions ['ros']
[1.633s] Level 1:colcon.colcon_core.package_identification:_identify(src/ros_tutorials) by extension 'ros'
[1.633s] Level 1:colcon.colcon_core.package_identification:_identify(src/ros_tutorials) by extensions ['cmake', 'python']
[1.633s] Level 1:colcon.colcon_core.package_identification:_identify(src/ros_tutorials) by extension 'cmake'
[1.634s] Level 1:colcon.colcon_core.package_identification:_identify(src/ros_tutorials) by extension 'python'
[1.634s] Level 1:colcon.colcon_core.package_identification:_identify(src/ros_tutorials) by extensions ['python_setup_py']
[1.634s] Level 1:colcon.colcon_core.package_identification:_identify(src/ros_tutorials) by extension 'python_setup_py'
[1.634s] Level 1:colcon.colcon_core.package_identification:_identify(src/ros_tutorials/ros_tutorials) by extensions ['ignore', 'ignore_ament_install']
[1.635s] Level 1:colcon.colcon_core.package_identification:_identify(src/ros_tutorials/ros_tutorials) by extension 'ignore'
[1.635s] Level 1:colcon.colcon_core.package_identification:_identify(src/ros_tutorials/ros_tutorials) ignored
[1.636s] Level 1:colcon.colcon_core.package_identification:_identify(src/ros_tutorials/roscpp_tutorials) by extensions ['ignore', 'ignore_ament_install']
[1.636s] Level 1:colcon.colcon_core.package_identification:_identify(src/ros_tutorials/roscpp_tutorials) by extension 'ignore'
[1.636s] Level 1:colcon.colcon_core.package_identification:_identify(src/ros_tutorials/roscpp_tutorials) ignored
[1.637s] Level 1:colcon.colcon_core.package_identification:_identify(src/ros_tutorials/rospy_tutorials) by extensions ['ignore', 'ignore_ament_install']
[1.637s] Level 1:colcon.colcon_core.package_identification:_identify(src/ros_tutorials/rospy_tutorials) by extension 'ignore'
[1.637s] Level 1:colcon.colcon_core.package_identification:_identify(src/ros_tutorials/rospy_tutorials) ignored
[1.637s] Level 1:colcon.colcon_core.package_identification:_identify(src/ros_tutorials/turtlesim) by extensions ['ignore', 'ignore_ament_install']
[1.638s] Level 1:colcon.colcon_core.package_identification:_identify(src/ros_tutorials/turtlesim) by extension 'ignore'
[1.638s] Level 1:colcon.colcon_core.package_identification:_identify(src/ros_tutorials/turtlesim) by extension 'ignore_ament_install'
[1.638s] Level 1:colcon.colcon_core.package_identification:_identify(src/ros_tutorials/turtlesim) by extensions ['colcon_pkg']
[1.638s] Level 1:colcon.colcon_core.package_identification:_identify(src/ros_tutorials/turtlesim) by extension 'colcon_pkg'
[1.638s] Level 1:colcon.colcon_core.package_identification:_identify(src/ros_tutorials/turtlesim) by extensions ['colcon_meta']
[1.638s] Level 1:colcon.colcon_core.package_identification:_identify(src/ros_tutorials/turtlesim) by extension 'colcon_meta'
[1.639s] Level 1:colcon.colcon_core.package_identification:_identify(src/ros_tutorials/turtlesim) by extensions ['ros']
[1.639s] Level 1:colcon.colcon_core.package_identification:_identify(src/ros_tutorials/turtlesim) by extension 'ros'
[1.662s] DEBUG:colcon.colcon_core.package_identification:Package 'src/ros_tutorials/turtlesim' with type 'ros.ament_cmake' and name 'turtlesim'
[1.662s] Level 1:colcon.colcon_core.package_discovery:discover_packages(recursive) using defaults
[1.662s] Level 1:colcon.colcon_core.package_discovery:discover_packages(ignore) discover
[1.662s] Level 1:colcon.colcon_core.package_discovery:discover_packages(ignore) using defaults
[1.662s] Level 1:colcon.colcon_core.package_discovery:discover_packages(path) discover
[1.662s] Level 1:colcon.colcon_core.package_discovery:discover_packages(path) using defaults
[1.774s] Level 1:colcon.colcon_core.package_discovery:discover_packages(prefix_path) check parameters
[1.774s] Level 1:colcon.colcon_core.package_discovery:discover_packages(prefix_path) discover
[1.792s] DEBUG:colcon.colcon_installed_package_information.package_discovery:Found 284 installed packages in /opt/ros/humble
[1.798s] Level 1:colcon.colcon_core.package_discovery:discover_packages(prefix_path) using defaults
[2.057s] WARNING:colcon.colcon_core.package_selection:Some selected packages are already built in one or more underlay workspaces:
	'turtlesim' is in: /opt/ros/humble
If a package in a merged underlay workspace is overridden and it installs headers, then all packages in the overlay must sort their include directories by workspace order. Failure to do so may result in build failures or undefined behavior at run time.
If the overridden package is used by another package in any underlay, then the overriding package in the overlay must be API and ABI compatible or undefined behavior at run time may occur.

If you understand the risks and want to override a package anyways, add the following to the command line:
	--allow-overriding turtlesim

This may be promoted to an error in a future release of colcon-override-check.
[2.063s] Level 5:colcon.colcon_core.verb:set package 'turtlesim' build argument 'cmake_args' from command line to 'None'
[2.063s] Level 5:colcon.colcon_core.verb:set package 'turtlesim' build argument 'cmake_target' from command line to 'None'
[2.063s] Level 5:colcon.colcon_core.verb:set package 'turtlesim' build argument 'cmake_target_skip_unavailable' from command line to 'False'
[2.063s] Level 5:colcon.colcon_core.verb:set package 'turtlesim' build argument 'cmake_clean_cache' from command line to 'False'
[2.063s] Level 5:colcon.colcon_core.verb:set package 'turtlesim' build argument 'cmake_clean_first' from command line to 'False'
[2.063s] Level 5:colcon.colcon_core.verb:set package 'turtlesim' build argument 'cmake_force_configure' from command line to 'False'
[2.063s] Level 5:colcon.colcon_core.verb:set package 'turtlesim' build argument 'ament_cmake_args' from command line to 'None'
[2.063s] Level 5:colcon.colcon_core.verb:set package 'turtlesim' build argument 'catkin_cmake_args' from command line to 'None'
[2.063s] Level 5:colcon.colcon_core.verb:set package 'turtlesim' build argument 'catkin_skip_building_tests' from command line to 'False'
[2.064s] DEBUG:colcon.colcon_core.verb:Building package 'turtlesim' with the following arguments: {'ament_cmake_args': None, 'build_base': '/home/thxssio/Codes/RobotROS/build/turtlesim', 'catkin_cmake_args': None, 'catkin_skip_building_tests': False, 'cmake_args': None, 'cmake_clean_cache': False, 'cmake_clean_first': False, 'cmake_force_configure': False, 'cmake_target': None, 'cmake_target_skip_unavailable': False, 'install_base': '/home/thxssio/Codes/RobotROS/install/turtlesim', 'merge_install': False, 'path': '/home/thxssio/Codes/RobotROS/src/ros_tutorials/turtlesim', 'symlink_install': False, 'test_result_base': None}
[2.066s] INFO:colcon.colcon_core.executor:Executing jobs using 'parallel' executor
[2.078s] DEBUG:colcon.colcon_parallel_executor.executor.parallel:run_until_complete
[2.079s] INFO:colcon.colcon_ros.task.ament_cmake.build:Building ROS package in '/home/thxssio/Codes/RobotROS/src/ros_tutorials/turtlesim' with build type 'ament_cmake'
[2.080s] INFO:colcon.colcon_cmake.task.cmake.build:Building CMake package in '/home/thxssio/Codes/RobotROS/src/ros_tutorials/turtlesim'
[2.097s] INFO:colcon.colcon_core.plugin_system:Skipping extension 'colcon_core.shell.bat': Not used on non-Windows systems
[2.098s] INFO:colcon.colcon_core.shell:Skip shell extension 'powershell' for command environment: Not usable outside of PowerShell
[2.098s] DEBUG:colcon.colcon_core.shell:Skip shell extension 'dsv' for command environment
[2.135s] DEBUG:colcon.colcon_core.event_handler.log_command:Invoking command in '/home/thxssio/Codes/RobotROS/build/turtlesim': CMAKE_PREFIX_PATH=/opt/ros/humble /usr/bin/cmake /home/thxssio/Codes/RobotROS/src/ros_tutorials/turtlesim -DCMAKE_INSTALL_PREFIX=/home/thxssio/Codes/RobotROS/install/turtlesim
[14.859s] DEBUG:colcon.colcon_core.event_handler.log_command:Invoked command in '/home/thxssio/Codes/RobotROS/build/turtlesim' returned '0': CMAKE_PREFIX_PATH=/opt/ros/humble /usr/bin/cmake /home/thxssio/Codes/RobotROS/src/ros_tutorials/turtlesim -DCMAKE_INSTALL_PREFIX=/home/thxssio/Codes/RobotROS/install/turtlesim
[14.861s] DEBUG:colcon.colcon_core.event_handler.log_command:Invoking command in '/home/thxssio/Codes/RobotROS/build/turtlesim': CMAKE_PREFIX_PATH=/opt/ros/humble /usr/bin/cmake --build /home/thxssio/Codes/RobotROS/build/turtlesim -- -j4 -l4
[162.826s] DEBUG:colcon.colcon_core.event_handler.log_command:Invoked command in '/home/thxssio/Codes/RobotROS/build/turtlesim' returned '0': CMAKE_PREFIX_PATH=/opt/ros/humble /usr/bin/cmake --build /home/thxssio/Codes/RobotROS/build/turtlesim -- -j4 -l4
[164.175s] DEBUG:colcon.colcon_core.event_handler.log_command:Invoking command in '/home/thxssio/Codes/RobotROS/build/turtlesim': CMAKE_PREFIX_PATH=/opt/ros/humble /usr/bin/cmake --install /home/thxssio/Codes/RobotROS/build/turtlesim
[165.104s] Level 1:colcon.colcon_core.environment:create_environment_scripts_only(turtlesim)
[165.108s] DEBUG:colcon.colcon_core.event_handler.log_command:Invoked command in '/home/thxssio/Codes/RobotROS/build/turtlesim' returned '0': CMAKE_PREFIX_PATH=/opt/ros/humble /usr/bin/cmake --install /home/thxssio/Codes/RobotROS/build/turtlesim
[165.137s] Level 1:colcon.colcon_core.environment:checking '/home/thxssio/Codes/RobotROS/install/turtlesim' for CMake module files
[165.142s] Level 1:colcon.colcon_core.environment:checking '/home/thxssio/Codes/RobotROS/install/turtlesim' for CMake config files
[165.151s] Level 1:colcon.colcon_core.shell:create_environment_hook('turtlesim', 'cmake_prefix_path')
[165.156s] INFO:colcon.colcon_core.shell:Creating environment hook '/home/thxssio/Codes/RobotROS/install/turtlesim/share/turtlesim/hook/cmake_prefix_path.ps1'
[165.162s] INFO:colcon.colcon_core.shell:Creating environment descriptor '/home/thxssio/Codes/RobotROS/install/turtlesim/share/turtlesim/hook/cmake_prefix_path.dsv'
[165.165s] INFO:colcon.colcon_core.shell:Creating environment hook '/home/thxssio/Codes/RobotROS/install/turtlesim/share/turtlesim/hook/cmake_prefix_path.sh'
[165.169s] Level 1:colcon.colcon_core.environment:checking '/home/thxssio/Codes/RobotROS/install/turtlesim/lib'
[165.170s] Level 1:colcon.colcon_core.shell:create_environment_hook('turtlesim', 'ld_library_path_lib')
[165.176s] INFO:colcon.colcon_core.shell:Creating environment hook '/home/thxssio/Codes/RobotROS/install/turtlesim/share/turtlesim/hook/ld_library_path_lib.ps1'
[165.177s] INFO:colcon.colcon_core.shell:Creating environment descriptor '/home/thxssio/Codes/RobotROS/install/turtlesim/share/turtlesim/hook/ld_library_path_lib.dsv'
[165.179s] INFO:colcon.colcon_core.shell:Creating environment hook '/home/thxssio/Codes/RobotROS/install/turtlesim/share/turtlesim/hook/ld_library_path_lib.sh'
[165.180s] Level 1:colcon.colcon_core.environment:checking '/home/thxssio/Codes/RobotROS/install/turtlesim/bin'
[165.180s] Level 1:colcon.colcon_core.environment:checking '/home/thxssio/Codes/RobotROS/install/turtlesim/lib/pkgconfig/turtlesim.pc'
[165.181s] Level 1:colcon.colcon_core.environment:checking '/home/thxssio/Codes/RobotROS/install/turtlesim/lib/python3.10/site-packages'
[165.182s] Level 1:colcon.colcon_core.environment:checking '/home/thxssio/Codes/RobotROS/install/turtlesim/bin'
[165.188s] INFO:colcon.colcon_core.shell:Creating package script '/home/thxssio/Codes/RobotROS/install/turtlesim/share/turtlesim/package.ps1'
[165.194s] INFO:colcon.colcon_core.shell:Creating package descriptor '/home/thxssio/Codes/RobotROS/install/turtlesim/share/turtlesim/package.dsv'
[165.197s] INFO:colcon.colcon_core.shell:Creating package script '/home/thxssio/Codes/RobotROS/install/turtlesim/share/turtlesim/package.sh'
[165.201s] INFO:colcon.colcon_core.shell:Creating package script '/home/thxssio/Codes/RobotROS/install/turtlesim/share/turtlesim/package.bash'
[165.205s] INFO:colcon.colcon_core.shell:Creating package script '/home/thxssio/Codes/RobotROS/install/turtlesim/share/turtlesim/package.zsh'
[165.209s] Level 1:colcon.colcon_core.environment:create_file_with_runtime_dependencies(/home/thxssio/Codes/RobotROS/install/turtlesim/share/colcon-core/packages/turtlesim)
[166.535s] Level 1:colcon.colcon_core.environment:create_environment_scripts_only(turtlesim)
[166.545s] Level 1:colcon.colcon_core.environment:checking '/home/thxssio/Codes/RobotROS/install/turtlesim' for CMake module files
[166.549s] Level 1:colcon.colcon_core.environment:checking '/home/thxssio/Codes/RobotROS/install/turtlesim' for CMake config files
[166.557s] Level 1:colcon.colcon_core.shell:create_environment_hook('turtlesim', 'cmake_prefix_path')
[166.562s] INFO:colcon.colcon_core.shell:Creating environment hook '/home/thxssio/Codes/RobotROS/install/turtlesim/share/turtlesim/hook/cmake_prefix_path.ps1'
[166.564s] INFO:colcon.colcon_core.shell:Creating environment descriptor '/home/thxssio/Codes/RobotROS/install/turtlesim/share/turtlesim/hook/cmake_prefix_path.dsv'
[166.565s] INFO:colcon.colcon_core.shell:Creating environment hook '/home/thxssio/Codes/RobotROS/install/turtlesim/share/turtlesim/hook/cmake_prefix_path.sh'
[166.568s] Level 1:colcon.colcon_core.environment:checking '/home/thxssio/Codes/RobotROS/install/turtlesim/lib'
[166.568s] Level 1:colcon.colcon_core.shell:create_environment_hook('turtlesim', 'ld_library_path_lib')
[166.573s] INFO:colcon.colcon_core.shell:Creating environment hook '/home/thxssio/Codes/RobotROS/install/turtlesim/share/turtlesim/hook/ld_library_path_lib.ps1'
[166.575s] INFO:colcon.colcon_core.shell:Creating environment descriptor '/home/thxssio/Codes/RobotROS/install/turtlesim/share/turtlesim/hook/ld_library_path_lib.dsv'
[166.576s] INFO:colcon.colcon_core.shell:Creating environment hook '/home/thxssio/Codes/RobotROS/install/turtlesim/share/turtlesim/hook/ld_library_path_lib.sh'
[166.578s] Level 1:colcon.colcon_core.environment:checking '/home/thxssio/Codes/RobotROS/install/turtlesim/bin'
[166.578s] Level 1:colcon.colcon_core.environment:checking '/home/thxssio/Codes/RobotROS/install/turtlesim/lib/pkgconfig/turtlesim.pc'
[166.579s] Level 1:colcon.colcon_core.environment:checking '/home/thxssio/Codes/RobotROS/install/turtlesim/lib/python3.10/site-packages'
[166.580s] Level 1:colcon.colcon_core.environment:checking '/home/thxssio/Codes/RobotROS/install/turtlesim/bin'
[166.585s] INFO:colcon.colcon_core.shell:Creating package script '/home/thxssio/Codes/RobotROS/install/turtlesim/share/turtlesim/package.ps1'
[166.587s] INFO:colcon.colcon_core.shell:Creating package descriptor '/home/thxssio/Codes/RobotROS/install/turtlesim/share/turtlesim/package.dsv'
[166.589s] INFO:colcon.colcon_core.shell:Creating package script '/home/thxssio/Codes/RobotROS/install/turtlesim/share/turtlesim/package.sh'
[166.591s] INFO:colcon.colcon_core.shell:Creating package script '/home/thxssio/Codes/RobotROS/install/turtlesim/share/turtlesim/package.bash'
[166.593s] INFO:colcon.colcon_core.shell:Creating package script '/home/thxssio/Codes/RobotROS/install/turtlesim/share/turtlesim/package.zsh'
[166.595s] Level 1:colcon.colcon_core.environment:create_file_with_runtime_dependencies(/home/thxssio/Codes/RobotROS/install/turtlesim/share/colcon-core/packages/turtlesim)
[166.596s] DEBUG:colcon.colcon_parallel_executor.executor.parallel:closing loop
[166.597s] DEBUG:colcon.colcon_parallel_executor.executor.parallel:loop closed
[166.597s] DEBUG:colcon.colcon_parallel_executor.executor.parallel:run_until_complete finished with '0'
[166.598s] DEBUG:colcon.colcon_core.event_reactor:joining thread
[166.622s] INFO:colcon.colcon_core.plugin_system:Skipping extension 'colcon_notification.desktop_notification.notify_send': Could not find 'notify-send'
[166.622s] INFO:colcon.colcon_core.plugin_system:Skipping extension 'colcon_notification.desktop_notification.terminal_notifier': Not used on non-Darwin systems
[166.623s] INFO:colcon.colcon_core.plugin_system:Skipping extension 'colcon_notification.desktop_notification.win32': Not used on non-Windows systems
[166.623s] INFO:colcon.colcon_notification.desktop_notification:Sending desktop notification using 'notify2'
[166.626s] DEBUG:colcon.colcon_notification.desktop_notification.notify2:Failed to initialize notify2: org.freedesktop.DBus.Error.ServiceUnknown: The name org.freedesktop.Notifications was not provided by any .service files
[166.627s] DEBUG:colcon.colcon_core.event_reactor:joined thread
[166.632s] INFO:colcon.colcon_core.shell:Creating prefix script '/home/thxssio/Codes/RobotROS/install/local_setup.ps1'
[166.639s] INFO:colcon.colcon_core.shell:Creating prefix util module '/home/thxssio/Codes/RobotROS/install/_local_setup_util_ps1.py'
[166.649s] INFO:colcon.colcon_core.shell:Creating prefix chain script '/home/thxssio/Codes/RobotROS/install/setup.ps1'
[166.656s] INFO:colcon.colcon_core.shell:Creating prefix script '/home/thxssio/Codes/RobotROS/install/local_setup.sh'
[166.659s] INFO:colcon.colcon_core.shell:Creating prefix util module '/home/thxssio/Codes/RobotROS/install/_local_setup_util_sh.py'
[166.661s] INFO:colcon.colcon_core.shell:Creating prefix chain script '/home/thxssio/Codes/RobotROS/install/setup.sh'
[166.669s] INFO:colcon.colcon_core.shell:Creating prefix script '/home/thxssio/Codes/RobotROS/install/local_setup.bash'
[166.672s] INFO:colcon.colcon_core.shell:Creating prefix chain script '/home/thxssio/Codes/RobotROS/install/setup.bash'
[166.678s] INFO:colcon.colcon_core.shell:Creating prefix script '/home/thxssio/Codes/RobotROS/install/local_setup.zsh'
[166.681s] INFO:colcon.colcon_core.shell:Creating prefix chain script '/home/thxssio/Codes/RobotROS/install/setup.zsh'
